T422C 000:000.614   SEGGER J-Link V7.86b Log File
T422C 000:000.760   DLL Compiled: Mar  1 2023 16:53:12
T422C 000:000.771   Logging started @ 2023-06-18 11:54
T422C 000:000.779 - 0.783ms
T422C 000:000.792 JLINK_GetDLLVersion()
T422C 000:000.800 - 0.011ms returns 78602
T422C 000:006.179 JLINK_OpenEx(...)
T422C 000:052.669   Firmware: J-Link OB-S124 compiled Feb 23 2023 15:12:56
T422C 000:053.187   Firmware: J-Link OB-S124 compiled Feb 23 2023 15:12:56
T422C 000:079.063   Hardware: V1.00
T422C 000:079.089   S/N: 831532274
T422C 000:079.100   OEM: SEGGER
T422C 000:079.111   Feature(s): None
T422C 000:080.691   TELNET listener socket opened on port 19021
T422C 000:080.870   WEBSRV WEBSRV_Init(): Starting webserver thread(s)
T422C 000:081.012   WEBSRV Webserver running on local port 19080
T422C 000:103.871 - 97.717ms returns "O.K."
T422C 000:103.979 JLINK_ExecCommand("ProjectFile=E:\e2s_workspace\ra6m5_app/ra6m5_app Debug_Flat.jlink", ...). 
T422C 000:120.871 - 16.909ms returns 0x00
T422C 000:121.381 JLINK_ExecCommand("device=R7FA6M5BH", ...). 
T422C 000:121.947   Flash bank @ 0x60000000: SFL: Parsing sectorization info from ELF file
T422C 000:121.960     FlashDevice.SectorInfo[0]: .SectorSize = 0x00010000, .SectorStartAddr = 0x00000000
T422C 000:121.973   OFL: Init() N/A
T422C 000:121.984   OFL: UnInit() N/A
T422C 000:121.995   OFL: EraseSector() N/A
T422C 000:122.006   OFL: ProgramPage() N/A
T422C 000:122.017   OFL: EraseChip() N/A
T422C 000:122.028   OFL: BlankCheck() N/A
T422C 000:122.039   OFL: Verify() N/A
T422C 000:122.050   OFL: SEGGER_FL_Erase() present @ offset 0x000004DD
T422C 000:122.061   OFL: SEGGER_FL_Program() present @ offset 0x000004C1
T422C 000:122.072   OFL: SEGGER_FL_Read() N/A
T422C 000:122.083   OFL: SEGGER_OPEN_Read() N/A
T422C 000:122.094   OFL: SEGGER_FL_CalcCRC() present @ offset 0x00000505
T422C 000:122.105   OFL: SEGGER_FL_Start() present @ offset 0x0000051D
T422C 000:122.115   OFL: SEGGER_FL_GetFlashInfo() present @ offset 0x000001B9
T422C 000:122.126   OFL: SEGGER_FL_Verify() N/A
T422C 000:122.137   OFL: SEGGER_FL_CheckBlank() present @ offset 0x000004F1
T422C 000:122.148   OFL: SEGGER_FL_Prepare() present @ offset 0x000001DD
T422C 000:122.159   OFL: SEGGER_FL_Restore() present @ offset 0x0000038D
T422C 000:122.170   OFL: SEGGER_FL_EraseChip() N/A
T422C 000:125.446   Device "R7FA6M5BH" selected.
T422C 000:126.092 - 4.705ms returns 0x00
T422C 000:126.127 JLINK_ReadMem(0xE000EDF0, 0x4 Bytes, ...)
T422C 000:126.426   ConfigTargetSettings() start
T422C 000:126.440    J-Link Script File: Executing ConfigTargetSettings()
T422C 000:126.452   Configuring FlashDLNoRMWThreshold=0x200 in order to make sure that option bytes programming is done via read-modify-write
T422C 000:185.887   ConfigTargetSettings() end - Took 59ms
T422C 000:186.963   InitTarget() start
T422C 000:186.980    J-Link Script File: Executing InitTarget()
T422C 000:186.989   SWD selected. Executing JTAG -> SWD switching sequence.
T422C 000:193.097   DAP initialized successfully.
T422C 000:193.114   Determining TrustZone configuration...
T422C 000:196.348     Secure Debug: Enabled (SSD)
T422C 000:196.364   Determining currently configured transfer type by reading the AHB-AP CSW register.
T422C 000:198.801     --> Correct transfer type configured. Done.
T422C 000:198.818   InitTarget() end - Took 12ms
T422C 000:201.093   Found SW-DP with ID 0x6BA02477
T422C 000:208.608   DPIDR: 0x6BA02477
T422C 000:208.629   CoreSight SoC-400 or earlier
T422C 000:208.644   Scanning AP map to find all available APs
T422C 000:212.336   AP[2]: Stopped AP scan as end of AP map has been reached
T422C 000:212.355   AP[0]: AHB-AP (IDR: 0x84770001)
T422C 000:212.366   AP[1]: APB-AP (IDR: 0x54770002)
T422C 000:212.376   Iterating through AP map to find AHB-AP to use
T422C 000:216.092   AP[0]: Core found
T422C 000:216.108   AP[0]: AHB-AP ROM base: 0xE00FE000
T422C 000:217.979   CPUID register: 0x410FD214. Implementer code: 0x41 (ARM)
T422C 000:217.995   Feature set: Mainline
T422C 000:219.938   Cache: No cache
T422C 000:220.001   Found Cortex-M33 r0p4, Little endian.
T422C 000:220.720   -- Max. mem block: 0x000019C8
T422C 000:222.662   CPU_ReadMem(4 bytes @ 0xE000EDF0)
T422C 000:224.568   CPU_ReadMem(4 bytes @ 0xE0002000)
T422C 000:226.481   FPUnit: 8 code (BP) slots and 0 literal slots
T422C 000:226.499   CPU_ReadMem(4 bytes @ 0xE000EDFC)
T422C 000:228.382   CPU_ReadMem(4 bytes @ 0xE0001000)
T422C 000:230.360   CPU_ReadMem(4 bytes @ 0xE0001000)
T422C 000:232.373   CPU_ReadMem(4 bytes @ 0xE0001028)
T422C 000:234.274   CPU_ReadMem(4 bytes @ 0xE0001038)
T422C 000:236.249   CPU_ReadMem(4 bytes @ 0xE0001048)
T422C 000:238.205   CPU_ReadMem(4 bytes @ 0xE0001058)
T422C 000:240.121   CPU_WriteMem(4 bytes @ 0xE0001000)
T422C 000:242.065   CPU_ReadMem(4 bytes @ 0xE000ED88)
T422C 000:244.067   CPU_WriteMem(4 bytes @ 0xE000ED88)
T422C 000:245.976   CPU_ReadMem(4 bytes @ 0xE000ED88)
T422C 000:247.957   CPU_WriteMem(4 bytes @ 0xE000ED88)
T422C 000:250.070   CPU_ReadMem(4 bytes @ 0xE000EFB8)
T422C 000:252.072   Security extension: implemented
T422C 000:252.088   Secure debug: enabled
T422C 000:252.098   CoreSight components:
T422C 000:252.112   ROMTbl[0] @ E00FE000
T422C 000:252.124   CPU_ReadMem(64 bytes @ 0xE00FE000)
T422C 000:258.094   CPU_ReadMem(32 bytes @ 0xE0044FE0)
T422C 000:261.947   CPU_ReadMem(4 bytes @ 0xE0044FBC)
T422C 000:263.997   CPU_ReadMem(4 bytes @ 0xE0044FCC)
T422C 000:265.955   [0][0]: E0044000 CID B105900D PID 005BB906 DEVARCH 00000000 DEVTYPE 14 CTI (?)
T422C 000:265.969   CPU_ReadMem(32 bytes @ 0xE0047FE0)
T422C 000:269.782   CPU_ReadMem(4 bytes @ 0xE0047FBC)
T422C 000:271.739   CPU_ReadMem(4 bytes @ 0xE0047FCC)
T422C 000:273.751   [0][1]: E0047000 CID B105900D PID 003BB908 DEVARCH 00000000 DEVTYPE 12 CSTF
T422C 000:273.773   CPU_ReadMem(32 bytes @ 0xE0048FE0)
T422C 000:277.634   CPU_ReadMem(4 bytes @ 0xE0048FBC)
T422C 000:279.606   CPU_ReadMem(4 bytes @ 0xE0048FCC)
T422C 000:281.567   [0][2]: E0048000 CID B105900D PID 001BB961 DEVARCH 00000000 DEVTYPE 21 ETB
T422C 000:281.582   CPU_ReadMem(32 bytes @ 0xE0049FE0)
T422C 000:285.354   [0][3]: E0049000 CID B105F00D PID 001BB101 TSG
T422C 000:285.374   CPU_ReadMem(32 bytes @ 0xE0040FE0)
T422C 000:289.212   CPU_ReadMem(4 bytes @ 0xE0040FBC)
T422C 000:291.180   CPU_ReadMem(4 bytes @ 0xE0040FCC)
T422C 000:293.070   [0][4]: E0040000 CID B105900D PID 000BBD21 DEVARCH 00000000 DEVTYPE 11 TPIU
T422C 000:293.088   CPU_ReadMem(32 bytes @ 0xE00FFFE0)
T422C 000:296.877   [0][5]: E00FF000 CID B105100D PID 000BB4C9 ROM Table
T422C 000:296.892   ROMTbl[1] @ E00FF000
T422C 000:296.904   CPU_ReadMem(64 bytes @ 0xE00FF000)
T422C 000:302.920   CPU_ReadMem(32 bytes @ 0xE000EFE0)
T422C 000:306.902   CPU_ReadMem(4 bytes @ 0xE000EFBC)
T422C 000:308.850   CPU_ReadMem(4 bytes @ 0xE000EFCC)
T422C 000:310.890   [1][0]: E000E000 CID B105900D PID 000BBD21 DEVARCH 47702A04 DEVTYPE 00 Cortex-M33
T422C 000:310.908   CPU_ReadMem(32 bytes @ 0xE0001FE0)
T422C 000:314.780   CPU_ReadMem(4 bytes @ 0xE0001FBC)
T422C 000:316.699   CPU_ReadMem(4 bytes @ 0xE0001FCC)
T422C 000:318.611   [1][1]: E0001000 CID B105900D PID 000BBD21 DEVARCH 47701A02 DEVTYPE 00 DWT
T422C 000:318.628   CPU_ReadMem(32 bytes @ 0xE0002FE0)
T422C 000:322.412   CPU_ReadMem(4 bytes @ 0xE0002FBC)
T422C 000:324.322   CPU_ReadMem(4 bytes @ 0xE0002FCC)
T422C 000:326.247   [1][2]: E0002000 CID B105900D PID 000BBD21 DEVARCH 47701A03 DEVTYPE 00 FPB
T422C 000:326.266   CPU_ReadMem(32 bytes @ 0xE0000FE0)
T422C 000:330.136   CPU_ReadMem(4 bytes @ 0xE0000FBC)
T422C 000:332.121   CPU_ReadMem(4 bytes @ 0xE0000FCC)
T422C 000:334.078   [1][3]: E0000000 CID B105900D PID 000BBD21 DEVARCH 47701A01 DEVTYPE 43 ITM
T422C 000:334.097   CPU_ReadMem(32 bytes @ 0xE0041FE0)
T422C 000:337.892   CPU_ReadMem(4 bytes @ 0xE0041FBC)
T422C 000:339.895   CPU_ReadMem(4 bytes @ 0xE0041FCC)
T422C 000:341.901   [1][5]: E0041000 CID B105900D PID 002BBD21 DEVARCH 47724A13 DEVTYPE 13 ETM
T422C 000:341.924   CPU_ReadMem(32 bytes @ 0xE0042FE0)
T422C 000:345.777   CPU_ReadMem(4 bytes @ 0xE0042FBC)
T422C 000:347.743   CPU_ReadMem(4 bytes @ 0xE0042FCC)
T422C 000:349.737   [1][6]: E0042000 CID B105900D PID 000BBD21 DEVARCH 47701A14 DEVTYPE 14 CSS600-CTI
T422C 000:349.803   CPU_ReadMem(4 bytes @ 0xE000EDF0)
T422C 000:351.744   Data:  01 00 14 01
T422C 000:351.760   Debug reg: DHCSR
T422C 000:351.772 - 225.649ms returns 0
T422C 000:351.821 JLINK_ReadMem(0x400E002C, 0x4 Bytes, ...)
T422C 000:351.834   CPU_ReadMem(4 bytes @ 0x400E002C)
T422C 000:353.733   Data:  02 00 00 00
T422C 000:353.749 - 1.931ms returns 0
T422C 000:353.793 JLINK_ReadMem(0xE000EDF0, 0x4 Bytes, ...)
T422C 000:353.807   CPU_ReadMem(4 bytes @ 0xE000EDF0)
T422C 000:355.738   Data:  01 00 14 01
T422C 000:355.755   Debug reg: DHCSR
T422C 000:355.765 - 1.975ms returns 0
T422C 000:355.792 JLINK_ReadMem(0xE000EDF0, 0x4 Bytes, ...)
T422C 000:355.805   CPU_ReadMem(4 bytes @ 0xE000EDF0)
T422C 000:357.698   Data:  01 00 14 01
T422C 000:357.714   Debug reg: DHCSR
T422C 000:357.724 - 1.936ms returns 0
T422C 000:357.735 JLINK_ReadMem(0x400E001C, 0x4 Bytes, ...)
T422C 000:357.746   CPU_ReadMem(4 bytes @ 0x400E001C)
T422C 000:359.738   Data:  00 F4 00 00
T422C 000:359.754 - 2.022ms returns 0
T422C 000:359.767 JLINK_ReadMem(0xE000EDF0, 0x4 Bytes, ...)
T422C 000:359.779   CPU_ReadMem(4 bytes @ 0xE000EDF0)
T422C 000:361.659   Data:  01 00 14 01
T422C 000:361.675   Debug reg: DHCSR
T422C 000:361.685 - 1.921ms returns 0
T422C 000:361.696 JLINK_ReadMem(0x400E0018, 0x4 Bytes, ...)
T422C 000:361.707   CPU_ReadMem(4 bytes @ 0x400E0018)
T422C 000:363.574   Data:  00 00 01 00
T422C 000:363.590 - 1.898ms returns 0
T422C 000:363.604 JLINK_ReadMem(0xE000EDF0, 0x4 Bytes, ...)
T422C 000:363.616   CPU_ReadMem(4 bytes @ 0xE000EDF0)
T422C 000:365.606   Data:  01 00 14 01
T422C 000:365.622   Debug reg: DHCSR
T422C 000:365.632 - 2.031ms returns 0
T422C 000:365.642 JLINK_ReadMem(0x400E0020, 0x4 Bytes, ...)
T422C 000:365.654   CPU_ReadMem(4 bytes @ 0x400E0020)
T422C 000:367.528   Data:  00 00 00 00
T422C 000:367.543 - 1.904ms returns 0
T422C 000:367.557 JLINK_ReadMem(0xE000EDF0, 0x4 Bytes, ...)
T422C 000:367.569   CPU_ReadMem(4 bytes @ 0xE000EDF0)
T422C 000:369.458   Data:  01 00 14 01
T422C 000:369.474   Debug reg: DHCSR
T422C 000:369.484 - 1.930ms returns 0
T422C 000:369.495 JLINK_ReadMem(0x400E0028, 0x4 Bytes, ...)
T422C 000:369.506   CPU_ReadMem(4 bytes @ 0x400E0028)
T422C 000:371.401   Data:  00 88 01 00
T422C 000:371.430 - 1.939ms returns 0
T422C 000:371.459 JLINK_ReadMem(0xE000EDF0, 0x4 Bytes, ...)
T422C 000:371.477   CPU_ReadMem(4 bytes @ 0xE000EDF0)
T422C 000:373.401   Data:  01 00 14 01
T422C 000:373.419   Debug reg: DHCSR
T422C 000:373.429 - 1.974ms returns 0
T422C 000:373.441 JLINK_ReadMem(0x400E0024, 0x4 Bytes, ...)
T422C 000:373.454   CPU_ReadMem(4 bytes @ 0x400E0024)
T422C 000:375.349   Data:  00 A0 01 00
T422C 000:375.364 - 1.927ms returns 0
T422C 000:375.379 JLINK_ReadMem(0xE000EDF0, 0x4 Bytes, ...)
T422C 000:375.391   CPU_ReadMem(4 bytes @ 0xE000EDF0)
T422C 000:377.269   Data:  01 00 14 01
T422C 000:377.284   Debug reg: DHCSR
T422C 000:377.296 - 1.920ms returns 0
T422C 000:377.308 JLINK_ReadMem(0x400E002C, 0x4 Bytes, ...)
T422C 000:377.320   CPU_ReadMem(4 bytes @ 0x400E002C)
T422C 000:379.203   Data:  02 00 00 00
T422C 000:379.219 - 1.914ms returns 0
T422C 000:379.257 JLINK_ReadMem(0xE000EDF0, 0x4 Bytes, ...)
T422C 000:379.269   CPU_ReadMem(4 bytes @ 0xE000EDF0)
T422C 000:381.149   Data:  01 00 14 01
T422C 000:381.167   Debug reg: DHCSR
T422C 000:381.178 - 1.925ms returns 0
T422C 000:381.190 JLINK_ReadMem(0x400E002C, 0x4 Bytes, ...)
T422C 000:381.202   CPU_ReadMem(4 bytes @ 0x400E002C)
T422C 000:383.096   Data:  02 00 00 00
T422C 000:383.113 - 1.927ms returns 0
T422C 000:392.458 JLINK_Close()
T422C 000:437.094 - 44.660ms
T422C 000:437.123   
T422C 000:437.130   Closed
