T7B4C 000:001.568   SEGGER J-Link V7.86b Log File
T7B4C 000:001.975   DLL Compiled: Mar  1 2023 16:53:12
T7B4C 000:001.991   Logging started @ 2023-06-13 04:28
T7B4C 000:002.004 - 2.021ms
T7B4C 000:002.036 JLINK_GetDLLVersion()
T7B4C 000:002.048 - 0.017ms returns 78602
T7B4C 000:003.878 JLINK_OpenEx(...)
T7B4C 000:015.572   Firmware: J-Link OB-S124 compiled Feb 23 2023 15:12:56
T7B4C 000:016.501   Firmware: J-Link OB-S124 compiled Feb 23 2023 15:12:56
T7B4C 000:045.462   Hardware: V1.00
T7B4C 000:045.515   S/N: 831532274
T7B4C 000:045.539   OEM: SEGGER
T7B4C 000:045.557   Feature(s): None
T7B4C 000:048.975   TELNET listener socket opened on port 19021
T7B4C 000:049.514   WEBSRV WEBSRV_Init(): Starting webserver thread(s)
T7B4C 000:049.893   WEBSRV Webserver running on local port 19080
T7B4C 000:446.683 - 442.839ms returns "O.K."
T7B4C 000:446.847 JLINK_ExecCommand("ProjectFile=E:\RS_workspace\ra6m5_boot/ra6m5_boot Debug_Flat.jlink", ...). 
T7B4C 000:467.191 - 20.379ms returns 0x00
T7B4C 000:468.224 JLINK_ExecCommand("device=R7FA6M5BH", ...). 
T7B4C 000:469.270   Flash bank @ 0x60000000: SFL: Parsing sectorization info from ELF file
T7B4C 000:469.301     FlashDevice.SectorInfo[0]: .SectorSize = 0x00010000, .SectorStartAddr = 0x00000000
T7B4C 000:469.321   OFL: Init() N/A
T7B4C 000:469.338   OFL: UnInit() N/A
T7B4C 000:469.356   OFL: EraseSector() N/A
T7B4C 000:469.373   OFL: ProgramPage() N/A
T7B4C 000:469.390   OFL: EraseChip() N/A
T7B4C 000:469.407   OFL: BlankCheck() N/A
T7B4C 000:469.424   OFL: Verify() N/A
T7B4C 000:469.442   OFL: SEGGER_FL_Erase() present @ offset 0x000004DD
T7B4C 000:469.461   OFL: SEGGER_FL_Program() present @ offset 0x000004C1
T7B4C 000:469.478   OFL: SEGGER_FL_Read() N/A
T7B4C 000:469.496   OFL: SEGGER_OPEN_Read() N/A
T7B4C 000:469.513   OFL: SEGGER_FL_CalcCRC() present @ offset 0x00000505
T7B4C 000:469.531   OFL: SEGGER_FL_Start() present @ offset 0x0000051D
T7B4C 000:469.548   OFL: SEGGER_FL_GetFlashInfo() present @ offset 0x000001B9
T7B4C 000:469.565   OFL: SEGGER_FL_Verify() N/A
T7B4C 000:469.582   OFL: SEGGER_FL_CheckBlank() present @ offset 0x000004F1
T7B4C 000:469.599   OFL: SEGGER_FL_Prepare() present @ offset 0x000001DD
T7B4C 000:469.616   OFL: SEGGER_FL_Restore() present @ offset 0x0000038D
T7B4C 000:469.634   OFL: SEGGER_FL_EraseChip() N/A
T7B4C 000:475.334   Device "R7FA6M5BH" selected.
T7B4C 000:476.126 - 7.889ms returns 0x00
T7B4C 000:476.214 JLINK_ReadMem(0xE000EDF0, 0x4 Bytes, ...)
T7B4C 000:477.173   ConfigTargetSettings() start
T7B4C 000:477.211    J-Link Script File: Executing ConfigTargetSettings()
T7B4C 000:477.233   Configuring FlashDLNoRMWThreshold=0x200 in order to make sure that option bytes programming is done via read-modify-write
T7B4C 000:493.079   ConfigTargetSettings() end - Took 15ms
T7B4C 000:496.558   InitTarget() start
T7B4C 000:496.691    J-Link Script File: Executing InitTarget()
T7B4C 000:496.711   SWD selected. Executing JTAG -> SWD switching sequence.
T7B4C 000:506.421   DAP initialized successfully.
T7B4C 000:506.498   Determining TrustZone configuration...
T7B4C 000:511.866     Secure Debug: Enabled (SSD)
T7B4C 000:511.948   Determining currently configured transfer type by reading the AHB-AP CSW register.
T7B4C 000:515.599     --> Correct transfer type configured. Done.
T7B4C 000:515.635   InitTarget() end - Took 19ms
T7B4C 000:518.648   Found SW-DP with ID 0x6BA02477
T7B4C 000:528.147   DPIDR: 0x6BA02477
T7B4C 000:528.179   CoreSight SoC-400 or earlier
T7B4C 000:528.218   Scanning AP map to find all available APs
T7B4C 000:532.929   AP[2]: Stopped AP scan as end of AP map has been reached
T7B4C 000:533.063   AP[0]: AHB-AP (IDR: 0x84770001)
T7B4C 000:533.111   AP[1]: APB-AP (IDR: 0x54770002)
T7B4C 000:533.184   Iterating through AP map to find AHB-AP to use
T7B4C 000:537.768   AP[0]: Core found
T7B4C 000:537.799   AP[0]: AHB-AP ROM base: 0xE00FE000
T7B4C 000:540.144   CPUID register: 0x410FD214. Implementer code: 0x41 (ARM)
T7B4C 000:540.165   Feature set: Mainline
T7B4C 000:542.727   Cache: No cache
T7B4C 000:542.939   Found Cortex-M33 r0p4, Little endian.
T7B4C 000:544.612   -- Max. mem block: 0x000019C8
T7B4C 000:547.475   CPU_ReadMem(4 bytes @ 0xE000EDF0)
T7B4C 000:549.936   CPU_ReadMem(4 bytes @ 0xE0002000)
T7B4C 000:552.685   FPUnit: 8 code (BP) slots and 0 literal slots
T7B4C 000:552.734   CPU_ReadMem(4 bytes @ 0xE000EDFC)
T7B4C 000:555.500   CPU_ReadMem(4 bytes @ 0xE0001000)
T7B4C 000:558.457   CPU_ReadMem(4 bytes @ 0xE0001000)
T7B4C 000:561.456   CPU_ReadMem(4 bytes @ 0xE0001028)
T7B4C 000:564.337   CPU_ReadMem(4 bytes @ 0xE0001038)
T7B4C 000:566.750   CPU_ReadMem(4 bytes @ 0xE0001048)
T7B4C 000:569.282   CPU_ReadMem(4 bytes @ 0xE0001058)
T7B4C 000:571.747   CPU_WriteMem(4 bytes @ 0xE0001000)
T7B4C 000:574.333   CPU_ReadMem(4 bytes @ 0xE000ED88)
T7B4C 000:576.971   CPU_WriteMem(4 bytes @ 0xE000ED88)
T7B4C 000:579.331   CPU_ReadMem(4 bytes @ 0xE000ED88)
T7B4C 000:581.691   CPU_WriteMem(4 bytes @ 0xE000ED88)
T7B4C 000:584.092   CPU_ReadMem(4 bytes @ 0xE000EFB8)
T7B4C 000:586.606   Security extension: implemented
T7B4C 000:586.668   Secure debug: enabled
T7B4C 000:586.696   CoreSight components:
T7B4C 000:586.728   ROMTbl[0] @ E00FE000
T7B4C 000:586.749   CPU_ReadMem(64 bytes @ 0xE00FE000)
T7B4C 000:593.366   CPU_ReadMem(32 bytes @ 0xE0044FE0)
T7B4C 000:598.170   CPU_ReadMem(4 bytes @ 0xE0044FBC)
T7B4C 000:600.912   CPU_ReadMem(4 bytes @ 0xE0044FCC)
T7B4C 000:603.286   [0][0]: E0044000 CID B105900D PID 005BB906 DEVARCH 00000000 DEVTYPE 14 CTI (?)
T7B4C 000:603.332   CPU_ReadMem(32 bytes @ 0xE0047FE0)
T7B4C 000:607.695   CPU_ReadMem(4 bytes @ 0xE0047FBC)
T7B4C 000:610.147   CPU_ReadMem(4 bytes @ 0xE0047FCC)
T7B4C 000:612.611   [0][1]: E0047000 CID B105900D PID 003BB908 DEVARCH 00000000 DEVTYPE 12 CSTF
T7B4C 000:612.657   CPU_ReadMem(32 bytes @ 0xE0048FE0)
T7B4C 000:617.223   CPU_ReadMem(4 bytes @ 0xE0048FBC)
T7B4C 000:619.707   CPU_ReadMem(4 bytes @ 0xE0048FCC)
T7B4C 000:622.366   [0][2]: E0048000 CID B105900D PID 001BB961 DEVARCH 00000000 DEVTYPE 21 ETB
T7B4C 000:622.437   CPU_ReadMem(32 bytes @ 0xE0049FE0)
T7B4C 000:626.690   [0][3]: E0049000 CID B105F00D PID 001BB101 TSG
T7B4C 000:626.738   CPU_ReadMem(32 bytes @ 0xE0040FE0)
T7B4C 000:631.352   CPU_ReadMem(4 bytes @ 0xE0040FBC)
T7B4C 000:634.305   CPU_ReadMem(4 bytes @ 0xE0040FCC)
T7B4C 000:637.197   [0][4]: E0040000 CID B105900D PID 000BBD21 DEVARCH 00000000 DEVTYPE 11 TPIU
T7B4C 000:637.316   CPU_ReadMem(32 bytes @ 0xE00FFFE0)
T7B4C 000:641.585   [0][5]: E00FF000 CID B105100D PID 000BB4C9 ROM Table
T7B4C 000:641.641   ROMTbl[1] @ E00FF000
T7B4C 000:641.666   CPU_ReadMem(64 bytes @ 0xE00FF000)
T7B4C 000:648.316   CPU_ReadMem(32 bytes @ 0xE000EFE0)
T7B4C 000:652.560   CPU_ReadMem(4 bytes @ 0xE000EFBC)
T7B4C 000:655.697   CPU_ReadMem(4 bytes @ 0xE000EFCC)
T7B4C 000:658.211   [1][0]: E000E000 CID B105900D PID 000BBD21 DEVARCH 47702A04 DEVTYPE 00 Cortex-M33
T7B4C 000:658.249   CPU_ReadMem(32 bytes @ 0xE0001FE0)
T7B4C 000:662.698   CPU_ReadMem(4 bytes @ 0xE0001FBC)
T7B4C 000:665.270   CPU_ReadMem(4 bytes @ 0xE0001FCC)
T7B4C 000:668.008   [1][1]: E0001000 CID B105900D PID 000BBD21 DEVARCH 47701A02 DEVTYPE 00 DWT
T7B4C 000:668.076   CPU_ReadMem(32 bytes @ 0xE0002FE0)
T7B4C 000:672.542   CPU_ReadMem(4 bytes @ 0xE0002FBC)
T7B4C 000:675.106   CPU_ReadMem(4 bytes @ 0xE0002FCC)
T7B4C 000:679.122   [1][2]: E0002000 CID B105900D PID 000BBD21 DEVARCH 47701A03 DEVTYPE 00 FPB
T7B4C 000:679.194   CPU_ReadMem(32 bytes @ 0xE0000FE0)
T7B4C 000:683.585   CPU_ReadMem(4 bytes @ 0xE0000FBC)
T7B4C 000:686.308   CPU_ReadMem(4 bytes @ 0xE0000FCC)
T7B4C 000:688.972   [1][3]: E0000000 CID B105900D PID 000BBD21 DEVARCH 47701A01 DEVTYPE 43 ITM
T7B4C 000:689.019   CPU_ReadMem(32 bytes @ 0xE0041FE0)
T7B4C 000:693.397   CPU_ReadMem(4 bytes @ 0xE0041FBC)
T7B4C 000:695.953   CPU_ReadMem(4 bytes @ 0xE0041FCC)
T7B4C 000:698.542   [1][5]: E0041000 CID B105900D PID 002BBD21 DEVARCH 47724A13 DEVTYPE 13 ETM
T7B4C 000:698.613   CPU_ReadMem(32 bytes @ 0xE0042FE0)
T7B4C 000:702.840   CPU_ReadMem(4 bytes @ 0xE0042FBC)
T7B4C 000:705.471   CPU_ReadMem(4 bytes @ 0xE0042FCC)
T7B4C 000:707.935   [1][6]: E0042000 CID B105900D PID 000BBD21 DEVARCH 47701A14 DEVTYPE 14 CSS600-CTI
T7B4C 000:708.100   CPU_ReadMem(4 bytes @ 0xE000EDF0)
T7B4C 000:710.524   Data:  01 00 14 01
T7B4C 000:710.593   Debug reg: DHCSR
T7B4C 000:710.613 - 234.407ms returns 0
T7B4C 000:710.664 JLINK_ReadMem(0x400E002C, 0x4 Bytes, ...)
T7B4C 000:710.717   CPU_ReadMem(4 bytes @ 0x400E002C)
T7B4C 000:713.296   Data:  02 00 00 00
T7B4C 000:713.340 - 2.683ms returns 0
T7B4C 000:713.682 JLINK_ReadMem(0xE000EDF0, 0x4 Bytes, ...)
T7B4C 000:713.842   CPU_ReadMem(4 bytes @ 0xE000EDF0)
T7B4C 000:716.424   Data:  01 00 14 01
T7B4C 000:716.500   Debug reg: DHCSR
T7B4C 000:716.521 - 2.846ms returns 0
T7B4C 000:716.581 JLINK_ReadMem(0xE000EDF0, 0x4 Bytes, ...)
T7B4C 000:716.636   CPU_ReadMem(4 bytes @ 0xE000EDF0)
T7B4C 000:719.160   Data:  01 00 14 01
T7B4C 000:719.207   Debug reg: DHCSR
T7B4C 000:719.229 - 2.667ms returns 0
T7B4C 000:719.269 JLINK_ReadMem(0x400E001C, 0x4 Bytes, ...)
T7B4C 000:719.297   CPU_ReadMem(4 bytes @ 0x400E001C)
T7B4C 000:721.820   Data:  00 88 00 00
T7B4C 000:721.880 - 2.619ms returns 0
T7B4C 000:721.915 JLINK_ReadMem(0xE000EDF0, 0x4 Bytes, ...)
T7B4C 000:721.942   CPU_ReadMem(4 bytes @ 0xE000EDF0)
T7B4C 000:724.251   Data:  01 00 14 01
T7B4C 000:724.319   Debug reg: DHCSR
T7B4C 000:724.338 - 2.429ms returns 0
T7B4C 000:724.363 JLINK_ReadMem(0x400E0018, 0x4 Bytes, ...)
T7B4C 000:724.408   CPU_ReadMem(4 bytes @ 0x400E0018)
T7B4C 000:727.030   Data:  00 00 01 00
T7B4C 000:727.070 - 2.714ms returns 0
T7B4C 000:727.120 JLINK_ReadMem(0xE000EDF0, 0x4 Bytes, ...)
T7B4C 000:727.146   CPU_ReadMem(4 bytes @ 0xE000EDF0)
T7B4C 000:729.676   Data:  01 00 14 01
T7B4C 000:729.716   Debug reg: DHCSR
T7B4C 000:729.736 - 2.626ms returns 0
T7B4C 000:729.763 JLINK_ReadMem(0x400E0020, 0x4 Bytes, ...)
T7B4C 000:729.789   CPU_ReadMem(4 bytes @ 0x400E0020)
T7B4C 000:732.113   Data:  00 00 00 00
T7B4C 000:732.166 - 2.409ms returns 0
T7B4C 000:732.235 JLINK_ReadMem(0xE000EDF0, 0x4 Bytes, ...)
T7B4C 000:732.262   CPU_ReadMem(4 bytes @ 0xE000EDF0)
T7B4C 000:734.550   Data:  01 00 14 01
T7B4C 000:734.623   Debug reg: DHCSR
T7B4C 000:734.642 - 2.414ms returns 0
T7B4C 000:734.668 JLINK_ReadMem(0x400E0028, 0x4 Bytes, ...)
T7B4C 000:734.697   CPU_ReadMem(4 bytes @ 0x400E0028)
T7B4C 000:737.237   Data:  00 44 00 00
T7B4C 000:737.305 - 2.649ms returns 0
T7B4C 000:737.372 JLINK_ReadMem(0xE000EDF0, 0x4 Bytes, ...)
T7B4C 000:737.425   CPU_ReadMem(4 bytes @ 0xE000EDF0)
T7B4C 000:739.981   Data:  01 00 14 01
T7B4C 000:740.022   Debug reg: DHCSR
T7B4C 000:740.041 - 2.675ms returns 0
T7B4C 000:740.074 JLINK_ReadMem(0x400E0024, 0x4 Bytes, ...)
T7B4C 000:740.119   CPU_ReadMem(4 bytes @ 0x400E0024)
T7B4C 000:742.662   Data:  00 60 00 00
T7B4C 000:742.731 - 2.665ms returns 0
T7B4C 000:742.786 JLINK_ReadMem(0xE000EDF0, 0x4 Bytes, ...)
T7B4C 000:742.823   CPU_ReadMem(4 bytes @ 0xE000EDF0)
T7B4C 000:745.411   Data:  01 00 14 01
T7B4C 000:745.492   Debug reg: DHCSR
T7B4C 000:745.522 - 2.743ms returns 0
T7B4C 000:745.561 JLINK_ReadMem(0x400E002C, 0x4 Bytes, ...)
T7B4C 000:745.599   CPU_ReadMem(4 bytes @ 0x400E002C)
T7B4C 000:747.975   Data:  02 00 00 00
T7B4C 000:748.044 - 2.489ms returns 0
T7B4C 000:748.214 JLINK_ReadMem(0xE000EDF0, 0x4 Bytes, ...)
T7B4C 000:748.265   CPU_ReadMem(4 bytes @ 0xE000EDF0)
T7B4C 000:751.100   Data:  01 00 14 01
T7B4C 000:751.174   Debug reg: DHCSR
T7B4C 000:751.194 - 2.987ms returns 0
T7B4C 000:751.221 JLINK_ReadMem(0x400E002C, 0x4 Bytes, ...)
T7B4C 000:751.249   CPU_ReadMem(4 bytes @ 0x400E002C)
T7B4C 000:753.895   Data:  02 00 00 00
T7B4C 000:753.954 - 2.741ms returns 0
T7B4C 000:764.549 JLINK_Close()
T7B4C 000:994.592 - 230.124ms
T7B4C 000:994.686   
T7B4C 000:994.701   Closed
