T2E24 000:000.684   SEGGER J-Link V7.94h Log File
T2E24 000:000.823   DLL Compiled: Feb  1 2024 11:04:36
T2E24 000:000.833   Logging started @ 2024-07-15 03:03
T2E24 000:000.843   Process: C:\Users\jerry.chen\.eclipse\com.renesas.platform_1435879475\DebugComp\RZ\e2-server-gdb.exe
T2E24 000:000.852 - 0.850ms
T2E24 000:000.864 JLINK_GetDLLVersion()
T2E24 000:000.872 - 0.008ms returns 79408
T2E24 000:001.538 JLINK_OpenEx(...)
T2E24 000:011.668   Firmware: J-Link OB-S124 compiled Mar 20 2024 17:50:42
T2E24 000:012.843   Firmware: J-Link OB-S124 compiled Mar 20 2024 17:50:42
T2E24 000:038.761   Hardware: V1.00
T2E24 000:038.795   S/N: 831188308
T2E24 000:038.804   OEM: SEGGER
T2E24 000:038.813   Feature(s): None
T2E24 000:040.255   Bootloader: 2019 Oct 15
T2E24 000:041.432   USB speed mode: Full speed (12 MBit/s)
T2E24 000:042.813   TELNET listener socket opened on port 19021
T2E24 000:043.438   WEBSRV WEBSRV_Init(): Starting webserver thread(s)
T2E24 000:044.214   WEBSRV Webserver running on local port 19080
T2E24 000:044.427   Looking for J-Link GUI Server exe at: C:\Users\jerry.chen\.eclipse\com.renesas.platform_1435879475\DebugComp\RZ\ARM\Segger_v7.94.8\JLinkGUIServer.exe
T2E24 000:044.588   Looking for J-Link GUI Server exe at: C:\Program Files\SEGGER\JLink_V792h\JLinkGUIServer.exe
T2E24 000:044.648   Forking J-Link GUI Server: C:\Program Files\SEGGER\JLink_V792h\JLinkGUIServer.exe
T2E24 000:083.184   J-Link GUI Server info: "J-Link GUI server V7.92h "
T2E24 000:088.537 - 86.994ms returns "O.K."
T2E24 000:088.652 JLINK_ExecCommand("ProjectFile=E:\RS_workspace\rzn2l_uart_dma_recv_volatile/rzn2l_uart_dma_recv_volatile Debug_Flat.jlink", ...). 
T2E24 000:114.646 - 25.989ms returns 0x00
T2E24 000:115.089 JLINK_ExecCommand("device=R9A07G084M04", ...). 
T2E24 000:133.109   Device "R9A07G084M04" selected.
T2E24 000:133.650 - 18.543ms returns 0x00
T2E24 000:133.687 JLINK_ExecCommand("SetCPUConnectIDCODE = FFFFFFFFFFFFFFFFFFFFFFFFFFFFFFFF", ...). 
T2E24 000:133.700 - 0.004ms returns 0x00
T2E24 000:133.707 JLINK_TIF_GetAvailable(...)
T2E24 000:134.120 - 0.411ms
T2E24 000:134.153 JLINK_TIF_Select(JLINKARM_TIF_SWD)
T2E24 000:135.407 - 1.254ms returns 0x00
T2E24 000:135.425 JLINK_SetSpeed(4000)
T2E24 000:135.614 - 0.190ms
T2E24 000:135.626 JLINK_SetEndian(ARM_ENDIAN_LITTLE)
T2E24 000:135.632 - 0.006ms returns 0
T2E24 000:135.640 JLINK_SetInitRegsOnReset(OFF)
T2E24 000:135.646 - 0.005ms returns 1
T2E24 000:135.653 JLINK_SetResetType(JLINKARM_RESET_TYPE_NORMAL)
T2E24 000:135.659 - 0.006ms returns JLINKARM_RESET_TYPE_NORMAL
T2E24 000:135.667 JLINK_ExecCommand("EnableFlashBPs", ...). 
T2E24 000:135.675 - 0.000ms returns 0x00
T2E24 000:135.682 JLINK_ExecCommand("SetAllowFlashCache = 1", ...). 
T2E24 000:135.690 - 0.000ms returns 0x01
T2E24 000:135.697 JLINK_ExecCommand("SetRestartOnClose = 0", ...). 
T2E24 000:135.706 - 0.001ms returns 0x01
T2E24 000:135.714 JLINK_EnableSoftBPs(ON)
T2E24 000:135.719 - 0.005ms
T2E24 000:135.727 JLINK_Connect()
T2E24 000:136.133   ConfigTargetSettings() start
T2E24 000:136.144    J-Link Script File: Executing ConfigTargetSettings()
T2E24 000:136.169   ConfigTargetSettings() end - Took 24us
T2E24 000:136.178   InitTarget() start
T2E24 000:136.186    J-Link Script File: Executing InitTarget()
T2E24 000:141.403   Authenticated device detected. Skipping authentication process.
T2E24 000:141.423     OCDREG_STATUS: 0x00000001
T2E24 000:141.433   InitTarget() end - Took 5.24ms
T2E24 000:142.727   Found SW-DP with ID 0x6BA02477
T2E24 000:147.020   DPIDR: 0x6BA02477
T2E24 000:147.036   CoreSight SoC-400 or earlier
T2E24 000:147.047   AP map detection skipped. Manually configured AP map found.
T2E24 000:147.056   AP[0]: APB-AP (IDR: Not set)
T2E24 000:147.065   AP[1]: APB-AP (IDR: Not set)
T2E24 000:147.073   AP[2]: AXI-AP (IDR: Not set)
T2E24 000:147.082   Using preconfigured AP[1] as APB-AP
T2E24 000:147.090   AP[1]: APB-AP found
T2E24 000:147.099   DebugRegs + CTI manually specified. ROM table scan skipped.
T2E24 000:149.346   Cortex-R52 @ 0x80410000 (configured)
T2E24 000:149.420   CoreCTI @ 0x80420000 (configured)
T2E24 000:151.737   Debug architecture: ARMv8.0
T2E24 000:151.751   8 code breakpoints, 8 data breakpoints
T2E24 000:152.669   Processor features:
T2E24 000:152.681     EL0 support: AArch32
T2E24 000:152.689     EL1 support: AArch32
T2E24 000:152.698     EL2 support: AArch32
T2E24 000:152.706     EL3 support: N/A
T2E24 000:152.714     FPU support: Single + Double + Conversion
T2E24 000:153.541   -- Max. mem block: 0x00001B00
T2E24 000:174.600   Current exception level: EL1
T2E24 000:174.647   Exception level AArch usage:
T2E24 000:174.662     EL0: AArch32
T2E24 000:174.677     EL1: AArch32
T2E24 000:174.692     EL2: AArch32
T2E24 000:174.707     EL3: AArch32
T2E24 000:174.722   Non-secure status: Non-secure
T2E24 000:176.196   Cache info:
T2E24 000:176.230     Inner cache boundary: none
T2E24 000:176.245     LoU Uniprocessor: 1
T2E24 000:176.260     LoC: 1
T2E24 000:176.276     LoU Inner Shareable: 1
T2E24 000:179.559   I-Cache L1: 16 KB, 64 Sets, 64 Bytes/Line, 4-Way
T2E24 000:179.579   D-Cache L1: 16 KB, 64 Sets, 64 Bytes/Line, 4-Way
T2E24 000:179.610 - 43.883ms returns 0x00
T2E24 000:179.627 JLINK_Halt()
T2E24 000:179.636 - 0.008ms returns 0x00
T2E24 000:179.644 JLINK_IsHalted()
T2E24 000:179.658 - 0.014ms returns TRUE
T2E24 000:179.666 JLINK_ResetPullsRESET(ON)
T2E24 000:179.672 - 0.006ms
T2E24 000:179.679 JLINK_Reset()
T2E24 000:179.691   ResetTarget() start
T2E24 000:179.700    J-Link Script File: Executing ResetTarget()
T2E24 000:179.707   Reset: Halt core immediately after reset using reset catch.
T2E24 000:390.173   Authenticated device detected. Skipping authentication process.
T2E24 000:390.200     OCDREG_STATUS: 0x00000001
T2E24 000:393.850   Disabled core power domain detected.
T2E24 000:399.431   Enabling debug mode...
T2E24 000:403.509   ResetTarget() end - Took 223ms
T2E24 000:423.717 - 244.037ms
T2E24 000:423.774 JLINK_IsHalted()
T2E24 000:423.783 - 0.008ms returns TRUE
T2E24 000:424.016 JLINK_MeasureCPUSpeed(RAMAddr = 0xFFFFFFFF)
T2E24 000:424.026 - 0.010ms returns 0
T2E24 000:424.127 JLINK_ReadReg(AARCH32_CPSR)
T2E24 000:424.137 - 0.010ms returns 0x800001F3
T4BCC 002:700.396 JLINK_BeginDownload(Flags = 0x00000000)
T4BCC 002:700.435 - 0.039ms
T4BCC 002:714.904 JLINK_IsHalted()
T4BCC 002:715.760 - 0.855ms returns TRUE
T4BCC 002:715.809 JLINK_WriteMem(0x60000000, 0x4C Bytes, ...)
T4BCC 002:715.816   Data:  00 00 00 00 00 00 00 00 00 00 00 00 00 00 00 00 ...
T4BCC 002:716.116   completely In flash
T4BCC 002:716.141 - 0.332ms returns 0x4C
T4BCC 002:716.790 JLINK_IsHalted()
T4BCC 002:716.824 - 0.033ms returns TRUE
T4BCC 002:716.832 JLINK_WriteMem(0x6000004C, 0xBB4 Bytes, ...)
T4BCC 002:716.838   Data:  83 07 0B E3 00 00 40 E3 30 0F 81 EE 11 1F 91 EE ...
T4BCC 002:716.853   completely In flash
T4BCC 002:716.862 - 0.030ms returns 0xBB4
T4BCC 002:717.239 JLINK_IsHalted()
T4BCC 002:717.264 - 0.024ms returns TRUE
T4BCC 002:717.272 JLINK_WriteMem(0x60000C00, 0x44C Bytes, ...)
T4BCC 002:717.278   Data:  20 D0 0C 78 C4 F3 41 04 01 2C BD D9 15 F0 01 0F ...
T4BCC 002:717.293   completely In flash
T4BCC 002:717.303 - 0.031ms returns 0x44C
T4BCC 002:717.781 JLINK_IsHalted()
T4BCC 002:717.805 - 0.023ms returns TRUE
T4BCC 002:717.813 JLINK_WriteMem(0x6000104C, 0x910 Bytes, ...)
T4BCC 002:717.819   Data:  12 00 00 00 C7 FF 01 00 12 00 10 00 C7 FF 11 00 ...
T4BCC 002:717.859   completely In flash
T4BCC 002:717.869 - 0.056ms returns 0x910
T4BCC 002:718.230 JLINK_IsHalted()
T4BCC 002:718.264 - 0.034ms returns TRUE
T4BCC 002:718.276 JLINK_WriteMem(0x6000195C, 0x40 Bytes, ...)
T4BCC 002:718.286   Data:  18 F0 9F E5 18 F0 9F E5 18 F0 9F E5 18 F0 9F E5 ...
T4BCC 002:718.305   completely In flash
T4BCC 002:718.319 - 0.043ms returns 0x40
T4BCC 002:718.812 JLINK_IsHalted()
T4BCC 002:718.846 - 0.033ms returns TRUE
T4BCC 002:718.856 JLINK_WriteMem(0x6000199C, 0xBB4 Bytes, ...)
T4BCC 002:718.864   Data:  38 B5 42 F2 58 43 C0 F2 00 03 1C 68 9D 68 2A 68 ...
T4BCC 002:718.887   completely In flash
T4BCC 002:718.908 - 0.052ms returns 0xBB4
T4BCC 002:719.642 JLINK_IsHalted()
T4BCC 002:719.843 - 0.201ms returns TRUE
T4BCC 002:719.856 JLINK_WriteMem(0x60002550, 0xBB0 Bytes, ...)
T4BCC 002:719.865   Data:  9A 70 5A 70 01 22 1A 70 AA 69 21 6A 04 31 99 60 ...
T4BCC 002:719.897   completely In flash
T4BCC 002:719.911 - 0.055ms returns 0xBB0
T4BCC 002:720.523 JLINK_IsHalted()
T4BCC 002:720.553 - 0.029ms returns TRUE
T4BCC 002:720.560 JLINK_WriteMem(0x60003100, 0xAF0 Bytes, ...)
T4BCC 002:720.567   Data:  14 43 C3 F8 84 11 BF F3 4F 8F BF F3 6F 8F 43 F2 ...
T4BCC 002:720.580   completely In flash
T4BCC 002:720.590 - 0.029ms returns 0xAF0
T4BCC 002:720.991 JLINK_IsHalted()
T4BCC 002:721.020 - 0.028ms returns TRUE
T4BCC 002:721.030 JLINK_WriteMem(0x60003BF0, 0x8 Bytes, ...)
T4BCC 002:721.038   Data:  B0 FD FF 7F 01 00 00 00
T4BCC 002:721.053   completely In flash
T4BCC 002:721.062 - 0.032ms returns 0x8
T4BCC 002:721.282 JLINK_IsHalted()
T4BCC 002:721.299 - 0.016ms returns TRUE
T4BCC 002:721.309 JLINK_WriteMem(0x60003BF8, 0x4 Bytes, ...)
T4BCC 002:721.319   Data:  00 00 00 00
T4BCC 002:721.334   completely In flash
T4BCC 002:721.346 - 0.037ms returns 0x4
T4BCC 002:721.769 JLINK_IsHalted()
T4BCC 002:721.792 - 0.023ms returns TRUE
T4BCC 002:721.800 JLINK_WriteMem(0x60003BFC, 0xBD4 Bytes, ...)
T4BCC 002:721.806   Data:  10 33 00 00 01 00 00 00 00 00 00 00 00 00 00 00 ...
T4BCC 002:721.826   completely In flash
T4BCC 002:721.836 - 0.036ms returns 0xBD4
T4BCC 002:722.110 JLINK_IsHalted()
T4BCC 002:722.120 - 0.010ms returns TRUE
T4BCC 002:722.127 JLINK_WriteMem(0x600047D0, 0x434 Bytes, ...)
T4BCC 002:722.133   Data:  00 00 00 00 00 00 00 00 00 00 00 00 00 00 00 00 ...
T4BCC 002:722.143   completely In flash
T4BCC 002:722.152 - 0.025ms returns 0x434
T4BCC 002:737.908 JLINK_EndDownload()
T4BCC 002:738.507    -- --------------------------------------
T4BCC 002:738.599    -- Flash bank @ 0x60000000: Default: L2 verify disabled because algorithm performs L1 verify
T4BCC 002:738.609    -- Start of determining flash info (Bank @ 0x60000000)
T4BCC 002:738.626    -- Calculating RAM usage
T4BCC 002:738.734    -- RAM usage = 12192 Bytes
T4BCC 002:738.745    -- Preserving CPU registers
T4BCC 002:738.768    -- Preparing target
T4BCC 002:738.777    -- Preserving target RAM temporarily used for programming
T4BCC 003:225.285    -- Downloading RAMCode
T4BCC 003:598.566    -- Preparing RAMCode
T4BCC 003:721.870    -- End of determining flash info
T4BCC 003:721.942    -- Start of determining dirty areas in flash cache
T4BCC 003:721.964    -- Filling invalid ranges in sector buffer (flash cache) for sector @ 0x60000000 if necessary
T4BCC 003:729.769    -- End of determining dirty areas
T4BCC 003:729.795    -- Start of preparing flash programming
T4BCC 003:729.807    -- Recalculating RAMUsage for optimal performance during programming
T4BCC 003:729.826    -- RAM usage changed from 12192 to 16288 Bytes
T4BCC 003:893.440    -- End of preparing flash programming
T4BCC 003:949.084    -- CPU speed could not be measured.
T4BCC 003:949.119    -- Start of comparing flash
T4BCC 003:949.128    -- CRC check was estimated as fastest method
T4BCC 003:989.500    -- Comparing range 0x60000000 - 0x6000FFFF (1 Sector, 64 KB), using single-block CRC calculation
T4BCC 004:034.640    -- CRC does not match for sector 0
T4BCC 004:034.677    -- End of comparing flash
T4BCC 004:034.687    -- Start of erasing sectors
T4BCC 004:034.698    -- Erasing range 0x60000000 - 0x6000FFFF (  1 Sector, 64 KB)
T4BCC 004:034.707    -- Recalculating RAMUsage for optimal performance during programming
T4BCC 004:034.723    -- RAM usage changed from 16288 to 12192 Bytes
T4BCC 004:285.191    -- End of erasing sectors
T4BCC 004:285.264    -- Start of flash programming
T4BCC 004:285.279    -- Programming range 0x60000000 - 0x6000FFFF (  1 Sector, 64 KB)
T4BCC 004:286.987    -- Recalculating RAMUsage for optimal performance during programming
T4BCC 005:007.491    -- End of flash programming
T4BCC 005:007.521    -- 0x60000000 - 0x6000FFFF (  1 Sector, 64 KB)
T4BCC 005:007.538    -- Start of restoring
T4BCC 005:007.547    -- Restoring RAMCode
T4BCC 005:028.603    -- Restoring target memory
T4BCC 005:175.149    -- Restore target
T4BCC 005:175.178    -- Restoring CPU registers
T4BCC 005:175.204    -- End of restoring
T4BCC 005:175.215    -- Bank 0 @ 0x60000000: 1 range affected (65536 bytes)
T4BCC 005:175.225    -- Total: 1.445s (Prepare: 0.219s, Compare: 0.085s, Erase: 0.250s, Program & Verify: 0.722s, Restore: 0.167s)
T4BCC 005:175.234    -- Program & Verify speed: 88 KB/s
T4BCC 005:195.410 - 2457.501ms returns 65536 (0x10000)
T4BCC 005:197.980 JLINK_WriteReg(AARCH32_PC, 0x00102000)
T4BCC 005:198.036 - 0.055ms returns 0
T4BCC 005:198.049 JLINK_ReadReg(AARCH32_CPSR)
T4BCC 005:198.066 - 0.016ms returns 0x800001F3
T4BCC 005:198.074 JLINK_WriteReg(AARCH32_CPSR, 0x800001D3)
T4BCC 005:198.080 - 0.006ms returns 0
T4BCC 005:198.845 JLINK_SetEndian(ARM_ENDIAN_LITTLE)
T4BCC 005:198.867 - 0.022ms returns 0
T4BCC 005:210.969 JLINK_IsHalted()
T4BCC 005:211.002 - 0.032ms returns TRUE
T4BCC 005:211.009 JLINK_ReadMem(0x00003368, 0x4 Bytes, ...)
T4BCC 005:211.027   CPU_ReadMem(4 bytes @ 0x00003368)
T4BCC 005:212.867   Data:  00 00 00 00
T4BCC 005:212.882 - 1.873ms returns 0
T4BCC 005:213.740 JLINK_IsHalted()
T4BCC 005:213.758 - 0.018ms returns TRUE
T4BCC 005:213.765 JLINK_ReadMem(0x00003364, 0x4 Bytes, ...)
T4BCC 005:213.779   CPU_ReadMem(4 bytes @ 0x00003364)
T4BCC 005:215.535   Data:  00 00 00 00
T4BCC 005:215.557 - 1.791ms returns 0
T4BCC 005:217.299 JLINK_IsHalted()
T4BCC 005:217.343 - 0.044ms returns TRUE
T4BCC 005:217.352 JLINK_ReadMem(0x00003514, 0x4 Bytes, ...)
T4BCC 005:217.377   CPU_ReadMem(4 bytes @ 0x00003514)
T4BCC 005:219.205   Data:  00 00 00 00
T4BCC 005:219.239 - 1.886ms returns 0
T4BCC 005:222.693 JLINK_IsHalted()
T4BCC 005:222.731 - 0.038ms returns TRUE
T4BCC 005:222.739 JLINK_ReadMem(0x00102000, 0x4 Bytes, ...)
T4BCC 005:222.758   CPU_ReadMem(64 bytes @ 0x00102000)
T4BCC 005:226.919    -- Updating DA cache (64 bytes @ 0x00102000)
T4BCC 005:226.938    -- Read from DA cache (4 bytes @ 0x00102000)
T4BCC 005:226.947   Data:  83 07 0B E3
T4BCC 005:226.956 - 4.217ms returns 0
T4BCC 005:240.360 JLINK_IsHalted()
T4BCC 005:240.393 - 0.033ms returns TRUE
T4BCC 005:240.401 JLINK_ReadMem(0x00102000, 0x4 Bytes, ...)
T4BCC 005:240.414    -- Read from DA cache (4 bytes @ 0x00102000)
T4BCC 005:240.423   Data:  83 07 0B E3
T4BCC 005:240.432 - 0.031ms returns 0
T4BCC 005:252.228 JLINK_IsHalted()
T4BCC 005:252.269 - 0.041ms returns TRUE
T4BCC 005:252.277 JLINK_ReadMem(0x0000019C, 0x2 Bytes, ...)
T4BCC 005:252.300   CPU_ReadMem(2 bytes @ 0x0000019C)
T4BCC 005:253.697   Data:  69 46
T4BCC 005:253.717 - 1.439ms returns 0
T4BCC 005:253.961 JLINK_IsHalted()
T4BCC 005:253.971 - 0.010ms returns TRUE
T4BCC 005:253.978 JLINK_ReadMem(0x00000180, 0x40 Bytes, ...)
T4BCC 005:253.989   CPU_ReadMem(64 bytes @ 0x00000180)
T4BCC 005:258.144   Data:  DB F9 4F F4 7A 74 21 46 20 46 01 F0 45 FC FA E7 ...
T4BCC 005:258.164 - 4.186ms returns 0
T4BCC 005:258.513 JLINK_IsHalted()
T4BCC 005:258.531 - 0.018ms returns TRUE
T4BCC 005:258.538 JLINK_ReadMem(0x0000019C, 0x2 Bytes, ...)
T4BCC 005:258.550   CPU_ReadMem(2 bytes @ 0x0000019C)
T4BCC 005:259.947   Data:  69 46
T4BCC 005:259.958 - 1.419ms returns 0
T4BCC 005:260.608 JLINK_IsHalted()
T4BCC 005:260.634 - 0.025ms returns TRUE
T4BCC 005:260.641 JLINK_ReadMem(0x0000025A, 0x2 Bytes, ...)
T4BCC 005:260.654   CPU_ReadMem(2 bytes @ 0x0000025A)
T4BCC 005:262.095   Data:  01 22
T4BCC 005:262.116 - 1.475ms returns 0
T4BCC 005:262.372 JLINK_IsHalted()
T4BCC 005:262.393 - 0.021ms returns TRUE
T4BCC 005:262.402 JLINK_ReadMem(0x000001C0, 0x40 Bytes, ...)
T4BCC 005:262.416   CPU_ReadMem(64 bytes @ 0x000001C0)
T4BCC 005:266.582   Data:  42 F6 58 45 C0 F2 00 05 42 F6 68 54 C0 F2 00 04 ...
T4BCC 005:266.610 - 4.208ms returns 0
T4BCC 005:266.994 JLINK_IsHalted()
T4BCC 005:267.009 - 0.014ms returns TRUE
T4BCC 005:267.016 JLINK_ReadMem(0x0000025A, 0x2 Bytes, ...)
T4BCC 005:267.030   CPU_ReadMem(2 bytes @ 0x0000025A)
T4BCC 005:268.555   Data:  01 22
T4BCC 005:268.587 - 1.571ms returns 0
T4BCC 005:269.389 JLINK_IsHalted()
T4BCC 005:269.411 - 0.022ms returns TRUE
T4BCC 005:269.418 JLINK_ReadMem(0x00000118, 0x2 Bytes, ...)
T4BCC 005:269.437   CPU_ReadMem(2 bytes @ 0x00000118)
T4BCC 005:270.970   Data:  62 B6
T4BCC 005:270.988 - 1.569ms returns 0
T4BCC 005:271.250 JLINK_IsHalted()
T4BCC 005:271.276 - 0.025ms returns TRUE
T4BCC 005:271.285 JLINK_ReadMem(0x00000100, 0x40 Bytes, ...)
T4BCC 005:271.301   CPU_ReadMem(64 bytes @ 0x00000100)
T4BCC 005:275.626   Data:  70 B5 42 F6 68 54 C0 F2 00 04 41 F6 5C 61 C0 F2 ...
T4BCC 005:275.649 - 4.363ms returns 0
T4BCC 005:276.699 JLINK_IsHalted()
T4BCC 005:276.715 - 0.015ms returns TRUE
T4BCC 005:276.771 JLINK_ReadMem(0x00000118, 0x2 Bytes, ...)
T4BCC 005:276.803   CPU_ReadMem(2 bytes @ 0x00000118)
T4BCC 005:278.157   Data:  62 B6
T4BCC 005:278.175 - 1.404ms returns 0
T4BCC 005:471.408 JLINK_IsHalted()
T4BCC 005:471.436 - 0.028ms returns TRUE
T4BCC 005:471.444 JLINK_ReadMem(0x00003368, 0x4 Bytes, ...)
T4BCC 005:471.461   CPU_ReadMem(4 bytes @ 0x00003368)
T4BCC 005:473.144   Data:  00 00 00 00
T4BCC 005:473.178 - 1.733ms returns 0
T4BCC 005:473.697 JLINK_IsHalted()
T4BCC 005:473.715 - 0.018ms returns TRUE
T4BCC 005:473.722 JLINK_ReadMem(0x00003364, 0x4 Bytes, ...)
T4BCC 005:473.735   CPU_ReadMem(4 bytes @ 0x00003364)
T4BCC 005:475.496   Data:  00 00 00 00
T4BCC 005:475.515 - 1.792ms returns 0
T4BCC 005:476.981 JLINK_IsHalted()
T4BCC 005:477.004 - 0.024ms returns TRUE
T4BCC 005:477.012 JLINK_ReadMem(0x00003514, 0x4 Bytes, ...)
T4BCC 005:477.026   CPU_ReadMem(4 bytes @ 0x00003514)
T4BCC 005:478.679   Data:  00 00 00 00
T4BCC 005:478.699 - 1.686ms returns 0
T4BCC 005:491.157 JLINK_GetNumBPUnits(Type = 0xFFFFFF00)
T4BCC 005:491.191 - 0.035ms returns 0x08
T4BCC 005:491.199 JLINK_GetNumWPUnits()
T4BCC 005:491.205 - 0.006ms returns 8
T4BCC 005:491.215 JLINK_GetNumBPUnits(Type = 0xFFFFFF00)
T4BCC 005:491.221 - 0.006ms returns 0x08
T4BCC 005:491.228 JLINK_GetNumWPUnits()
T4BCC 005:491.234 - 0.006ms returns 8
T4BCC 005:491.243 JLINK_GetNumBPUnits(Type = 0xFFFFFF00)
T4BCC 005:491.249 - 0.005ms returns 0x08
T4BCC 005:491.255 JLINK_GetNumWPUnits()
T4BCC 005:491.261 - 0.005ms returns 8
T4BCC 005:491.296 JLINK_SetBPEx(Addr = 0x00000288, Type = 0xFFFFFF00)
T4BCC 005:491.307 - 0.011ms returns 0x00000001
T4BCC 005:491.317 JLINK_ClrBPEx(BPHandle = 0x00000001)
T4BCC 005:491.324 - 0.007ms returns 0x00
T4BCC 005:503.622 JLINK_IsHalted()
T4BCC 005:503.666 - 0.044ms returns TRUE
T4BCC 005:503.673 JLINK_ReadMem(0x00000280, 0x40 Bytes, ...)
T4BCC 005:503.690   CPU_ReadMem(64 bytes @ 0x00000280)
T4BCC 005:507.794   Data:  08 B5 FF F7 3D FF 00 20 08 BD 38 B5 04 46 0D 46 ...
T4BCC 005:507.812 - 4.138ms returns 0
T4BCC 005:508.548 JLINK_IsHalted()
T4BCC 005:508.576 - 0.028ms returns TRUE
T4BCC 005:508.583 JLINK_ReadMem(0x0000028A, 0x2 Bytes, ...)
T4BCC 005:508.597   CPU_ReadMem(2 bytes @ 0x0000028A)
T4BCC 005:509.931   Data:  38 B5
T4BCC 005:509.948 - 1.365ms returns 0
T4BCC 005:510.423 JLINK_SetBPEx(Addr = 0x0000028A, Type = 0xFFFFFF00)
T4BCC 005:510.459 - 0.036ms returns 0x00000002
T4BCC 006:060.102 JLINK_ReadRegs(NumRegs = 17, Indexes: 116, 117, 118, 119, 120, 121, 122, 123, 189, 190, 191, 192, 193, 194, 195, 147, 149)
T4BCC 006:060.142    -- AARCH32_R0=0x736A0A, AARCH32_R1=0x2FAF07F, AARCH32_R2=0x2C48, AARCH32_R3=0x00, AARCH32_R4=0x102000, AARCH32_R5=0x78FB261, AARCH32_R6=0x79D51D7, AARCH32_R7=0x78787A8, AARCH32_R8=0x74759F7, AARCH32_R9=0x78787A8, AARCH32_R10=0xF8704D9E, AARCH32_R11=0x00, AARCH32_R12=0x00, AARCH32_R13=0x104100, AARCH32_R14=0x102251, AARCH32_PC=0x102000, AARCH32_CPSR=0x800001D3
T4BCC 006:060.152 - 0.050ms returns 0x00
T4BCC 006:061.074 JLINK_IsHalted()
T4BCC 006:061.699 - 0.623ms returns TRUE
T4BCC 006:061.722 JLINK_ReadMem(0x00102000, 0x4 Bytes, ...)
T4BCC 006:061.739    -- Read from DA cache (4 bytes @ 0x00102000)
T4BCC 006:061.750   Data:  83 07 0B E3
T4BCC 006:061.761 - 0.039ms returns 0
T2960 006:301.229 JLINK_GetNumBPUnits(Type = 0xFFFFFF00)
T2960 006:301.268 - 0.038ms returns 0x08
T2960 006:301.275 JLINK_GetNumWPUnits()
T2960 006:301.281 - 0.005ms returns 8
T2960 006:301.451 JLINK_GetNumBPUnits(Type = 0xFFFFFF00)
T2960 006:301.461 - 0.009ms returns 0x08
T2960 006:301.468 JLINK_GetNumWPUnits()
T2960 006:301.474 - 0.005ms returns 8
T2960 006:301.645 JLINK_GetNumBPUnits(Type = 0xFFFFFF00)
T2960 006:301.662 - 0.016ms returns 0x08
T2960 006:301.671 JLINK_GetNumWPUnits()
T2960 006:301.680 - 0.008ms returns 8
T2960 006:302.095 JLINK_GetNumBPUnits(Type = 0xFFFFFF00)
T2960 006:302.160 - 0.065ms returns 0x08
T2960 006:302.172 JLINK_GetNumWPUnits()
T2960 006:302.183 - 0.011ms returns 8
T2960 006:302.774 JLINK_GetNumBPUnits(Type = 0xFFFFFF00)
T2960 006:302.793 - 0.019ms returns 0x08
T2960 006:302.800 JLINK_GetNumWPUnits()
T2960 006:302.806 - 0.005ms returns 8
T2960 006:303.499 JLINK_GetNumBPUnits(Type = 0xFFFFFF00)
T2960 006:303.523 - 0.024ms returns 0x08
T2960 006:303.533 JLINK_GetNumWPUnits()
T2960 006:303.542 - 0.008ms returns 8
T2960 006:303.848 JLINK_GetNumBPUnits(Type = 0xFFFFFF00)
T2960 006:303.911 - 0.080ms returns 0x08
T2960 006:303.920 JLINK_GetNumWPUnits()
T2960 006:303.927 - 0.007ms returns 8
T2960 006:304.400 JLINK_GetNumBPUnits(Type = 0xFFFFFF00)
T2960 006:304.423 - 0.022ms returns 0x08
T2960 006:304.433 JLINK_GetNumWPUnits()
T2960 006:304.442 - 0.009ms returns 8
T4BCC 006:371.081 JLINK_IsHalted()
T4BCC 006:371.119 - 0.038ms returns TRUE
T4BCC 006:371.127 JLINK_ReadMem(0x00102000, 0x4 Bytes, ...)
T4BCC 006:371.141    -- Read from DA cache (4 bytes @ 0x00102000)
T4BCC 006:371.151   Data:  83 07 0B E3
T4BCC 006:371.160 - 0.032ms returns 0
T4BCC 006:373.946 JLINK_IsHalted()
T4BCC 006:373.985 - 0.039ms returns TRUE
T4BCC 006:373.996 JLINK_ReadMem(0x00003368, 0x4 Bytes, ...)
T4BCC 006:374.015   CPU_ReadMem(4 bytes @ 0x00003368)
T4BCC 006:375.800   Data:  00 00 00 00
T4BCC 006:375.827 - 1.831ms returns 0
T4BCC 006:376.594 JLINK_IsHalted()
T4BCC 006:376.618 - 0.024ms returns TRUE
T4BCC 006:376.626 JLINK_ReadMem(0x00003364, 0x4 Bytes, ...)
T4BCC 006:376.642   CPU_ReadMem(4 bytes @ 0x00003364)
T4BCC 006:378.369   Data:  00 00 00 00
T4BCC 006:378.393 - 1.767ms returns 0
T4BCC 006:380.006 JLINK_IsHalted()
T4BCC 006:380.042 - 0.035ms returns TRUE
T4BCC 006:380.052 JLINK_ReadMem(0x00003514, 0x4 Bytes, ...)
T4BCC 006:380.074   CPU_ReadMem(4 bytes @ 0x00003514)
T4BCC 006:381.882   Data:  00 00 00 00
T4BCC 006:381.915 - 1.862ms returns 0
T4BCC 008:038.294 JLINK_STRACE_Read(..., NumItems = 0x10000)
T4BCC 008:038.356   
  ***** Error: 
T4BCC 008:038.368   Debugger tries to use on-chip trace buffer but the connected MCU does not provide an on-chip trace buffer (e.g. ETB/MTB/...)
T4BCC 008:038.381 - 0.086ms NumItemsRead = 0xFFFFFFFF
T4BCC 008:038.395 JLINK_IsHalted()
T4BCC 008:039.023 - 0.627ms returns TRUE
T4BCC 008:039.049 JLINK_STRACE_Read(..., NumItems = 0x10000)
T4BCC 008:039.056 - 0.007ms NumItemsRead = 0xFFFFFFFF
T4BCC 008:039.065 JLINK_GoEx(MaxEmulInsts = 0, Flags = 0x01)
T4BCC 008:140.974   Memory map 'after startup completion point' is active
T4BCC 008:141.005 - 101.939ms
T4BCC 008:143.763 JLINK_IsHalted()
T4BCC 008:144.508 - 0.745ms returns FALSE
T4BCC 008:144.529 JLINK_ReadMemZonedEx(0x20003368, 0x4 bytes)
T4BCC 008:144.960   CPU_ReadMem(4 bytes @ 0x20003368)
T4BCC 008:145.629   Data:  00 00 00 00
T4BCC 008:145.645 - 1.116ms returns 4 (0x4)
T4BCC 008:146.165 JLINK_IsHalted()
T4BCC 008:146.802 - 0.636ms returns FALSE
T4BCC 008:146.811 JLINK_ReadMemZonedEx(0x20003364, 0x4 bytes)
T4BCC 008:146.820   CPU_ReadMem(4 bytes @ 0x20003364)
T4BCC 008:147.550   Data:  00 00 00 00
T4BCC 008:147.565 - 0.754ms returns 4 (0x4)
T4BCC 008:148.745 JLINK_IsHalted()
T4BCC 008:149.419 - 0.673ms returns FALSE
T4BCC 008:149.431 JLINK_ReadMemZonedEx(0x20003514, 0x4 bytes)
T4BCC 008:149.441   CPU_ReadMem(4 bytes @ 0x20003514)
T4BCC 008:150.136   Data:  00 00 00 00
T4BCC 008:150.147 - 0.716ms returns 4 (0x4)
T4BCC 008:248.130 JLINK_IsHalted()
T4BCC 008:249.054 - 0.924ms returns FALSE
T4BCC 008:249.103 JLINK_IsHalted()
T4BCC 008:249.997 - 0.893ms returns FALSE
T4BCC 008:357.773 JLINK_IsHalted()
T4BCC 008:358.383 - 0.610ms returns FALSE
T4BCC 008:358.401 JLINK_IsHalted()
T4BCC 008:359.124 - 0.722ms returns FALSE
T4BCC 008:467.101 JLINK_IsHalted()
T4BCC 008:467.755 - 0.652ms returns FALSE
T4BCC 008:467.786 JLINK_IsHalted()
T4BCC 008:468.357 - 0.566ms returns FALSE
T4BCC 008:576.768 JLINK_IsHalted()
T4BCC 008:577.817 - 1.048ms returns FALSE
T4BCC 008:577.864 JLINK_IsHalted()
T4BCC 008:578.966 - 1.100ms returns FALSE
T4BCC 008:686.119 JLINK_IsHalted()
T4BCC 008:687.031 - 0.911ms returns FALSE
T4BCC 008:687.048 JLINK_IsHalted()
T4BCC 008:687.824 - 0.775ms returns FALSE
T4BCC 008:795.865 JLINK_IsHalted()
T4BCC 008:796.862 - 0.995ms returns FALSE
T4BCC 008:796.905 JLINK_IsHalted()
T4BCC 008:797.904 - 0.999ms returns FALSE
T4BCC 008:904.630 JLINK_IsHalted()
T4BCC 008:905.510 - 0.879ms returns FALSE
T4BCC 008:905.550 JLINK_IsHalted()
T4BCC 008:906.471 - 0.919ms returns FALSE
T4BCC 009:013.818 JLINK_IsHalted()
T4BCC 009:014.746 - 0.927ms returns FALSE
T4BCC 009:014.764 JLINK_IsHalted()
T4BCC 009:015.559 - 0.795ms returns FALSE
T2960 009:060.606 JLINK_IsHalted()
T2960 009:061.400 - 0.794ms returns FALSE
T2960 009:061.421 JLINK_IsHalted()
T2960 009:062.119 - 0.697ms returns FALSE
T4BCC 009:071.046 JLINK_IsHalted()
T4BCC 009:071.697 - 0.650ms returns FALSE
T4BCC 009:071.722 JLINK_ReadMemZonedEx(0x20003368, 0x4 bytes)
T4BCC 009:071.733   CPU_ReadMem(4 bytes @ 0x20003368)
T4BCC 009:072.377   Data:  00 00 00 00
T4BCC 009:072.388 - 0.665ms returns 4 (0x4)
T4BCC 009:072.841 JLINK_IsHalted()
T4BCC 009:073.464 - 0.623ms returns FALSE
T4BCC 009:073.476 JLINK_ReadMemZonedEx(0x20003364, 0x4 bytes)
T4BCC 009:073.485   CPU_ReadMem(4 bytes @ 0x20003364)
T4BCC 009:074.131   Data:  00 00 00 00
T4BCC 009:074.141 - 0.665ms returns 4 (0x4)
T4BCC 009:075.197 JLINK_IsHalted()
T4BCC 009:075.833 - 0.636ms returns FALSE
T4BCC 009:075.850 JLINK_ReadMemZonedEx(0x20003514, 0x4 bytes)
T4BCC 009:075.859   CPU_ReadMem(4 bytes @ 0x20003514)
T4BCC 009:076.604   Data:  00 00 00 00
T4BCC 009:076.616 - 0.766ms returns 4 (0x4)
T4BCC 009:123.171 JLINK_IsHalted()
T4BCC 009:123.932 - 0.760ms returns FALSE
T4BCC 009:123.950 JLINK_IsHalted()
T4BCC 009:124.881 - 0.930ms returns FALSE
T4BCC 009:232.338 JLINK_IsHalted()
T4BCC 009:232.942 - 0.603ms returns FALSE
T4BCC 009:232.962 JLINK_IsHalted()
T4BCC 009:233.542 - 0.579ms returns FALSE
T4BCC 009:343.005 JLINK_IsHalted()
T4BCC 009:343.982 - 0.976ms returns FALSE
T4BCC 009:344.023 JLINK_IsHalted()
T4BCC 009:344.886 - 0.861ms returns FALSE
T4BCC 009:451.141 JLINK_IsHalted()
T4BCC 009:451.794 - 0.651ms returns FALSE
T4BCC 009:451.828 JLINK_IsHalted()
T4BCC 009:452.420 - 0.591ms returns FALSE
T4BCC 009:560.689 JLINK_IsHalted()
T4BCC 009:561.426 - 0.735ms returns FALSE
T4BCC 009:561.451 JLINK_IsHalted()
T4BCC 009:562.196 - 0.743ms returns FALSE
T4BCC 009:670.405 JLINK_IsHalted()
T4BCC 009:671.199 - 0.793ms returns FALSE
T4BCC 009:671.216 JLINK_IsHalted()
T4BCC 009:672.024 - 0.806ms returns FALSE
T4BCC 009:779.864 JLINK_IsHalted()
T4BCC 009:780.840 - 0.975ms returns FALSE
T4BCC 009:780.876 JLINK_IsHalted()
T4BCC 009:781.739 - 0.860ms returns FALSE
T4BCC 009:889.353 JLINK_IsHalted()
T4BCC 009:890.018 - 0.665ms returns FALSE
T4BCC 009:890.038 JLINK_IsHalted()
T4BCC 009:890.584 - 0.546ms returns FALSE
T4BCC 009:997.995 JLINK_IsHalted()
T4BCC 009:998.947 - 0.951ms returns FALSE
T4BCC 009:998.983 JLINK_IsHalted()
T4BCC 009:999.809 - 0.824ms returns FALSE
T4BCC 010:063.272 JLINK_IsHalted()
T4BCC 010:063.904 - 0.631ms returns FALSE
T4BCC 010:063.933 JLINK_ReadMemZonedEx(0x20003368, 0x4 bytes)
T4BCC 010:063.945   CPU_ReadMem(4 bytes @ 0x20003368)
T4BCC 010:064.709   Data:  00 00 00 00
T4BCC 010:064.726 - 0.793ms returns 4 (0x4)
T2960 010:064.857 JLINK_IsHalted()
T2960 010:065.676 - 0.819ms returns FALSE
T2960 010:065.701 JLINK_IsHalted()
T2960 010:066.273 - 0.571ms returns FALSE
T4BCC 010:066.327 JLINK_IsHalted()
T4BCC 010:066.920 - 0.592ms returns FALSE
T4BCC 010:066.930 JLINK_ReadMemZonedEx(0x20003364, 0x4 bytes)
T4BCC 010:066.941   CPU_ReadMem(4 bytes @ 0x20003364)
T4BCC 010:067.605   Data:  00 00 00 00
T4BCC 010:067.624 - 0.694ms returns 4 (0x4)
T4BCC 010:069.143 JLINK_IsHalted()
T4BCC 010:069.912 - 0.768ms returns FALSE
T4BCC 010:069.952 JLINK_ReadMemZonedEx(0x20003514, 0x4 bytes)
T4BCC 010:069.964   CPU_ReadMem(4 bytes @ 0x20003514)
T4BCC 010:070.617   Data:  00 00 00 00
T4BCC 010:070.629 - 0.676ms returns 4 (0x4)
T4BCC 010:107.642 JLINK_IsHalted()
T4BCC 010:108.320 - 0.678ms returns FALSE
T4BCC 010:108.329 JLINK_IsHalted()
T4BCC 010:108.827 - 0.498ms returns FALSE
T4BCC 010:217.577 JLINK_IsHalted()
T4BCC 010:218.762 - 1.183ms returns FALSE
T4BCC 010:218.813 JLINK_IsHalted()
T4BCC 010:219.807 - 0.992ms returns FALSE
T4BCC 010:326.562 JLINK_IsHalted()
T4BCC 010:327.425 - 0.862ms returns FALSE
T4BCC 010:327.468 JLINK_IsHalted()
T4BCC 010:328.422 - 0.953ms returns FALSE
T4BCC 010:436.007 JLINK_IsHalted()
T4BCC 010:436.912 - 0.903ms returns FALSE
T4BCC 010:436.972 JLINK_IsHalted()
T4BCC 010:437.773 - 0.799ms returns FALSE
T4BCC 010:544.921 JLINK_IsHalted()
T4BCC 010:545.647 - 0.726ms returns FALSE
T4BCC 010:545.656 JLINK_IsHalted()
T4BCC 010:546.219 - 0.563ms returns FALSE
T4BCC 010:654.501 JLINK_IsHalted()
T4BCC 010:655.328 - 0.826ms returns FALSE
T4BCC 010:655.369 JLINK_IsHalted()
T4BCC 010:656.229 - 0.858ms returns FALSE
T4BCC 010:764.067 JLINK_IsHalted()
T4BCC 010:764.994 - 0.925ms returns FALSE
T4BCC 010:765.030 JLINK_IsHalted()
T4BCC 010:765.948 - 0.917ms returns FALSE
T4BCC 010:873.472 JLINK_IsHalted()
T4BCC 010:874.307 - 0.833ms returns FALSE
T4BCC 010:874.332 JLINK_IsHalted()
T4BCC 010:875.288 - 0.955ms returns FALSE
T4BCC 010:949.151 JLINK_IsHalted()
T4BCC 010:949.810 - 0.658ms returns FALSE
T4BCC 010:949.830 JLINK_IsHalted()
T4BCC 010:950.352 - 0.520ms returns FALSE
T4BCC 010:950.387 JLINK_IsHalted()
T4BCC 010:950.883 - 0.495ms returns FALSE
T4BCC 010:950.914 JLINK_IsHalted()
T4BCC 010:951.431 - 0.516ms returns FALSE
T4BCC 010:951.461 JLINK_Halt()
T4BCC 010:969.252 - 17.789ms returns 0x00
T4BCC 010:969.297 JLINK_IsHalted()
T4BCC 010:969.304 - 0.006ms returns TRUE
T4BCC 010:969.313 JLINK_ReadReg(AARCH32_PC)
T4BCC 010:969.322 - 0.009ms returns 0x0000000C
T4BCC 010:969.337 JLINK_ReadReg(AARCH32_CPSR)
T4BCC 010:969.343 - 0.006ms returns 0x800001D7
T4BCC 010:969.350 JLINK_ReadReg(AARCH32_PC)
T4BCC 010:969.356 - 0.006ms returns 0x0000000C
T4BCC 010:969.363 JLINK_ReadReg(AARCH32_CPSR)
T4BCC 010:969.369 - 0.006ms returns 0x800001D7
T4BCC 010:969.376 JLINK_IsHalted()
T4BCC 010:969.381 - 0.005ms returns TRUE
T4BCC 010:969.388 JLINK_ReadReg(AARCH32_CPSR)
T4BCC 010:969.394 - 0.006ms returns 0x800001D7
T4BCC 010:969.401 JLINK_ReadReg(AARCH32_PC)
T4BCC 010:969.407 - 0.006ms returns 0x0000000C
T4BCC 010:969.414 JLINK_ReadReg(AARCH32_CPSR)
T4BCC 010:969.420 - 0.006ms returns 0x800001D7
T4BCC 010:970.037 JLINK_ReadRegs(NumRegs = 17, Indexes: 116, 117, 118, 119, 120, 121, 122, 123, 189, 190, 191, 192, 193, 194, 195, 147, 149)
T4BCC 010:970.063    -- AARCH32_R0=0xB783, AARCH32_R1=0x2FAF07F, AARCH32_R2=0x2C48, AARCH32_R3=0x00, AARCH32_R4=0x102000, AARCH32_R5=0x78FB261, AARCH32_R6=0x79D51D7, AARCH32_R7=0x78787A8, AARCH32_R8=0x74759F7, AARCH32_R9=0x78787A8, AARCH32_R10=0xF8704D9E, AARCH32_R11=0x00, AARCH32_R12=0x00, AARCH32_R13=0x105110, AARCH32_R14=0x102060, AARCH32_PC=0x0C, AARCH32_CPSR=0x800001D7
T4BCC 010:970.072 - 0.035ms returns 0x00
T4BCC 010:970.788 JLINK_IsHalted()
T4BCC 010:970.804 - 0.016ms returns TRUE
T4BCC 010:970.811 JLINK_ReadMem(0x0000000C, 0x4 Bytes, ...)
T4BCC 010:970.827   CPU_ReadMem(64 bytes @ 0x00000000)
T4BCC 010:974.882    -- Updating DA cache (64 bytes @ 0x00000000)
T4BCC 010:974.904    -- Read from DA cache (4 bytes @ 0x0000000C)
T4BCC 010:974.914   Data:  18 F0 9F E5
T4BCC 010:974.924 - 4.113ms returns 0
T4BCC 010:975.220 JLINK_IsHalted()
T4BCC 010:975.237 - 0.017ms returns TRUE
T4BCC 010:975.245 JLINK_ReadMem(0x0000000C, 0x4 Bytes, ...)
T4BCC 010:975.317    -- Read from DA cache (4 bytes @ 0x0000000C)
T4BCC 010:975.331   Data:  18 F0 9F E5
T4BCC 010:975.341 - 0.095ms returns 0
T4BCC 010:975.815 JLINK_ResetPullsRESET(ON)
T4BCC 010:975.830 - 0.015ms
T4BCC 010:975.838 JLINK_Halt()
T4BCC 010:975.844 - 0.006ms returns 0x00
T4BCC 010:975.851 JLINK_IsHalted()
T4BCC 010:975.857 - 0.006ms returns TRUE
T4BCC 010:975.864 JLINK_Reset()
T4BCC 010:975.875   Memory map 'before startup completion point' is active
T4BCC 010:975.884   ResetTarget() start
T4BCC 010:975.893    J-Link Script File: Executing ResetTarget()
T4BCC 010:975.900   Reset: Halt core immediately after reset using reset catch.
T4BCC 011:184.324   Authenticated device detected. Skipping authentication process.
T4BCC 011:184.357     OCDREG_STATUS: 0x00000001
T4BCC 011:187.813   Disabled core power domain detected.
T4BCC 011:193.073   Enabling debug mode...
T4BCC 011:197.006   ResetTarget() end - Took 221ms
T4BCC 011:216.529 - 240.664ms
T4BCC 011:216.571 JLINK_SetEndian(ARM_ENDIAN_LITTLE)
T4BCC 011:216.577 - 0.006ms returns 0
T4BCC 011:217.533 JLINK_IsHalted()
T4BCC 011:217.565 - 0.032ms returns TRUE
T4BCC 011:217.575 JLINK_ReadMem(0x0000000C, 0x4 Bytes, ...)
T4BCC 011:217.594   CPU_ReadMem(4 bytes @ 0x0000000C)
T4BCC 011:219.420   Data:  18 F0 9F E5
T4BCC 011:219.444 - 1.868ms returns 0
T4BCC 011:219.747 JLINK_IsHalted()
T4BCC 011:219.767 - 0.019ms returns TRUE
T4BCC 011:219.777 JLINK_ReadMem(0x0000000C, 0x4 Bytes, ...)
T4BCC 011:219.795   CPU_ReadMem(4 bytes @ 0x0000000C)
T4BCC 011:221.482   Data:  18 F0 9F E5
T4BCC 011:221.503 - 1.726ms returns 0
T4BCC 011:221.757 JLINK_IsHalted()
T4BCC 011:221.769 - 0.012ms returns TRUE
T4BCC 011:221.776 JLINK_ReadMem(0x00000000, 0x40 Bytes, ...)
T4BCC 011:221.789   CPU_ReadMem(64 bytes @ 0x00000000)
T4BCC 011:225.918   Data:  18 F0 9F E5 18 F0 9F E5 18 F0 9F E5 18 F0 9F E5 ...
T4BCC 011:225.939 - 4.162ms returns 0
T4BCC 011:228.573 JLINK_IsHalted()
T4BCC 011:228.604 - 0.031ms returns TRUE
T4BCC 011:228.615 JLINK_ReadMem(0x00003368, 0x4 Bytes, ...)
T4BCC 011:228.632   CPU_ReadMem(4 bytes @ 0x00003368)
T4BCC 011:230.366   Data:  00 00 00 00
T4BCC 011:230.387 - 1.772ms returns 0
T4BCC 011:230.875 JLINK_IsHalted()
T4BCC 011:230.891 - 0.015ms returns TRUE
T4BCC 011:230.897 JLINK_ReadMem(0x00003364, 0x4 Bytes, ...)
T4BCC 011:230.909   CPU_ReadMem(4 bytes @ 0x00003364)
T4BCC 011:232.594   Data:  00 00 00 00
T4BCC 011:232.614 - 1.716ms returns 0
T4BCC 011:233.899 JLINK_IsHalted()
T4BCC 011:233.934 - 0.034ms returns TRUE
T4BCC 011:233.942 JLINK_ReadMem(0x00003514, 0x4 Bytes, ...)
T4BCC 011:233.960   CPU_ReadMem(4 bytes @ 0x00003514)
T4BCC 011:235.736   Data:  00 00 00 00
T4BCC 011:235.769 - 1.827ms returns 0
T4BCC 011:238.506 JLINK_ClrBPEx(BPHandle = 0x00000002)
T4BCC 011:238.541 - 0.034ms returns 0x00
T4BCC 011:238.551 JLINK_SetBPEx(Addr = 0x0000028A, Type = 0xFFFFFF00)
T4BCC 011:238.559 - 0.008ms returns 0x00000003
T4BCC 011:238.566 JLINK_SetBPEx(Addr = 0x00000288, Type = 0xFFFFFF00)
T4BCC 011:238.572 - 0.006ms returns 0x00000004
T4BCC 011:238.581 JLINK_ClrBPEx(BPHandle = 0x00000003)
T4BCC 011:238.588 - 0.006ms returns 0x00
T4BCC 011:238.594 JLINK_ClrBPEx(BPHandle = 0x00000004)
T4BCC 011:238.600 - 0.006ms returns 0x00
T4BCC 011:238.608 JLINK_SetBPEx(Addr = 0x0000028A, Type = 0xFFFFFF00)
T4BCC 011:238.614 - 0.006ms returns 0x00000005
T4BCC 011:249.709 JLINK_IsHalted()
T4BCC 011:249.750 - 0.040ms returns TRUE
T4BCC 011:249.761 JLINK_ReadMem(0x00000280, 0x40 Bytes, ...)
T4BCC 011:249.784   CPU_ReadMem(64 bytes @ 0x00000280)
T4BCC 011:254.042   Data:  00 00 00 F0 05 FE 08 BD 08 B5 FF F7 39 FF 00 20 ...
T4BCC 011:254.072 - 4.311ms returns 0
T4BCC 011:254.602 JLINK_IsHalted()
T4BCC 011:254.625 - 0.023ms returns TRUE
T4BCC 011:254.632 JLINK_ReadMem(0x0000028A, 0x2 Bytes, ...)
T4BCC 011:254.649   CPU_ReadMem(2 bytes @ 0x0000028A)
T4BCC 011:256.128   Data:  FF F7
T4BCC 011:256.152 - 1.519ms returns 0
T4BCC 011:270.367 JLINK_ReadRegs(NumRegs = 17, Indexes: 116, 117, 118, 119, 120, 121, 122, 123, 189, 190, 191, 192, 193, 194, 195, 147, 149)
T4BCC 011:270.411    -- AARCH32_R0=0x6DBFD9, AARCH32_R1=0x2FAF07F, AARCH32_R2=0x3364, AARCH32_R3=0x00, AARCH32_R4=0x102000, AARCH32_R5=0x78FB261, AARCH32_R6=0x79D51D7, AARCH32_R7=0x78787A8, AARCH32_R8=0x74759F7, AARCH32_R9=0x78787A8, AARCH32_R10=0xF8704D9E, AARCH32_R11=0x00, AARCH32_R12=0x00, AARCH32_R13=0x104100, AARCH32_R14=0x102251, AARCH32_PC=0x10225C, AARCH32_CPSR=0x800001F3
T4BCC 011:270.423 - 0.056ms returns 0x00
T4BCC 011:271.181 JLINK_IsHalted()
T4BCC 011:271.212 - 0.030ms returns TRUE
T4BCC 011:271.219 JLINK_ReadMem(0x0000019C, 0x2 Bytes, ...)
T4BCC 011:271.236   CPU_ReadMem(2 bytes @ 0x0000019C)
T4BCC 011:272.618   Data:  42 F2
T4BCC 011:272.644 - 1.424ms returns 0
T4BCC 011:272.885 JLINK_IsHalted()
T4BCC 011:272.903 - 0.018ms returns TRUE
T4BCC 011:272.910 JLINK_ReadMem(0x00000180, 0x40 Bytes, ...)
T4BCC 011:272.923   CPU_ReadMem(64 bytes @ 0x00000180)
T4BCC 011:277.113   Data:  84 40 C0 F2 00 00 00 F0 E6 F9 4F F4 7A 74 21 46 ...
T4BCC 011:277.147 - 4.236ms returns 0
T4BCC 011:277.566 JLINK_IsHalted()
T4BCC 011:277.594 - 0.028ms returns TRUE
T4BCC 011:277.601 JLINK_ReadMem(0x0000019C, 0x2 Bytes, ...)
T4BCC 011:277.618   CPU_ReadMem(2 bytes @ 0x0000019C)
T4BCC 011:279.041   Data:  42 F2
T4BCC 011:279.057 - 1.456ms returns 0
T4BCC 011:279.353 JLINK_IsHalted()
T4BCC 011:279.362 - 0.009ms returns TRUE
T4BCC 011:279.369 JLINK_ReadMem(0x0000025A, 0x2 Bytes, ...)
T4BCC 011:279.383   CPU_ReadMem(2 bytes @ 0x0000025A)
T4BCC 011:280.745   Data:  43 F2
T4BCC 011:280.765 - 1.395ms returns 0
T4BCC 011:281.015 JLINK_IsHalted()
T4BCC 011:281.034 - 0.018ms returns TRUE
T4BCC 011:281.041 JLINK_ReadMem(0x000001C0, 0x40 Bytes, ...)
T4BCC 011:281.053   CPU_ReadMem(64 bytes @ 0x000001C0)
T4BCC 011:285.190   Data:  01 32 1A 60 05 B0 30 BD 43 F2 74 35 C0 F2 00 05 ...
T4BCC 011:285.225 - 4.184ms returns 0
T4BCC 011:285.588 JLINK_IsHalted()
T4BCC 011:285.606 - 0.018ms returns TRUE
T4BCC 011:285.613 JLINK_ReadMem(0x0000025A, 0x2 Bytes, ...)
T4BCC 011:285.628   CPU_ReadMem(2 bytes @ 0x0000025A)
T4BCC 011:286.985   Data:  43 F2
T4BCC 011:287.002 - 1.388ms returns 0
T4BCC 011:287.315 JLINK_IsHalted()
T4BCC 011:287.326 - 0.010ms returns TRUE
T4BCC 011:287.333 JLINK_ReadMem(0x00000118, 0x2 Bytes, ...)
T4BCC 011:287.343   CPU_ReadMem(2 bytes @ 0x00000118)
T4BCC 011:289.354   Data:  AB 68
T4BCC 011:289.373 - 2.040ms returns 0
T4BCC 011:289.652 JLINK_IsHalted()
T4BCC 011:289.662 - 0.010ms returns TRUE
T4BCC 011:289.669 JLINK_ReadMem(0x00000100, 0x40 Bytes, ...)
T4BCC 011:289.680   CPU_ReadMem(64 bytes @ 0x00000100)
T4BCC 011:293.776   Data:  38 B5 42 F2 58 43 C0 F2 00 03 1C 68 9D 68 2A 68 ...
T4BCC 011:293.804 - 4.135ms returns 0
T4BCC 011:294.121 JLINK_IsHalted()
T4BCC 011:294.143 - 0.021ms returns TRUE
T4BCC 011:294.150 JLINK_ReadMem(0x00000118, 0x2 Bytes, ...)
T4BCC 011:294.164   CPU_ReadMem(2 bytes @ 0x00000118)
T4BCC 011:295.521   Data:  AB 68
T4BCC 011:295.531 - 1.381ms returns 0
T4BCC 011:296.464 JLINK_IsHalted()
T4BCC 011:296.499 - 0.035ms returns TRUE
T4BCC 011:296.507 JLINK_ReadMem(0x00000280, 0x40 Bytes, ...)
T4BCC 011:296.522   CPU_ReadMem(64 bytes @ 0x00000280)
T4BCC 011:300.671   Data:  00 00 00 F0 05 FE 08 BD 08 B5 FF F7 39 FF 00 20 ...
T4BCC 011:300.699 - 4.192ms returns 0
T4BCC 011:301.151 JLINK_IsHalted()
T4BCC 011:301.186 - 0.035ms returns TRUE
T4BCC 011:301.193 JLINK_ReadMem(0x0000028A, 0x2 Bytes, ...)
T4BCC 011:301.212   CPU_ReadMem(2 bytes @ 0x0000028A)
T4BCC 011:302.535   Data:  FF F7
T4BCC 011:302.549 - 1.355ms returns 0
T4BCC 011:303.367 JLINK_IsHalted()
T4BCC 011:303.378 - 0.011ms returns TRUE
T4BCC 011:303.385 JLINK_ReadMem(0x0000028A, 0x2 Bytes, ...)
T4BCC 011:303.397   CPU_ReadMem(2 bytes @ 0x0000028A)
T4BCC 011:304.728   Data:  FF F7
T4BCC 011:304.752 - 1.367ms returns 0
T4BCC 011:305.007 JLINK_ClrBPEx(BPHandle = 0x00000005)
T4BCC 011:305.026 - 0.019ms returns 0x00
T4BCC 011:305.037 JLINK_SetBPEx(Addr = 0x0000028A, Type = 0xFFFFFF00)
T4BCC 011:305.044 - 0.007ms returns 0x00000006
T4BCC 011:305.506 JLINK_STRACE_Read(..., NumItems = 0x10000)
T4BCC 011:305.532 - 0.026ms NumItemsRead = 0xFFFFFFFF
T4BCC 011:305.542 JLINK_IsHalted()
T4BCC 011:305.548 - 0.006ms returns TRUE
T4BCC 011:305.556 JLINK_STRACE_Read(..., NumItems = 0x10000)
T4BCC 011:305.562 - 0.006ms NumItemsRead = 0xFFFFFFFF
T4BCC 011:305.569 JLINK_GoEx(MaxEmulInsts = 0, Flags = 0x01)
T4BCC 011:316.281   Memory map 'after startup completion point' is active
T4BCC 011:316.316 - 10.746ms
T4BCC 011:420.189 JLINK_IsHalted()
T4BCC 011:420.886 - 0.696ms returns FALSE
T4BCC 011:420.909 JLINK_IsHalted()
T4BCC 011:421.476 - 0.566ms returns FALSE
T4BCC 011:529.704 JLINK_IsHalted()
T4BCC 011:530.613 - 0.909ms returns FALSE
T4BCC 011:530.637 JLINK_IsHalted()
T4BCC 011:531.372 - 0.734ms returns FALSE
T4BCC 011:639.346 JLINK_IsHalted()
T4BCC 011:640.367 - 1.020ms returns FALSE
T4BCC 011:640.389 JLINK_IsHalted()
T4BCC 011:641.281 - 0.892ms returns FALSE
T4BCC 011:748.284 JLINK_IsHalted()
T4BCC 011:765.740 - 17.455ms returns TRUE
T4BCC 011:765.782 JLINK_ReadReg(AARCH32_PC)
T4BCC 011:765.793 - 0.010ms returns 0x0000028A
T4BCC 011:765.887 JLINK_ReadReg(AARCH32_CPSR)
T4BCC 011:765.905 - 0.018ms returns 0x20000033
T4BCC 011:765.913 JLINK_ReadReg(AARCH32_PC)
T4BCC 011:765.919 - 0.006ms returns 0x0000028A
T4BCC 011:765.927 JLINK_ReadReg(AARCH32_CPSR)
T4BCC 011:765.933 - 0.006ms returns 0x20000033
T4BCC 011:765.941 JLINK_IsHalted()
T4BCC 011:765.948 - 0.006ms returns TRUE
T4BCC 011:765.955 JLINK_ReadReg(AARCH32_CPSR)
T4BCC 011:765.961 - 0.006ms returns 0x20000033
T4BCC 011:765.967 JLINK_ReadReg(AARCH32_PC)
T4BCC 011:765.973 - 0.006ms returns 0x0000028A
T4BCC 011:765.980 JLINK_ReadReg(AARCH32_CPSR)
T4BCC 011:765.986 - 0.005ms returns 0x20000033
T4BCC 011:766.727 JLINK_ReadRegs(NumRegs = 17, Indexes: 116, 117, 118, 119, 120, 121, 122, 123, 189, 190, 191, 192, 193, 194, 195, 147, 149)
T4BCC 011:766.757    -- AARCH32_R0=0x01, AARCH32_R1=0xA502, AARCH32_R2=0x81281000, AARCH32_R3=0x401, AARCH32_R4=0x102000, AARCH32_R5=0x78FB261, AARCH32_R6=0x79D51D7, AARCH32_R7=0x78787A8, AARCH32_R8=0x74759F7, AARCH32_R9=0x78787A8, AARCH32_R10=0xF8704D9E, AARCH32_R11=0x00, AARCH32_R12=0x94000000, AARCH32_R13=0x1040F8, AARCH32_R14=0x102281, AARCH32_PC=0x28A, AARCH32_CPSR=0x20000033
T4BCC 011:766.770 - 0.043ms returns 0x00
T4BCC 011:768.231 JLINK_IsHalted()
T4BCC 011:768.253 - 0.022ms returns TRUE
T4BCC 011:768.261 JLINK_ReadMem(0x0000028A, 0x4 Bytes, ...)
T4BCC 011:768.278   CPU_ReadMem(64 bytes @ 0x00000280)
T4BCC 011:772.602    -- Updating DA cache (64 bytes @ 0x00000280)
T4BCC 011:772.635    -- Read from DA cache (4 bytes @ 0x0000028A)
T4BCC 011:772.646   Data:  FF F7 39 FF
T4BCC 011:772.656 - 4.394ms returns 0
T4BCC 011:773.575 JLINK_ClrBPEx(BPHandle = 0x00000006)
T4BCC 011:773.662 - 0.086ms returns 0x00
T4BCC 011:785.550 JLINK_IsHalted()
T4BCC 011:785.582 - 0.031ms returns TRUE
T4BCC 011:785.589 JLINK_ReadMem(0x0000028A, 0x4 Bytes, ...)
T4BCC 011:785.601    -- Read from DA cache (4 bytes @ 0x0000028A)
T4BCC 011:785.610   Data:  FF F7 39 FF
T4BCC 011:785.619 - 0.030ms returns 0
T4BCC 011:830.634 JLINK_IsHalted()
T4BCC 011:830.668 - 0.033ms returns TRUE
T4BCC 011:830.675 JLINK_ReadMem(0x00003368, 0x4 Bytes, ...)
T4BCC 011:830.692   CPU_ReadMem(64 bytes @ 0x00003340)
T4BCC 011:834.799    -- Updating DA cache (64 bytes @ 0x00003340)
T4BCC 011:834.840    -- Read from DA cache (4 bytes @ 0x00003368)
T4BCC 011:834.850   Data:  00 00 00 00
T4BCC 011:834.860 - 4.184ms returns 0
T4BCC 011:835.564 JLINK_IsHalted()
T4BCC 011:835.591 - 0.027ms returns TRUE
T4BCC 011:835.599 JLINK_ReadMem(0x00003364, 0x4 Bytes, ...)
T4BCC 011:835.611    -- Read from DA cache (4 bytes @ 0x00003364)
T4BCC 011:835.620   Data:  00 00 00 00
T4BCC 011:835.629 - 0.030ms returns 0
T4BCC 011:836.765 JLINK_IsHalted()
T4BCC 011:836.787 - 0.021ms returns TRUE
T4BCC 011:836.794 JLINK_ReadMem(0x00003514, 0x4 Bytes, ...)
T4BCC 011:836.811   CPU_ReadMem(64 bytes @ 0x00003500)
T4BCC 011:840.879    -- Updating DA cache (64 bytes @ 0x00003500)
T4BCC 011:840.910    -- Read from DA cache (4 bytes @ 0x00003514)
T4BCC 011:840.920   Data:  00 00 00 00
T4BCC 011:840.929 - 4.134ms returns 0
T4BCC 012:012.954 JLINK_IsHalted()
T4BCC 012:012.991 - 0.036ms returns TRUE
T4BCC 012:012.999 JLINK_ReadMem(0x00003368, 0x4 Bytes, ...)
T4BCC 012:013.012    -- Read from DA cache (4 bytes @ 0x00003368)
T4BCC 012:013.022   Data:  00 00 00 00
T4BCC 012:013.031 - 0.032ms returns 0
T4BCC 012:013.453 JLINK_IsHalted()
T4BCC 012:013.469 - 0.016ms returns TRUE
T4BCC 012:013.476 JLINK_ReadMem(0x00003364, 0x4 Bytes, ...)
T4BCC 012:013.489    -- Read from DA cache (4 bytes @ 0x00003364)
T4BCC 012:013.500   Data:  00 00 00 00
T4BCC 012:013.511 - 0.034ms returns 0
T4BCC 012:014.883 JLINK_IsHalted()
T4BCC 012:014.916 - 0.033ms returns TRUE
T4BCC 012:014.924 JLINK_ReadMem(0x00003514, 0x4 Bytes, ...)
T4BCC 012:014.937    -- Read from DA cache (4 bytes @ 0x00003514)
T4BCC 012:014.946   Data:  00 00 00 00
T4BCC 012:014.956 - 0.032ms returns 0
T4BCC 012:507.130 JLINK_STRACE_Read(..., NumItems = 0x10000)
T4BCC 012:507.168 - 0.039ms NumItemsRead = 0xFFFFFFFF
T4BCC 012:507.180 JLINK_IsHalted()
T4BCC 012:507.778 - 0.598ms returns TRUE
T4BCC 012:507.792 JLINK_STRACE_Read(..., NumItems = 0x10000)
T4BCC 012:507.798 - 0.006ms NumItemsRead = 0xFFFFFFFF
T4BCC 012:507.806 JLINK_GoEx(MaxEmulInsts = 0, Flags = 0x01)
T4BCC 012:517.754 - 9.945ms
T4BCC 012:623.335 JLINK_IsHalted()
T4BCC 012:623.967 - 0.632ms returns FALSE
T4BCC 012:623.984 JLINK_IsHalted()
T4BCC 012:624.560 - 0.575ms returns FALSE
T4BCC 012:733.039 JLINK_IsHalted()
T4BCC 012:733.685 - 0.645ms returns FALSE
T4BCC 012:733.718 JLINK_IsHalted()
T4BCC 012:734.369 - 0.649ms returns FALSE
T4BCC 012:842.640 JLINK_IsHalted()
T4BCC 012:843.571 - 0.930ms returns FALSE
T4BCC 012:843.614 JLINK_IsHalted()
T4BCC 012:844.496 - 0.880ms returns FALSE
T4BCC 012:951.436 JLINK_IsHalted()
T4BCC 012:952.159 - 0.723ms returns FALSE
T4BCC 012:952.173 JLINK_IsHalted()
T4BCC 012:952.879 - 0.705ms returns FALSE
T4BCC 013:061.010 JLINK_IsHalted()
T4BCC 013:061.879 - 0.868ms returns FALSE
T4BCC 013:061.928 JLINK_IsHalted()
T4BCC 013:062.853 - 0.923ms returns FALSE
T4BCC 013:170.700 JLINK_IsHalted()
T4BCC 013:171.559 - 0.858ms returns FALSE
T4BCC 013:171.576 JLINK_IsHalted()
T4BCC 013:172.412 - 0.835ms returns FALSE
T4BCC 013:279.262 JLINK_IsHalted()
T4BCC 013:280.222 - 0.958ms returns FALSE
T4BCC 013:280.274 JLINK_IsHalted()
T4BCC 013:281.147 - 0.871ms returns FALSE
T4BCC 013:388.889 JLINK_IsHalted()
T4BCC 013:389.537 - 0.647ms returns FALSE
T4BCC 013:389.546 JLINK_IsHalted()
T4BCC 013:390.060 - 0.513ms returns FALSE
T4BCC 013:498.066 JLINK_IsHalted()
T4BCC 013:498.777 - 0.710ms returns FALSE
T4BCC 013:498.799 JLINK_IsHalted()
T4BCC 013:499.377 - 0.577ms returns FALSE
T2960 013:530.379 JLINK_IsHalted()
T2960 013:531.075 - 0.694ms returns FALSE
T2960 013:531.100 JLINK_IsHalted()
T2960 013:531.656 - 0.555ms returns FALSE
T4BCC 013:538.875 JLINK_IsHalted()
T4BCC 013:539.496 - 0.621ms returns FALSE
T4BCC 013:539.518 JLINK_ReadMemZonedEx(0x20003368, 0x4 bytes)
T4BCC 013:539.531   CPU_ReadMem(4 bytes @ 0x20003368)
T4BCC 013:540.119   Data:  00 00 00 00
T4BCC 013:540.139 - 0.621ms returns 4 (0x4)
T4BCC 013:540.703 JLINK_IsHalted()
T4BCC 013:541.201 - 0.498ms returns FALSE
T4BCC 013:541.213 JLINK_ReadMemZonedEx(0x20003364, 0x4 bytes)
T4BCC 013:541.223   CPU_ReadMem(4 bytes @ 0x20003364)
T4BCC 013:541.851   Data:  00 00 00 00
T4BCC 013:541.862 - 0.648ms returns 4 (0x4)
T4BCC 013:543.116 JLINK_IsHalted()
T4BCC 013:543.682 - 0.565ms returns FALSE
T4BCC 013:543.695 JLINK_ReadMemZonedEx(0x20003514, 0x4 bytes)
T4BCC 013:543.705   CPU_ReadMem(4 bytes @ 0x20003514)
T4BCC 013:544.266   Data:  00 00 00 00
T4BCC 013:544.276 - 0.581ms returns 4 (0x4)
T4BCC 013:607.269 JLINK_IsHalted()
T4BCC 013:608.278 - 1.007ms returns FALSE
T4BCC 013:608.306 JLINK_IsHalted()
T4BCC 013:609.000 - 0.693ms returns FALSE
T4BCC 013:717.320 JLINK_IsHalted()
T4BCC 013:718.276 - 0.954ms returns FALSE
T4BCC 013:718.324 JLINK_IsHalted()
T4BCC 013:719.045 - 0.720ms returns FALSE
T4BCC 013:826.318 JLINK_IsHalted()
T4BCC 013:827.175 - 0.856ms returns FALSE
T4BCC 013:827.217 JLINK_IsHalted()
T4BCC 013:828.249 - 1.018ms returns FALSE
T4BCC 013:936.138 JLINK_IsHalted()
T4BCC 013:936.841 - 0.703ms returns FALSE
T4BCC 013:936.869 JLINK_IsHalted()
T4BCC 013:937.529 - 0.659ms returns FALSE
T4BCC 014:045.425 JLINK_IsHalted()
T4BCC 014:046.379 - 0.952ms returns FALSE
T4BCC 014:046.427 JLINK_IsHalted()
T4BCC 014:047.346 - 0.918ms returns FALSE
T4BCC 014:154.560 JLINK_IsHalted()
T4BCC 014:155.321 - 0.759ms returns FALSE
T4BCC 014:155.341 JLINK_IsHalted()
T4BCC 014:156.086 - 0.744ms returns FALSE
T4BCC 014:263.921 JLINK_IsHalted()
T4BCC 014:264.676 - 0.753ms returns FALSE
T4BCC 014:264.717 JLINK_IsHalted()
T4BCC 014:265.795 - 1.076ms returns FALSE
T4BCC 014:373.420 JLINK_IsHalted()
T4BCC 014:374.498 - 1.075ms returns FALSE
T4BCC 014:374.570 JLINK_IsHalted()
T4BCC 014:375.645 - 1.073ms returns FALSE
T4BCC 014:483.058 JLINK_IsHalted()
T4BCC 014:484.005 - 0.945ms returns FALSE
T4BCC 014:484.053 JLINK_IsHalted()
T4BCC 014:484.958 - 0.902ms returns FALSE
T2960 014:532.352 JLINK_IsHalted()
T2960 014:533.017 - 0.663ms returns FALSE
T2960 014:533.061 JLINK_IsHalted()
T2960 014:533.658 - 0.596ms returns FALSE
T4BCC 014:538.470 JLINK_IsHalted()
T4BCC 014:539.293 - 0.823ms returns FALSE
T4BCC 014:539.304 JLINK_ReadMemZonedEx(0x20003368, 0x4 bytes)
T4BCC 014:539.315   CPU_ReadMem(4 bytes @ 0x20003368)
T4BCC 014:540.299   Data:  00 00 00 00
T4BCC 014:540.311 - 1.008ms returns 4 (0x4)
T4BCC 014:540.879 JLINK_IsHalted()
T4BCC 014:541.487 - 0.607ms returns FALSE
T4BCC 014:541.506 JLINK_ReadMemZonedEx(0x20003364, 0x4 bytes)
T4BCC 014:541.519   CPU_ReadMem(4 bytes @ 0x20003364)
T4BCC 014:542.178   Data:  00 00 00 00
T4BCC 014:542.192 - 0.686ms returns 4 (0x4)
T4BCC 014:543.302 JLINK_IsHalted()
T4BCC 014:543.890 - 0.587ms returns FALSE
T4BCC 014:543.915 JLINK_ReadMemZonedEx(0x20003514, 0x4 bytes)
T4BCC 014:543.926   CPU_ReadMem(4 bytes @ 0x20003514)
T4BCC 014:544.608   Data:  00 00 00 00
T4BCC 014:544.631 - 0.716ms returns 4 (0x4)
T4BCC 014:592.556 JLINK_IsHalted()
T4BCC 014:593.490 - 0.933ms returns FALSE
T4BCC 014:593.528 JLINK_IsHalted()
T4BCC 014:594.249 - 0.719ms returns FALSE
T4BCC 014:701.775 JLINK_IsHalted()
T4BCC 014:702.777 - 1.000ms returns FALSE
T4BCC 014:702.815 JLINK_IsHalted()
T4BCC 014:703.789 - 0.972ms returns FALSE
T4BCC 014:810.297 JLINK_IsHalted()
T4BCC 014:811.085 - 0.787ms returns FALSE
T4BCC 014:811.105 JLINK_IsHalted()
T4BCC 014:811.635 - 0.530ms returns FALSE
T4BCC 014:920.551 JLINK_IsHalted()
T4BCC 014:921.206 - 0.655ms returns FALSE
T4BCC 014:921.226 JLINK_IsHalted()
T4BCC 014:921.805 - 0.577ms returns FALSE
T4BCC 015:030.161 JLINK_IsHalted()
T4BCC 015:031.116 - 0.952ms returns FALSE
T4BCC 015:031.197 JLINK_IsHalted()
T4BCC 015:032.012 - 0.813ms returns FALSE
T4BCC 015:139.127 JLINK_IsHalted()
T4BCC 015:140.195 - 1.067ms returns FALSE
T4BCC 015:140.248 JLINK_IsHalted()
T4BCC 015:141.203 - 0.953ms returns FALSE
T4BCC 015:248.383 JLINK_IsHalted()
T4BCC 015:249.452 - 1.067ms returns FALSE
T4BCC 015:249.500 JLINK_IsHalted()
T4BCC 015:250.196 - 0.694ms returns FALSE
T4BCC 015:357.745 JLINK_IsHalted()
T4BCC 015:358.613 - 0.849ms returns FALSE
T4BCC 015:358.701 JLINK_IsHalted()
T4BCC 015:359.654 - 0.951ms returns FALSE
T4BCC 015:467.166 JLINK_IsHalted()
T4BCC 015:467.869 - 0.702ms returns FALSE
T4BCC 015:467.896 JLINK_IsHalted()
T4BCC 015:468.658 - 0.761ms returns FALSE
T2960 015:533.804 JLINK_IsHalted()
T2960 015:534.597 - 0.790ms returns FALSE
T2960 015:534.622 JLINK_IsHalted()
T2960 015:535.234 - 0.610ms returns FALSE
T4BCC 015:542.958 JLINK_IsHalted()
T4BCC 015:543.683 - 0.724ms returns FALSE
T4BCC 015:543.703 JLINK_ReadMemZonedEx(0x20003368, 0x4 bytes)
T4BCC 015:543.715   CPU_ReadMem(4 bytes @ 0x20003368)
T4BCC 015:544.343   Data:  03 00 00 00
T4BCC 015:544.354 - 0.651ms returns 4 (0x4)
T4BCC 015:544.893 JLINK_IsHalted()
T4BCC 015:545.660 - 0.767ms returns FALSE
T4BCC 015:545.681 JLINK_ReadMemZonedEx(0x20003364, 0x4 bytes)
T4BCC 015:545.697   CPU_ReadMem(4 bytes @ 0x20003364)
T4BCC 015:546.371   Data:  00 00 00 00
T4BCC 015:546.393 - 0.711ms returns 4 (0x4)
T4BCC 015:547.702 JLINK_IsHalted()
T4BCC 015:548.259 - 0.557ms returns FALSE
T4BCC 015:548.274 JLINK_ReadMemZonedEx(0x20003514, 0x4 bytes)
T4BCC 015:548.287   CPU_ReadMem(4 bytes @ 0x20003514)
T4BCC 015:549.023   Data:  00 00 00 00
T4BCC 015:549.037 - 0.762ms returns 4 (0x4)
T4BCC 015:576.089 JLINK_IsHalted()
T4BCC 015:576.821 - 0.731ms returns FALSE
T4BCC 015:576.875 JLINK_IsHalted()
T4BCC 015:577.633 - 0.757ms returns FALSE
T4BCC 015:685.658 JLINK_IsHalted()
T4BCC 015:686.645 - 0.986ms returns FALSE
T4BCC 015:686.689 JLINK_IsHalted()
T4BCC 015:687.535 - 0.845ms returns FALSE
T4BCC 015:795.088 JLINK_IsHalted()
T4BCC 015:795.957 - 0.868ms returns FALSE
T4BCC 015:795.999 JLINK_IsHalted()
T4BCC 015:796.944 - 0.944ms returns FALSE
T4BCC 015:904.268 JLINK_IsHalted()
T4BCC 015:905.050 - 0.781ms returns FALSE
T4BCC 015:905.064 JLINK_IsHalted()
T4BCC 015:905.780 - 0.716ms returns FALSE
T4BCC 016:013.643 JLINK_IsHalted()
T4BCC 016:014.897 - 1.252ms returns FALSE
T4BCC 016:014.949 JLINK_IsHalted()
T4BCC 016:015.957 - 1.006ms returns FALSE
T4BCC 016:123.397 JLINK_IsHalted()
T4BCC 016:124.534 - 1.135ms returns FALSE
T4BCC 016:124.583 JLINK_IsHalted()
T4BCC 016:125.404 - 0.820ms returns FALSE
T4BCC 016:232.331 JLINK_IsHalted()
T4BCC 016:233.093 - 0.760ms returns FALSE
T4BCC 016:233.219 JLINK_IsHalted()
T4BCC 016:234.016 - 0.796ms returns FALSE
T4BCC 016:341.685 JLINK_IsHalted()
T4BCC 016:342.613 - 0.926ms returns FALSE
T4BCC 016:342.666 JLINK_IsHalted()
T4BCC 016:343.600 - 0.933ms returns FALSE
T4BCC 016:451.598 JLINK_IsHalted()
T4BCC 016:452.465 - 0.867ms returns FALSE
T4BCC 016:452.475 JLINK_IsHalted()
T4BCC 016:453.310 - 0.834ms returns FALSE
T2960 016:535.233 JLINK_IsHalted()
T2960 016:536.145 - 0.910ms returns FALSE
T2960 016:536.192 JLINK_IsHalted()
T2960 016:537.087 - 0.893ms returns FALSE
T4BCC 016:554.909 JLINK_IsHalted()
T4BCC 016:555.556 - 0.647ms returns FALSE
T4BCC 016:555.574 JLINK_ReadMemZonedEx(0x20003368, 0x4 bytes)
T4BCC 016:555.590   CPU_ReadMem(4 bytes @ 0x20003368)
T4BCC 016:556.273   Data:  03 00 00 00
T4BCC 016:556.416 - 0.840ms returns 4 (0x4)
T4BCC 016:557.244 JLINK_IsHalted()
T4BCC 016:558.048 - 0.803ms returns FALSE
T4BCC 016:558.074 JLINK_ReadMemZonedEx(0x20003364, 0x4 bytes)
T4BCC 016:558.092   CPU_ReadMem(4 bytes @ 0x20003364)
T4BCC 016:559.083   Data:  00 00 00 00
T4BCC 016:559.104 - 1.030ms returns 4 (0x4)
T4BCC 016:560.491 JLINK_IsHalted()
T4BCC 016:561.095 - 0.603ms returns FALSE
T4BCC 016:561.126 JLINK_IsHalted()
T4BCC 016:561.774 - 0.647ms returns FALSE
T4BCC 016:561.893 JLINK_IsHalted()
T4BCC 016:562.735 - 0.841ms returns FALSE
T4BCC 016:562.770 JLINK_ReadMemZonedEx(0x20003514, 0x4 bytes)
T4BCC 016:562.782   CPU_ReadMem(4 bytes @ 0x20003514)
T4BCC 016:563.764   Data:  00 00 00 00
T4BCC 016:563.785 - 1.014ms returns 4 (0x4)
T4BCC 016:670.191 JLINK_IsHalted()
T4BCC 016:671.152 - 0.961ms returns FALSE
T4BCC 016:671.171 JLINK_IsHalted()
T4BCC 016:672.059 - 0.886ms returns FALSE
T2E24 017:207.624 JLINK_Halt()
T2E24 017:225.794 - 18.169ms returns 0x00
T2E24 017:225.838 JLINK_ReadReg(AARCH32_CPSR)
T2E24 017:226.750 - 0.912ms returns 0x20000033
T2E24 017:233.791 JLINK_Close()
T2E24 017:254.736 - 20.944ms
T2E24 017:254.780   
T2E24 017:254.790   Closed
