T395C 000:001.223   SEGGER J-Link V7.94h Log File
T395C 000:001.373   DLL Compiled: Feb  1 2024 11:04:36
T395C 000:001.382   Logging started @ 2024-06-24 02:16
T395C 000:001.391   Process: C:\Users\jerry.chen\.eclipse\com.renesas.platform_1435879475\DebugComp\RZ\e2-server-gdb.exe
T395C 000:001.399 - 1.397ms
T395C 000:001.412 JLINK_GetDLLVersion()
T395C 000:001.422 - 0.010ms returns 79408
T395C 000:002.347 JLINK_OpenEx(...)
T395C 000:013.474   Firmware: J-Link OB-S124 compiled Mar 20 2024 17:50:42
T395C 000:015.113   Firmware: J-Link OB-S124 compiled Mar 20 2024 17:50:42
T395C 000:040.471   Hardware: V1.00
T395C 000:040.516   S/N: 831188308
T395C 000:040.529   OEM: SEGGER
T395C 000:040.541   Feature(s): None
T395C 000:042.046   Bootloader: 2019 Oct 15
T395C 000:043.091   USB speed mode: Full speed (12 MBit/s)
T395C 000:044.363   TELNET listener socket opened on port 19021
T395C 000:044.833   WEBSRV WEBSRV_Init(): Starting webserver thread(s)
T395C 000:045.715   WEBSRV Webserver running on local port 19080
T395C 000:045.909   Looking for J-Link GUI Server exe at: C:\Users\jerry.chen\.eclipse\com.renesas.platform_1435879475\DebugComp\RZ\ARM\Segger_v7.94.8\JLinkGUIServer.exe
T395C 000:046.070   Looking for J-Link GUI Server exe at: C:\Program Files\SEGGER\JLink_V792h\JLinkGUIServer.exe
T395C 000:046.128   Forking J-Link GUI Server: C:\Program Files\SEGGER\JLink_V792h\JLinkGUIServer.exe
T395C 000:089.000   J-Link GUI Server info: "J-Link GUI server V7.92h "
T395C 000:093.979 - 91.627ms returns "O.K."
T395C 000:094.093 JLINK_ExecCommand("ProjectFile=E:\RS_workspace\rzn2l_coremark_fsp200/rzn2l_coremark_fsp200 Debug_Flat.jlink", ...). 
T395C 000:118.371 - 24.275ms returns 0x00
T395C 000:118.724 JLINK_ExecCommand("device=R9A07G084M04", ...). 
T395C 000:137.937   Device "R9A07G084M04" selected.
T395C 000:138.487 - 19.750ms returns 0x00
T395C 000:138.528 JLINK_ExecCommand("SetCPUConnectIDCODE = FFFFFFFFFFFFFFFFFFFFFFFFFFFFFFFF", ...). 
T395C 000:138.541 - 0.004ms returns 0x00
T395C 000:138.614 JLINK_TIF_GetAvailable(...)
T395C 000:138.968 - 0.353ms
T395C 000:138.981 JLINK_TIF_Select(JLINKARM_TIF_SWD)
T395C 000:140.019 - 1.037ms returns 0x00
T395C 000:140.031 JLINK_SetSpeed(4000)
T395C 000:140.210 - 0.179ms
T395C 000:140.227 JLINK_SetEndian(ARM_ENDIAN_LITTLE)
T395C 000:140.236 - 0.008ms returns 0
T395C 000:140.249 JLINK_SetInitRegsOnReset(OFF)
T395C 000:140.255 - 0.006ms returns 1
T395C 000:140.263 JLINK_SetResetType(JLINKARM_RESET_TYPE_NORMAL)
T395C 000:140.272 - 0.009ms returns JLINKARM_RESET_TYPE_NORMAL
T395C 000:140.282 JLINK_ExecCommand("EnableFlashBPs", ...). 
T395C 000:140.290 - 0.000ms returns 0x00
T395C 000:140.298 JLINK_ExecCommand("SetAllowFlashCache = 1", ...). 
T395C 000:140.306 - 0.000ms returns 0x01
T395C 000:140.313 JLINK_ExecCommand("SetRestartOnClose = 0", ...). 
T395C 000:140.321 - 0.001ms returns 0x01
T395C 000:140.329 JLINK_EnableSoftBPs(ON)
T395C 000:140.335 - 0.005ms
T395C 000:140.343 JLINK_Connect()
T395C 000:140.707   ConfigTargetSettings() start
T395C 000:140.726    J-Link Script File: Executing ConfigTargetSettings()
T395C 000:140.752   ConfigTargetSettings() end - Took 26us
T395C 000:140.762   InitTarget() start
T395C 000:140.773    J-Link Script File: Executing InitTarget()
T395C 000:145.403   Authenticated device detected. Skipping authentication process.
T395C 000:145.425     OCDREG_STATUS: 0x00000001
T395C 000:145.436   InitTarget() end - Took 4.66ms
T395C 000:146.513   Found SW-DP with ID 0x6BA02477
T395C 000:150.347   DPIDR: 0x6BA02477
T395C 000:150.364   CoreSight SoC-400 or earlier
T395C 000:150.377   AP map detection skipped. Manually configured AP map found.
T395C 000:150.386   AP[0]: APB-AP (IDR: Not set)
T395C 000:150.394   AP[1]: APB-AP (IDR: Not set)
T395C 000:150.403   AP[2]: AXI-AP (IDR: Not set)
T395C 000:150.411   Using preconfigured AP[1] as APB-AP
T395C 000:150.419   AP[1]: APB-AP found
T395C 000:150.428   DebugRegs + CTI manually specified. ROM table scan skipped.
T395C 000:152.236   Cortex-R52 @ 0x80410000 (configured)
T395C 000:152.247   CoreCTI @ 0x80420000 (configured)
T395C 000:154.455   Debug architecture: ARMv8.0
T395C 000:154.470   8 code breakpoints, 8 data breakpoints
T395C 000:155.308   Processor features:
T395C 000:155.320     EL0 support: AArch32
T395C 000:155.328     EL1 support: AArch32
T395C 000:155.336     EL2 support: AArch32
T395C 000:155.345     EL3 support: N/A
T395C 000:155.353     FPU support: Single + Double + Conversion
T395C 000:156.087   -- Max. mem block: 0x00001B00
T395C 000:175.533   Current exception level: EL1
T395C 000:175.570   Exception level AArch usage:
T395C 000:175.578     EL0: AArch32
T395C 000:175.585     EL1: AArch32
T395C 000:175.593     EL2: AArch32
T395C 000:175.601     EL3: AArch32
T395C 000:175.608   Non-secure status: Non-secure
T395C 000:176.859   Cache info:
T395C 000:176.875     Inner cache boundary: none
T395C 000:176.883     LoU Uniprocessor: 1
T395C 000:176.891     LoC: 1
T395C 000:176.900     LoU Inner Shareable: 1
T395C 000:179.754   I-Cache L1: 16 KB, 64 Sets, 64 Bytes/Line, 4-Way
T395C 000:179.771   D-Cache L1: 16 KB, 64 Sets, 64 Bytes/Line, 4-Way
T395C 000:179.803 - 39.460ms returns 0x00
T395C 000:179.820 JLINK_Halt()
T395C 000:179.829 - 0.009ms returns 0x00
T395C 000:179.836 JLINK_IsHalted()
T395C 000:179.845 - 0.009ms returns TRUE
T395C 000:179.853 JLINK_ResetPullsRESET(ON)
T395C 000:179.858 - 0.006ms
T395C 000:179.865 JLINK_Reset()
T395C 000:179.877   ResetTarget() start
T395C 000:179.888    J-Link Script File: Executing ResetTarget()
T395C 000:179.895   Reset: Halt core immediately after reset using reset catch.
T395C 000:389.510   Authenticated device detected. Skipping authentication process.
T395C 000:389.541     OCDREG_STATUS: 0x00000001
T395C 000:393.367   Disabled core power domain detected.
T395C 000:398.488   Enabling debug mode...
T395C 000:402.350   ResetTarget() end - Took 222ms
T395C 000:421.801 - 241.934ms
T395C 000:421.840 JLINK_IsHalted()
T395C 000:421.848 - 0.008ms returns TRUE
T395C 000:422.103 JLINK_MeasureCPUSpeed(RAMAddr = 0xFFFFFFFF)
T395C 000:422.113 - 0.010ms returns 0
T395C 000:422.216 JLINK_ReadReg(AARCH32_CPSR)
T395C 000:422.227 - 0.010ms returns 0x800001DA
T5320 002:876.050 JLINK_BeginDownload(Flags = 0x00000000)
T5320 002:876.085 - 0.036ms
T5320 002:888.076 JLINK_IsHalted()
T5320 002:888.733 - 0.656ms returns TRUE
T5320 002:888.749 JLINK_WriteMem(0x60000000, 0x4C Bytes, ...)
T5320 002:888.756   Data:  00 00 00 00 00 00 00 00 00 00 00 00 00 00 00 00 ...
T5320 002:889.019   completely In flash
T5320 002:889.038 - 0.288ms returns 0x4C
T5320 002:889.482 JLINK_IsHalted()
T5320 002:889.503 - 0.020ms returns TRUE
T5320 002:889.510 JLINK_WriteMem(0x6000004C, 0xBB4 Bytes, ...)
T5320 002:889.516   Data:  00 00 A0 E3 7F 10 0F E3 FA 12 40 E3 01 00 90 E2 ...
T5320 002:889.529   completely In flash
T5320 002:889.539 - 0.028ms returns 0xBB4
T5320 002:889.815 JLINK_IsHalted()
T5320 002:889.832 - 0.016ms returns TRUE
T5320 002:889.839 JLINK_WriteMem(0x60000C00, 0x64C Bytes, ...)
T5320 002:889.845   Data:  D3 F8 00 0A 30 43 C3 F8 00 0A 23 68 01 33 23 60 ...
T5320 002:889.857   completely In flash
T5320 002:889.866 - 0.027ms returns 0x64C
T5320 002:890.134 JLINK_IsHalted()
T5320 002:890.149 - 0.015ms returns TRUE
T5320 002:890.159 JLINK_WriteMem(0x6000124C, 0x910 Bytes, ...)
T5320 002:890.167   Data:  12 00 00 00 C7 FF 01 00 12 00 10 00 C7 FF 11 00 ...
T5320 002:890.194   completely In flash
T5320 002:890.203 - 0.044ms returns 0x910
T5320 002:890.573 JLINK_IsHalted()
T5320 002:890.596 - 0.024ms returns TRUE
T5320 002:890.606 JLINK_WriteMem(0x60001B5C, 0x40 Bytes, ...)
T5320 002:890.614   Data:  18 F0 9F E5 18 F0 9F E5 18 F0 9F E5 18 F0 9F E5 ...
T5320 002:890.628   completely In flash
T5320 002:890.641 - 0.035ms returns 0x40
T5320 002:891.382 JLINK_IsHalted()
T5320 002:891.411 - 0.029ms returns TRUE
T5320 002:891.423 JLINK_WriteMem(0x60001B9C, 0xBB4 Bytes, ...)
T5320 002:891.431   Data:  2D E9 F0 41 B0 F9 00 50 14 46 2A 06 0E 46 82 B0 ...
T5320 002:891.472   completely In flash
T5320 002:891.482 - 0.060ms returns 0xBB4
T5320 002:892.011 JLINK_IsHalted()
T5320 002:892.028 - 0.016ms returns TRUE
T5320 002:892.036 JLINK_WriteMem(0x60002750, 0xBB0 Bytes, ...)
T5320 002:892.042   Data:  00 00 01 F0 4C E9 49 F2 E4 51 49 F2 F4 60 C1 F2 ...
T5320 002:892.057   completely In flash
T5320 002:892.066 - 0.030ms returns 0xBB0
T5320 002:892.592 JLINK_IsHalted()
T5320 002:892.615 - 0.022ms returns TRUE
T5320 002:892.626 JLINK_WriteMem(0x60003300, 0x6F4 Bytes, ...)
T5320 002:892.635   Data:  F6 D3 23 78 00 2B C0 D1 4C 45 01 94 DD D2 23 78 ...
T5320 002:892.651   completely In flash
T5320 002:892.664 - 0.038ms returns 0x6F4
T5320 002:892.864 JLINK_IsHalted()
T5320 002:892.877 - 0.012ms returns TRUE
T5320 002:892.884 JLINK_WriteMem(0x600039F4, 0x18 Bytes, ...)
T5320 002:892.890   Data:  01 00 00 00 20 4E 00 00 66 00 00 00 00 00 00 00 ...
T5320 002:892.900   completely In flash
T5320 002:892.909 - 0.025ms returns 0x18
T5320 002:893.275 JLINK_IsHalted()
T5320 002:893.299 - 0.023ms returns TRUE
T5320 002:893.310 JLINK_WriteMem(0x60003A0C, 0xBB4 Bytes, ...)
T5320 002:893.320   Data:  03 79 02 2B 01 BF 49 F6 5C 43 01 22 C1 F2 00 03 ...
T5320 002:893.345   completely In flash
T5320 002:893.358 - 0.048ms returns 0xBB4
T5320 002:893.773 JLINK_IsHalted()
T5320 002:893.790 - 0.017ms returns TRUE
T5320 002:893.797 JLINK_WriteMem(0x600045C0, 0xBB0 Bytes, ...)
T5320 002:893.803   Data:  10 0C 4C F0 18 0C 12 04 58 BF 4C F0 40 0C D1 E7 ...
T5320 002:893.814   completely In flash
T5320 002:893.823 - 0.026ms returns 0xBB0
T5320 002:894.108 JLINK_IsHalted()
T5320 002:894.121 - 0.013ms returns TRUE
T5320 002:894.130 JLINK_WriteMem(0x60005170, 0xBC0 Bytes, ...)
T5320 002:894.136   Data:  BD E8 F0 8F 08 22 00 21 22 A8 FF F7 A7 FD 01 23 ...
T5320 002:894.153   completely In flash
T5320 002:894.163 - 0.033ms returns 0xBC0
T5320 002:894.457 JLINK_IsHalted()
T5320 002:894.472 - 0.015ms returns TRUE
T5320 002:894.479 JLINK_WriteMem(0x60005D30, 0xBB0 Bytes, ...)
T5320 002:894.485   Data:  02 9A 12 F0 40 00 00 F0 7A 82 9B B2 0A 46 14 E5 ...
T5320 002:894.501   completely In flash
T5320 002:894.510 - 0.031ms returns 0xBB0
T5320 002:894.860 JLINK_IsHalted()
T5320 002:894.877 - 0.016ms returns TRUE
T5320 002:894.884 JLINK_WriteMem(0x600068E0, 0xBA0 Bytes, ...)
T5320 002:894.890   Data:  0C 30 43 F0 40 03 93 81 FE F7 85 BC 24 95 11 46 ...
T5320 002:894.905   completely In flash
T5320 002:894.914 - 0.029ms returns 0xBA0
T5320 002:895.335 JLINK_IsHalted()
T5320 002:895.356 - 0.021ms returns TRUE
T5320 002:895.367 JLINK_WriteMem(0x60007480, 0xBC0 Bytes, ...)
T5320 002:895.376   Data:  10 3D 10 2D 19 DD 51 1C 10 30 07 29 C9 E9 00 46 ...
T5320 002:895.390   completely In flash
T5320 002:895.404 - 0.037ms returns 0xBC0
T5320 002:895.697 JLINK_IsHalted()
T5320 002:895.710 - 0.012ms returns TRUE
T5320 002:895.717 JLINK_WriteMem(0x60008040, 0xBA0 Bytes, ...)
T5320 002:895.723   Data:  9B 46 00 2F 59 D0 1C F4 00 7F 00 F0 BC 80 1A 46 ...
T5320 002:895.738   completely In flash
T5320 002:895.747 - 0.030ms returns 0xBA0
T5320 002:896.048 JLINK_IsHalted()
T5320 002:896.058 - 0.009ms returns TRUE
T5320 002:896.065 JLINK_WriteMem(0x60008BE0, 0xBB0 Bytes, ...)
T5320 002:896.071   Data:  F1 EE 10 FA 16 EE 90 AA 08 D5 B8 EE E6 6B B4 EE ...
T5320 002:896.147   completely In flash
T5320 002:896.164 - 0.099ms returns 0xBB0
T5320 002:896.516 JLINK_IsHalted()
T5320 002:896.532 - 0.015ms returns TRUE
T5320 002:896.539 JLINK_WriteMem(0x60009790, 0xBC0 Bytes, ...)
T5320 002:896.545   Data:  2D E9 F0 41 48 F2 08 08 C1 F2 00 08 06 46 08 20 ...
T5320 002:896.555   completely In flash
T5320 002:896.564 - 0.025ms returns 0xBC0
T5320 002:896.850 JLINK_IsHalted()
T5320 002:896.862 - 0.011ms returns TRUE
T5320 002:896.871 JLINK_WriteMem(0x6000A350, 0xB90 Bytes, ...)
T5320 002:896.879   Data:  01 FB 02 C2 02 EB 14 42 43 EA 02 43 45 F8 04 3B ...
T5320 002:896.904   completely In flash
T5320 002:896.916 - 0.044ms returns 0xB90
T5320 002:897.682 JLINK_IsHalted()
T5320 002:897.697 - 0.014ms returns TRUE
T5320 002:897.706 JLINK_WriteMem(0x6000AEE0, 0x780 Bytes, ...)
T5320 002:897.727   Data:  5A D0 15 68 00 29 5C D0 14 9B 00 2B 69 D0 74 1E ...
T5320 002:897.740   completely In flash
T5320 002:897.751 - 0.044ms returns 0x780
T5320 002:899.263 JLINK_IsHalted()
T5320 002:899.282 - 0.020ms returns TRUE
T5320 002:899.290 JLINK_WriteMem(0x6000B660, 0x8 Bytes, ...)
T5320 002:899.296   Data:  64 97 FF 7F 01 00 00 00
T5320 002:899.308   completely In flash
T5320 002:899.317 - 0.027ms returns 0x8
T5320 002:899.554 JLINK_IsHalted()
T5320 002:899.574 - 0.019ms returns TRUE
T5320 002:899.582 JLINK_WriteMem(0x6000B668, 0x4 Bytes, ...)
T5320 002:899.590   Data:  00 00 00 00
T5320 002:899.604   completely In flash
T5320 002:899.617 - 0.035ms returns 0x4
T5320 002:899.941 JLINK_IsHalted()
T5320 002:899.956 - 0.015ms returns TRUE
T5320 002:899.964 JLINK_WriteMem(0x6000B66C, 0xBE4 Bytes, ...)
T5320 002:899.970   Data:  10 33 00 00 68 7D 00 10 00 00 00 00 CC 9C 00 10 ...
T5320 002:899.979   completely In flash
T5320 002:899.988 - 0.024ms returns 0xBE4
T5320 002:900.322 JLINK_IsHalted()
T5320 002:900.340 - 0.017ms returns TRUE
T5320 002:900.350 JLINK_WriteMem(0x6000C250, 0xBE0 Bytes, ...)
T5320 002:900.359   Data:  00 00 00 00 00 00 00 00 00 00 00 00 00 00 00 00 ...
T5320 002:900.376   completely In flash
T5320 002:900.386 - 0.036ms returns 0xBE0
T5320 002:900.662 JLINK_IsHalted()
T5320 002:900.674 - 0.012ms returns TRUE
T5320 002:900.683 JLINK_WriteMem(0x6000CE30, 0x730 Bytes, ...)
T5320 002:900.691   Data:  75 73 74 20 65 78 65 63 75 74 65 20 66 6F 72 20 ...
T5320 002:900.704   completely In flash
T5320 002:900.713 - 0.029ms returns 0x730
T5320 002:900.929 JLINK_IsHalted()
T5320 002:900.948 - 0.019ms returns TRUE
T5320 002:900.958 JLINK_WriteMem(0x6000D560, 0x100 Bytes, ...)
T5320 002:900.964   Data:  00 00 00 00 00 00 00 00 00 00 00 00 00 00 00 00 ...
T5320 002:900.977   completely In flash
T5320 002:900.988 - 0.030ms returns 0x100
T5320 002:912.760 JLINK_EndDownload()
T5320 002:913.191    -- --------------------------------------
T5320 002:913.213    -- Flash bank @ 0x60000000: Default: L2 verify disabled because algorithm performs L1 verify
T5320 002:913.223    -- Start of determining flash info (Bank @ 0x60000000)
T5320 002:913.240    -- Calculating RAM usage
T5320 002:913.343    -- RAM usage = 12192 Bytes
T5320 002:913.353    -- Preserving CPU registers
T5320 002:913.376    -- Preparing target
T5320 002:913.387    -- Preserving target RAM temporarily used for programming
T5320 003:398.244    -- Downloading RAMCode
T5320 003:769.506    -- Preparing RAMCode
T5320 003:819.344    -- End of determining flash info
T5320 003:819.384    -- Start of determining dirty areas in flash cache
T5320 003:819.394    -- Filling invalid ranges in sector buffer (flash cache) for sector @ 0x60000000 if necessary
T5320 003:826.638    -- End of determining dirty areas
T5320 003:826.667    -- Start of preparing flash programming
T5320 003:826.675    -- Recalculating RAMUsage for optimal performance during programming
T5320 003:826.690    -- RAM usage changed from 12192 to 16288 Bytes
T5320 003:989.731    -- End of preparing flash programming
T5320 004:060.588    -- CPU speed could not be measured.
T5320 004:060.812    -- Start of comparing flash
T5320 004:060.823    -- CRC check was estimated as fastest method
T5320 004:172.691    -- Comparing range 0x60000000 - 0x6000FFFF (1 Sector, 64 KB), using single-block CRC calculation
T5320 004:263.676    -- CRC does not match for sector 0
T5320 004:263.712    -- End of comparing flash
T5320 004:263.722    -- Start of erasing sectors
T5320 004:263.732    -- Erasing range 0x60000000 - 0x6000FFFF (  1 Sector, 64 KB)
T5320 004:263.741    -- Recalculating RAMUsage for optimal performance during programming
T5320 004:263.757    -- RAM usage changed from 16288 to 12192 Bytes
T5320 004:514.861    -- End of erasing sectors
T5320 004:514.894    -- Start of flash programming
T5320 004:514.906    -- Programming range 0x60000000 - 0x6000FFFF (  1 Sector, 64 KB)
T5320 004:516.778    -- Recalculating RAMUsage for optimal performance during programming
T5320 005:546.307    -- End of flash programming
T5320 005:546.342    -- 0x60000000 - 0x6000FFFF (  1 Sector, 64 KB)
T5320 005:546.352    -- Start of restoring
T5320 005:546.361    -- Restoring RAMCode
T5320 005:567.754    -- Restoring target memory
T5320 005:714.237    -- Restore target
T5320 005:714.288    -- Restoring CPU registers
T5320 005:714.340    -- End of restoring
T5320 005:714.351    -- Bank 0 @ 0x60000000: 1 range affected (65536 bytes)
T5320 005:714.361    -- Total: 1.887s (Prepare: 0.234s, Compare: 0.202s, Erase: 0.251s, Program & Verify: 1.031s, Restore: 0.167s)
T5320 005:714.369    -- Program & Verify speed: 62 KB/s
T5320 005:744.996 - 2832.234ms returns 65536 (0x10000)
T5320 005:746.952 JLINK_WriteReg(AARCH32_PC, 0x00102000)
T5320 005:746.992 - 0.039ms returns 0
T5320 005:747.006 JLINK_SetEndian(ARM_ENDIAN_LITTLE)
T5320 005:747.012 - 0.006ms returns 0
T5320 005:747.789 JLINK_ResetPullsRESET(ON)
T5320 005:747.816 - 0.027ms
T5320 005:747.826 JLINK_Halt()
T5320 005:747.836 - 0.010ms returns 0x00
T5320 005:747.846 JLINK_IsHalted()
T5320 005:747.856 - 0.009ms returns TRUE
T5320 005:747.866 JLINK_Reset()
T5320 005:747.884   ResetTarget() start
T5320 005:747.898    J-Link Script File: Executing ResetTarget()
T5320 005:747.908   Reset: Halt core immediately after reset using reset catch.
T5320 005:956.104   Authenticated device detected. Skipping authentication process.
T5320 005:956.138     OCDREG_STATUS: 0x00000001
T5320 005:959.364   Disabled core power domain detected.
T5320 005:964.148   Enabling debug mode...
T5320 005:967.898   ResetTarget() end - Took 219ms
T5320 005:987.401 - 239.534ms
T5320 005:987.436 JLINK_SetEndian(ARM_ENDIAN_LITTLE)
T5320 005:987.442 - 0.005ms returns 0
T5320 006:001.172 JLINK_IsHalted()
T5320 006:001.201 - 0.030ms returns TRUE
T5320 006:001.209 JLINK_ReadMem(0x00102000, 0x4 Bytes, ...)
T5320 006:001.227   CPU_ReadMem(4 bytes @ 0x00102000)
T5320 006:003.020   Data:  00 00 A0 E3
T5320 006:003.049 - 1.839ms returns 0
T5320 006:016.039 JLINK_IsHalted()
T5320 006:016.068 - 0.029ms returns TRUE
T5320 006:016.075 JLINK_ReadMem(0x00102000, 0x4 Bytes, ...)
T5320 006:016.095   CPU_ReadMem(4 bytes @ 0x00102000)
T5320 006:017.795   Data:  00 00 A0 E3
T5320 006:017.817 - 1.741ms returns 0
T5320 006:021.203 JLINK_IsHalted()
T5320 006:021.231 - 0.028ms returns TRUE
T5320 006:021.241 JLINK_ReadMem(0x1000026E, 0x2 Bytes, ...)
T5320 006:021.265   CPU_ReadMem(64 bytes @ 0x10000240)
T5320 006:025.376    -- Updating C cache (64 bytes @ 0x10000240)
T5320 006:025.402    -- Read from C cache (2 bytes @ 0x1000026E)
T5320 006:025.411   Data:  00 00
T5320 006:025.420 - 4.179ms returns 0
T5320 006:025.686 JLINK_IsHalted()
T5320 006:025.705 - 0.019ms returns TRUE
T5320 006:025.713 JLINK_ReadMem(0x10000140, 0x40 Bytes, ...)
T5320 006:025.727   CPU_ReadMem(64 bytes @ 0x10000140)
T5320 006:029.946    -- Updating C cache (64 bytes @ 0x10000140)
T5320 006:029.970    -- Read from C cache (64 bytes @ 0x10000140)
T5320 006:029.980   Data:  00 00 00 00 00 00 00 00 00 00 00 00 00 00 00 00 ...
T5320 006:029.989 - 4.276ms returns 0
T5320 006:030.348 JLINK_IsHalted()
T5320 006:030.371 - 0.022ms returns TRUE
T5320 006:030.378 JLINK_ReadMem(0x1000026E, 0x2 Bytes, ...)
T5320 006:030.389    -- Read from C cache (2 bytes @ 0x1000026E)
T5320 006:030.398   Data:  00 00
T5320 006:030.406 - 0.028ms returns 0
T5320 006:030.997 JLINK_IsHalted()
T5320 006:031.019 - 0.022ms returns TRUE
T5320 006:031.028 JLINK_ReadMem(0x10000268, 0x2 Bytes, ...)
T5320 006:031.041    -- Read from C cache (2 bytes @ 0x10000268)
T5320 006:031.053   Data:  00 00
T5320 006:031.064 - 0.035ms returns 0
T5320 006:031.231 JLINK_IsHalted()
T5320 006:031.243 - 0.012ms returns TRUE
T5320 006:031.250 JLINK_ReadMem(0x10000140, 0x40 Bytes, ...)
T5320 006:031.259    -- Read from C cache (64 bytes @ 0x10000140)
T5320 006:031.268   Data:  00 00 00 00 00 00 00 00 00 00 00 00 00 00 00 00 ...
T5320 006:031.276 - 0.026ms returns 0
T5320 006:031.464 JLINK_IsHalted()
T5320 006:031.476 - 0.012ms returns TRUE
T5320 006:031.483 JLINK_ReadMem(0x10000268, 0x2 Bytes, ...)
T5320 006:031.491    -- Read from C cache (2 bytes @ 0x10000268)
T5320 006:031.500   Data:  00 00
T5320 006:031.509 - 0.025ms returns 0
T5320 006:534.616 JLINK_GetNumBPUnits(Type = 0xFFFFFF00)
T5320 006:534.648 - 0.032ms returns 0x08
T5320 006:534.655 JLINK_GetNumWPUnits()
T5320 006:534.661 - 0.005ms returns 8
T5320 006:534.672 JLINK_GetNumBPUnits(Type = 0xFFFFFF00)
T5320 006:534.678 - 0.006ms returns 0x08
T5320 006:534.684 JLINK_GetNumWPUnits()
T5320 006:534.690 - 0.005ms returns 8
T5320 006:534.699 JLINK_GetNumBPUnits(Type = 0xFFFFFF00)
T5320 006:534.705 - 0.005ms returns 0x08
T5320 006:534.711 JLINK_GetNumWPUnits()
T5320 006:534.717 - 0.005ms returns 8
T5320 006:534.750 JLINK_SetBPEx(Addr = 0x100002F8, Type = 0xFFFFFF00)
T5320 006:534.761 - 0.010ms returns 0x00000001
T5320 006:534.770 JLINK_ClrBPEx(BPHandle = 0x00000001)
T5320 006:535.394 - 0.623ms returns 0x00
T5320 006:546.644 JLINK_IsHalted()
T5320 006:546.689 - 0.045ms returns TRUE
T5320 006:546.697 JLINK_ReadMem(0x100002C0, 0x40 Bytes, ...)
T5320 006:546.717   CPU_ReadMem(64 bytes @ 0x100002C0)
T5320 006:550.822    -- Updating C cache (64 bytes @ 0x100002C0)
T5320 006:550.854    -- Read from C cache (64 bytes @ 0x100002C0)
T5320 006:550.864   Data:  00 00 00 00 00 00 00 00 00 00 00 00 00 00 00 00 ...
T5320 006:550.873 - 4.175ms returns 0
T5320 006:551.603 JLINK_IsHalted()
T5320 006:551.618 - 0.015ms returns TRUE
T5320 006:551.625 JLINK_ReadMem(0x100002F8, 0x2 Bytes, ...)
T5320 006:551.636    -- Read from C cache (2 bytes @ 0x100002F8)
T5320 006:551.645   Data:  00 00
T5320 006:551.653 - 0.028ms returns 0
T5320 006:551.998 JLINK_SetBPEx(Addr = 0x100002F8, Type = 0xFFFFFF00)
T5320 006:552.010 - 0.011ms returns 0x00000002
T5320 007:303.024 JLINK_ReadRegs(NumRegs = 17, Indexes: 116, 117, 118, 119, 120, 121, 122, 123, 189, 190, 191, 192, 193, 194, 195, 147, 149)
T5320 007:303.064    -- AARCH32_R0=0x3D22B3, AARCH32_R1=0x2FAF07F, AARCH32_R2=0xA500, AARCH32_R3=0x80281300, AARCH32_R4=0x102000, AARCH32_R5=0x78FB261, AARCH32_R6=0x79D51D7, AARCH32_R7=0x78787A8, AARCH32_R8=0x74759F7, AARCH32_R9=0x78787A8, AARCH32_R10=0xF8704D9E, AARCH32_R11=0x00, AARCH32_R12=0xE51FF004, AARCH32_R13=0x101FB8, AARCH32_R14=0x10007D, AARCH32_PC=0x10200C, AARCH32_CPSR=0x800001DA
T5320 007:303.074 - 0.050ms returns 0x00
T5320 007:303.706 JLINK_IsHalted()
T5320 007:304.322 - 0.616ms returns TRUE
T5320 007:304.335 JLINK_ReadMem(0x0010200C, 0x4 Bytes, ...)
T5320 007:304.352   CPU_ReadMem(4 bytes @ 0x0010200C)
T5320 007:306.000   Data:  01 00 90 E2
T5320 007:306.019 - 1.684ms returns 0
T5320 007:404.558 JLINK_IsHalted()
T5320 007:404.638 - 0.080ms returns TRUE
T5320 007:404.648 JLINK_ReadMem(0x0010200C, 0x4 Bytes, ...)
T5320 007:404.673   CPU_ReadMem(4 bytes @ 0x0010200C)
T5320 007:406.456   Data:  01 00 90 E2
T5320 007:406.503 - 1.854ms returns 0
T13A0 007:585.090 JLINK_GetNumBPUnits(Type = 0xFFFFFF00)
T13A0 007:585.120 - 0.030ms returns 0x08
T13A0 007:585.127 JLINK_GetNumWPUnits()
T13A0 007:585.133 - 0.005ms returns 8
T13A0 007:585.308 JLINK_GetNumBPUnits(Type = 0xFFFFFF00)
T13A0 007:585.324 - 0.016ms returns 0x08
T13A0 007:585.331 JLINK_GetNumWPUnits()
T13A0 007:585.337 - 0.005ms returns 8
T13A0 007:585.568 JLINK_GetNumBPUnits(Type = 0xFFFFFF00)
T13A0 007:585.579 - 0.011ms returns 0x08
T13A0 007:585.586 JLINK_GetNumWPUnits()
T13A0 007:585.591 - 0.005ms returns 8
T13A0 007:585.923 JLINK_GetNumBPUnits(Type = 0xFFFFFF00)
T13A0 007:585.935 - 0.011ms returns 0x08
T13A0 007:585.941 JLINK_GetNumWPUnits()
T13A0 007:585.947 - 0.005ms returns 8
T13A0 007:586.479 JLINK_GetNumBPUnits(Type = 0xFFFFFF00)
T13A0 007:586.497 - 0.017ms returns 0x08
T13A0 007:586.504 JLINK_GetNumWPUnits()
T13A0 007:586.510 - 0.005ms returns 8
T13A0 007:586.751 JLINK_GetNumBPUnits(Type = 0xFFFFFF00)
T13A0 007:586.765 - 0.014ms returns 0x08
T13A0 007:586.772 JLINK_GetNumWPUnits()
T13A0 007:586.778 - 0.005ms returns 8
T13A0 007:586.910 JLINK_GetNumBPUnits(Type = 0xFFFFFF00)
T13A0 007:586.920 - 0.010ms returns 0x08
T13A0 007:586.927 JLINK_GetNumWPUnits()
T13A0 007:586.932 - 0.005ms returns 8
T13A0 007:587.035 JLINK_GetNumBPUnits(Type = 0xFFFFFF00)
T13A0 007:587.043 - 0.008ms returns 0x08
T13A0 007:587.050 JLINK_GetNumWPUnits()
T13A0 007:587.055 - 0.005ms returns 8
T5320 013:332.502 JLINK_STRACE_Read(..., NumItems = 0x10000)
T5320 013:332.565   
  ***** Error: 
T5320 013:332.579   Debugger tries to use on-chip trace buffer but the connected MCU does not provide an on-chip trace buffer (e.g. ETB/MTB/...)
T5320 013:332.592 - 0.090ms NumItemsRead = 0xFFFFFFFF
T5320 013:332.606 JLINK_IsHalted()
T5320 013:333.363 - 0.755ms returns TRUE
T5320 013:333.400 JLINK_STRACE_Read(..., NumItems = 0x10000)
T5320 013:333.410 - 0.010ms NumItemsRead = 0xFFFFFFFF
T5320 013:333.422 JLINK_GoEx(MaxEmulInsts = 0, Flags = 0x01)
T5320 013:344.853   Memory map 'after startup completion point' is active
T5320 013:344.885 - 11.462ms
T5320 013:442.756 JLINK_IsHalted()
T5320 013:443.644 - 0.887ms returns FALSE
T5320 013:443.653 JLINK_IsHalted()
T5320 013:444.365 - 0.711ms returns FALSE
T5320 013:551.769 JLINK_IsHalted()
T5320 013:552.571 - 0.801ms returns FALSE
T5320 013:552.594 JLINK_IsHalted()
T5320 013:553.141 - 0.546ms returns FALSE
T5320 013:661.339 JLINK_IsHalted()
T5320 013:662.043 - 0.703ms returns FALSE
T5320 013:662.062 JLINK_IsHalted()
T5320 013:662.663 - 0.599ms returns FALSE
T5320 013:770.675 JLINK_IsHalted()
T5320 013:771.583 - 0.906ms returns FALSE
T5320 013:771.614 JLINK_IsHalted()
T5320 013:772.438 - 0.823ms returns FALSE
T5320 013:880.193 JLINK_IsHalted()
T5320 013:880.802 - 0.608ms returns FALSE
T5320 013:880.824 JLINK_IsHalted()
T5320 013:881.367 - 0.542ms returns FALSE
T5320 013:989.511 JLINK_IsHalted()
T5320 013:990.306 - 0.793ms returns FALSE
T5320 013:990.343 JLINK_IsHalted()
T5320 013:991.182 - 0.839ms returns FALSE
T5320 014:099.071 JLINK_IsHalted()
T5320 014:099.723 - 0.651ms returns FALSE
T5320 014:099.740 JLINK_IsHalted()
T5320 014:100.380 - 0.639ms returns FALSE
T5320 014:208.383 JLINK_IsHalted()
T5320 014:209.127 - 0.743ms returns FALSE
T5320 014:209.146 JLINK_IsHalted()
T5320 014:209.790 - 0.643ms returns FALSE
T5320 014:317.445 JLINK_IsHalted()
T5320 014:335.405 - 17.959ms returns TRUE
T5320 014:335.444 JLINK_ReadReg(AARCH32_PC)
T5320 014:335.456 - 0.011ms returns 0x100002F8
T5320 014:335.476 JLINK_ReadReg(AARCH32_CPSR)
T5320 014:335.483 - 0.006ms returns 0x20000033
T5320 014:335.489 JLINK_ReadReg(AARCH32_PC)
T5320 014:335.495 - 0.006ms returns 0x100002F8
T5320 014:335.502 JLINK_ReadReg(AARCH32_CPSR)
T5320 014:335.509 - 0.006ms returns 0x20000033
T5320 014:335.516 JLINK_IsHalted()
T5320 014:335.522 - 0.005ms returns TRUE
T5320 014:335.528 JLINK_ReadReg(AARCH32_CPSR)
T5320 014:335.535 - 0.006ms returns 0x20000033
T5320 014:335.541 JLINK_ReadReg(AARCH32_PC)
T5320 014:335.547 - 0.006ms returns 0x100002F8
T5320 014:335.554 JLINK_ReadReg(AARCH32_CPSR)
T5320 014:335.560 - 0.006ms returns 0x20000033
T5320 014:336.174 JLINK_ReadRegs(NumRegs = 17, Indexes: 116, 117, 118, 119, 120, 121, 122, 123, 189, 190, 191, 192, 193, 194, 195, 147, 149)
T5320 014:336.218    -- AARCH32_R0=0x01, AARCH32_R1=0x81281000, AARCH32_R2=0xA502, AARCH32_R3=0x03, AARCH32_R4=0x102000, AARCH32_R5=0x78FB261, AARCH32_R6=0x79D51D7, AARCH32_R7=0x78787A8, AARCH32_R8=0x74759F7, AARCH32_R9=0x78787A8, AARCH32_R10=0xF8704D9E, AARCH32_R11=0x00, AARCH32_R12=0x100002F9, AARCH32_R13=0x105B08, AARCH32_R14=0x1020E8, AARCH32_PC=0x100002F8, AARCH32_CPSR=0x20000033
T5320 014:336.236 - 0.062ms returns 0x00
T5320 014:337.494 JLINK_IsHalted()
T5320 014:337.528 - 0.034ms returns TRUE
T5320 014:337.539 JLINK_ReadMem(0x100002F8, 0x4 Bytes, ...)
T5320 014:337.565   CPU_ReadMem(64 bytes @ 0x100002C0)
T5320 014:341.920    -- Updating C cache (64 bytes @ 0x100002C0)
T5320 014:341.953    -- Read from C cache (4 bytes @ 0x100002F8)
T5320 014:341.963   Data:  08 B5 FF F7
T5320 014:341.971 - 4.432ms returns 0
T5320 014:343.104 JLINK_ClrBPEx(BPHandle = 0x00000002)
T5320 014:343.149 - 0.045ms returns 0x00
T5320 014:365.461 JLINK_IsHalted()
T5320 014:365.489 - 0.028ms returns TRUE
T5320 014:365.496 JLINK_ReadMem(0x100002F8, 0x4 Bytes, ...)
T5320 014:365.509    -- Read from C cache (4 bytes @ 0x100002F8)
T5320 014:365.518   Data:  08 B5 FF F7
T5320 014:365.527 - 0.030ms returns 0
T5320 015:085.119 JLINK_STRACE_Read(..., NumItems = 0x10000)
T5320 015:085.168 - 0.050ms NumItemsRead = 0xFFFFFFFF
T5320 015:085.182 JLINK_IsHalted()
T5320 015:086.500 - 1.316ms returns TRUE
T5320 015:086.566 JLINK_STRACE_Read(..., NumItems = 0x10000)
T5320 015:086.576 - 0.009ms NumItemsRead = 0xFFFFFFFF
T5320 015:086.588 JLINK_GoEx(MaxEmulInsts = 0, Flags = 0x01)
T5320 015:097.726 - 11.137ms
T5320 015:192.141 JLINK_IsHalted()
T5320 015:192.954 - 0.812ms returns FALSE
T5320 015:192.970 JLINK_IsHalted()
T5320 015:193.640 - 0.668ms returns FALSE
T5320 015:302.214 JLINK_IsHalted()
T5320 015:302.862 - 0.647ms returns FALSE
T5320 015:302.882 JLINK_IsHalted()
T5320 015:303.477 - 0.595ms returns FALSE
T5320 015:410.964 JLINK_IsHalted()
T5320 015:411.838 - 0.874ms returns FALSE
T5320 015:411.862 JLINK_IsHalted()
T5320 015:412.588 - 0.725ms returns FALSE
T5320 015:520.160 JLINK_IsHalted()
T5320 015:520.992 - 0.830ms returns FALSE
T5320 015:521.018 JLINK_IsHalted()
T5320 015:522.111 - 1.091ms returns FALSE
T5320 015:629.806 JLINK_IsHalted()
T5320 015:630.421 - 0.614ms returns FALSE
T5320 015:630.442 JLINK_IsHalted()
T5320 015:631.098 - 0.655ms returns FALSE
T5320 015:739.700 JLINK_IsHalted()
T5320 015:740.385 - 0.683ms returns FALSE
T5320 015:740.419 JLINK_IsHalted()
T5320 015:740.994 - 0.573ms returns FALSE
T5320 015:848.468 JLINK_IsHalted()
T5320 015:849.111 - 0.641ms returns FALSE
T5320 015:849.134 JLINK_IsHalted()
T5320 015:849.709 - 0.574ms returns FALSE
T5320 015:957.743 JLINK_IsHalted()
T5320 015:958.454 - 0.710ms returns FALSE
T5320 015:958.480 JLINK_IsHalted()
T5320 015:959.156 - 0.674ms returns FALSE
T5320 016:067.894 JLINK_IsHalted()
T5320 016:068.504 - 0.609ms returns FALSE
T5320 016:068.526 JLINK_IsHalted()
T5320 016:069.050 - 0.522ms returns FALSE
T13A0 016:130.437 JLINK_IsHalted()
T13A0 016:131.248 - 0.810ms returns FALSE
T13A0 016:131.267 JLINK_IsHalted()
T13A0 016:132.160 - 0.892ms returns FALSE
T5320 016:176.764 JLINK_IsHalted()
T5320 016:177.589 - 0.824ms returns FALSE
T5320 016:177.613 JLINK_IsHalted()
T5320 016:178.346 - 0.731ms returns FALSE
T5320 016:286.108 JLINK_IsHalted()
T5320 016:286.782 - 0.672ms returns FALSE
T5320 016:286.790 JLINK_IsHalted()
T5320 016:287.416 - 0.625ms returns FALSE
T5320 016:395.377 JLINK_IsHalted()
T5320 016:396.246 - 0.868ms returns FALSE
T5320 016:396.272 JLINK_IsHalted()
T5320 016:397.029 - 0.757ms returns FALSE
T5320 016:504.838 JLINK_IsHalted()
T5320 016:505.625 - 0.784ms returns FALSE
T5320 016:505.660 JLINK_IsHalted()
T5320 016:506.347 - 0.686ms returns FALSE
T5320 016:614.056 JLINK_IsHalted()
T5320 016:614.774 - 0.718ms returns FALSE
T5320 016:614.798 JLINK_IsHalted()
T5320 016:615.842 - 1.043ms returns FALSE
T5320 016:724.116 JLINK_IsHalted()
T5320 016:724.812 - 0.694ms returns FALSE
T5320 016:724.852 JLINK_IsHalted()
T5320 016:725.421 - 0.569ms returns FALSE
T5320 016:832.821 JLINK_IsHalted()
T5320 016:833.397 - 0.576ms returns FALSE
T5320 016:833.407 JLINK_IsHalted()
T5320 016:833.996 - 0.588ms returns FALSE
T5320 016:942.488 JLINK_IsHalted()
T5320 016:943.069 - 0.580ms returns FALSE
T5320 016:943.096 JLINK_IsHalted()
T5320 016:943.639 - 0.542ms returns FALSE
T5320 017:052.210 JLINK_IsHalted()
T5320 017:052.863 - 0.653ms returns FALSE
T5320 017:052.872 JLINK_IsHalted()
T5320 017:053.538 - 0.666ms returns FALSE
T13A0 017:133.044 JLINK_IsHalted()
T13A0 017:133.609 - 0.564ms returns FALSE
T13A0 017:133.634 JLINK_IsHalted()
T13A0 017:134.131 - 0.497ms returns FALSE
T5320 017:161.773 JLINK_IsHalted()
T5320 017:162.691 - 0.918ms returns FALSE
T5320 017:162.713 JLINK_IsHalted()
T5320 017:163.373 - 0.658ms returns FALSE
T5320 017:270.427 JLINK_IsHalted()
T5320 017:271.124 - 0.697ms returns FALSE
T5320 017:271.150 JLINK_IsHalted()
T5320 017:271.704 - 0.554ms returns FALSE
T5320 017:379.465 JLINK_IsHalted()
T5320 017:380.069 - 0.601ms returns FALSE
T5320 017:380.090 JLINK_IsHalted()
T5320 017:380.679 - 0.588ms returns FALSE
T5320 017:489.679 JLINK_IsHalted()
T5320 017:490.599 - 0.918ms returns FALSE
T5320 017:490.631 JLINK_IsHalted()
T5320 017:491.685 - 1.053ms returns FALSE
T5320 017:598.283 JLINK_IsHalted()
T5320 017:598.962 - 0.678ms returns FALSE
T5320 017:598.985 JLINK_IsHalted()
T5320 017:600.519 - 1.533ms returns FALSE
T5320 017:708.315 JLINK_IsHalted()
T5320 017:709.134 - 0.818ms returns FALSE
T5320 017:709.155 JLINK_IsHalted()
T5320 017:709.946 - 0.789ms returns FALSE
T5320 017:817.666 JLINK_IsHalted()
T5320 017:818.537 - 0.870ms returns FALSE
T5320 017:818.551 JLINK_IsHalted()
T5320 017:819.199 - 0.647ms returns FALSE
T5320 017:927.387 JLINK_IsHalted()
T5320 017:928.345 - 0.956ms returns FALSE
T5320 017:928.372 JLINK_IsHalted()
T5320 017:929.264 - 0.890ms returns FALSE
T5320 018:036.324 JLINK_IsHalted()
T5320 018:037.229 - 0.904ms returns FALSE
T5320 018:037.275 JLINK_IsHalted()
T5320 018:038.457 - 1.180ms returns FALSE
T13A0 018:134.602 JLINK_IsHalted()
T13A0 018:135.247 - 0.645ms returns FALSE
T13A0 018:135.256 JLINK_IsHalted()
T13A0 018:135.972 - 0.715ms returns FALSE
T5320 018:146.130 JLINK_IsHalted()
T5320 018:146.789 - 0.658ms returns FALSE
T5320 018:146.797 JLINK_IsHalted()
T5320 018:147.356 - 0.558ms returns FALSE
T5320 018:254.560 JLINK_IsHalted()
T5320 018:255.282 - 0.721ms returns FALSE
T5320 018:255.303 JLINK_IsHalted()
T5320 018:255.960 - 0.656ms returns FALSE
T5320 018:364.424 JLINK_IsHalted()
T5320 018:365.484 - 1.058ms returns FALSE
T5320 018:365.544 JLINK_IsHalted()
T5320 018:366.416 - 0.871ms returns FALSE
T5320 018:473.828 JLINK_IsHalted()
T5320 018:474.753 - 0.924ms returns FALSE
T5320 018:474.781 JLINK_IsHalted()
T5320 018:475.810 - 1.028ms returns FALSE
T5320 018:583.570 JLINK_IsHalted()
T5320 018:584.525 - 0.954ms returns FALSE
T5320 018:584.550 JLINK_IsHalted()
T5320 018:585.531 - 0.979ms returns FALSE
T5320 018:692.996 JLINK_IsHalted()
T5320 018:693.777 - 0.779ms returns FALSE
T5320 018:693.832 JLINK_IsHalted()
T5320 018:694.649 - 0.816ms returns FALSE
T5320 018:802.898 JLINK_IsHalted()
T5320 018:803.743 - 0.844ms returns FALSE
T5320 018:803.768 JLINK_IsHalted()
T5320 018:804.752 - 0.981ms returns FALSE
T5320 018:911.456 JLINK_IsHalted()
T5320 018:912.460 - 1.003ms returns FALSE
T5320 018:912.544 JLINK_IsHalted()
T5320 018:913.451 - 0.906ms returns FALSE
T5320 019:021.572 JLINK_IsHalted()
T5320 019:022.573 - 1.000ms returns FALSE
T5320 019:022.634 JLINK_IsHalted()
T5320 019:023.253 - 0.618ms returns FALSE
T5320 019:129.591 JLINK_IsHalted()
T5320 019:130.301 - 0.709ms returns FALSE
T5320 019:130.317 JLINK_IsHalted()
T5320 019:131.032 - 0.715ms returns FALSE
T13A0 019:136.116 JLINK_IsHalted()
T13A0 019:136.963 - 0.846ms returns FALSE
T13A0 019:136.981 JLINK_IsHalted()
T13A0 019:137.615 - 0.633ms returns FALSE
T5320 019:239.289 JLINK_IsHalted()
T5320 019:240.202 - 0.911ms returns FALSE
T5320 019:240.236 JLINK_IsHalted()
T5320 019:241.027 - 0.790ms returns FALSE
T5320 019:348.807 JLINK_IsHalted()
T5320 019:349.601 - 0.792ms returns FALSE
T5320 019:349.624 JLINK_IsHalted()
T5320 019:350.238 - 0.613ms returns FALSE
T5320 019:457.930 JLINK_IsHalted()
T5320 019:458.605 - 0.674ms returns FALSE
T5320 019:458.625 JLINK_IsHalted()
T5320 019:459.169 - 0.543ms returns FALSE
T5320 019:567.273 JLINK_IsHalted()
T5320 019:567.821 - 0.547ms returns FALSE
T5320 019:567.837 JLINK_IsHalted()
T5320 019:568.385 - 0.547ms returns FALSE
T5320 019:676.499 JLINK_IsHalted()
T5320 019:677.193 - 0.693ms returns FALSE
T5320 019:677.213 JLINK_IsHalted()
T5320 019:678.012 - 0.797ms returns FALSE
T5320 019:786.291 JLINK_IsHalted()
T5320 019:787.206 - 0.914ms returns FALSE
T5320 019:787.217 JLINK_IsHalted()
T5320 019:787.863 - 0.643ms returns FALSE
T5320 019:895.284 JLINK_IsHalted()
T5320 019:896.293 - 1.009ms returns FALSE
T5320 019:896.312 JLINK_IsHalted()
T5320 019:897.170 - 0.856ms returns FALSE
T5320 020:005.347 JLINK_IsHalted()
T5320 020:006.272 - 0.924ms returns FALSE
T5320 020:006.290 JLINK_IsHalted()
T5320 020:006.903 - 0.613ms returns FALSE
T5320 020:114.077 JLINK_IsHalted()
T5320 020:114.988 - 0.910ms returns FALSE
T5320 020:115.009 JLINK_IsHalted()
T5320 020:115.778 - 0.767ms returns FALSE
T13A0 020:138.609 JLINK_IsHalted()
T13A0 020:139.394 - 0.783ms returns FALSE
T13A0 020:139.426 JLINK_IsHalted()
T13A0 020:139.989 - 0.560ms returns FALSE
T5320 020:223.624 JLINK_IsHalted()
T5320 020:224.335 - 0.710ms returns FALSE
T5320 020:224.358 JLINK_IsHalted()
T5320 020:224.922 - 0.562ms returns FALSE
T5320 020:333.693 JLINK_IsHalted()
T5320 020:334.407 - 0.714ms returns FALSE
T5320 020:334.522 JLINK_IsHalted()
T5320 020:335.244 - 0.720ms returns FALSE
T5320 020:442.605 JLINK_IsHalted()
T5320 020:443.221 - 0.615ms returns FALSE
T5320 020:443.252 JLINK_IsHalted()
T5320 020:443.963 - 0.710ms returns FALSE
T5320 020:551.778 JLINK_IsHalted()
T5320 020:552.563 - 0.784ms returns FALSE
T5320 020:552.583 JLINK_IsHalted()
T5320 020:553.254 - 0.671ms returns FALSE
T5320 020:661.530 JLINK_IsHalted()
T5320 020:662.278 - 0.747ms returns FALSE
T5320 020:662.298 JLINK_IsHalted()
T5320 020:662.917 - 0.618ms returns FALSE
T5320 020:771.125 JLINK_IsHalted()
T5320 020:772.000 - 0.874ms returns FALSE
T5320 020:772.027 JLINK_IsHalted()
T5320 020:772.937 - 0.909ms returns FALSE
T5320 020:880.393 JLINK_IsHalted()
T5320 020:881.011 - 0.618ms returns FALSE
T5320 020:881.031 JLINK_IsHalted()
T5320 020:881.505 - 0.473ms returns FALSE
T5320 020:989.606 JLINK_IsHalted()
T5320 020:990.445 - 0.838ms returns FALSE
T5320 020:990.474 JLINK_IsHalted()
T5320 020:991.226 - 0.749ms returns FALSE
T5320 021:099.367 JLINK_IsHalted()
T5320 021:100.318 - 0.950ms returns FALSE
T5320 021:100.360 JLINK_IsHalted()
T5320 021:101.014 - 0.653ms returns FALSE
T13A0 021:140.213 JLINK_IsHalted()
T13A0 021:140.833 - 0.619ms returns FALSE
T13A0 021:140.890 JLINK_IsHalted()
T13A0 021:141.434 - 0.543ms returns FALSE
T5320 021:207.793 JLINK_IsHalted()
T5320 021:208.752 - 0.958ms returns FALSE
T5320 021:208.781 JLINK_IsHalted()
T5320 021:209.366 - 0.584ms returns FALSE
T5320 021:317.550 JLINK_IsHalted()
T5320 021:318.202 - 0.651ms returns FALSE
T5320 021:318.210 JLINK_IsHalted()
T5320 021:318.781 - 0.569ms returns FALSE
T5320 021:426.923 JLINK_IsHalted()
T5320 021:427.982 - 1.058ms returns FALSE
T5320 021:428.007 JLINK_IsHalted()
T5320 021:428.744 - 0.735ms returns FALSE
T5320 021:536.176 JLINK_IsHalted()
T5320 021:537.267 - 1.089ms returns FALSE
T5320 021:537.315 JLINK_IsHalted()
T5320 021:538.128 - 0.812ms returns FALSE
T5320 021:646.145 JLINK_IsHalted()
T5320 021:647.067 - 0.922ms returns FALSE
T5320 021:647.086 JLINK_IsHalted()
T5320 021:648.052 - 0.965ms returns FALSE
T5320 021:755.360 JLINK_IsHalted()
T5320 021:755.909 - 0.548ms returns FALSE
T5320 021:755.943 JLINK_IsHalted()
T5320 021:756.537 - 0.592ms returns FALSE
T5320 021:864.022 JLINK_IsHalted()
T5320 021:864.905 - 0.882ms returns FALSE
T5320 021:864.934 JLINK_IsHalted()
T5320 021:865.915 - 0.979ms returns FALSE
T5320 021:973.691 JLINK_IsHalted()
T5320 021:974.606 - 0.914ms returns FALSE
T5320 021:974.631 JLINK_IsHalted()
T5320 021:975.398 - 0.766ms returns FALSE
T5320 022:083.799 JLINK_IsHalted()
T5320 022:084.711 - 0.902ms returns FALSE
T5320 022:084.736 JLINK_IsHalted()
T5320 022:085.744 - 1.007ms returns FALSE
T13A0 022:142.075 JLINK_IsHalted()
T13A0 022:142.961 - 0.885ms returns FALSE
T13A0 022:142.973 JLINK_IsHalted()
T13A0 022:143.726 - 0.749ms returns FALSE
T5320 022:192.119 JLINK_IsHalted()
T5320 022:192.801 - 0.681ms returns FALSE
T5320 022:192.827 JLINK_IsHalted()
T5320 022:193.411 - 0.583ms returns FALSE
T5320 022:301.688 JLINK_IsHalted()
T5320 022:302.508 - 0.820ms returns FALSE
T5320 022:302.533 JLINK_IsHalted()
T5320 022:303.339 - 0.804ms returns FALSE
T5320 022:410.867 JLINK_IsHalted()
T5320 022:411.542 - 0.675ms returns FALSE
T5320 022:411.556 JLINK_IsHalted()
T5320 022:412.092 - 0.535ms returns FALSE
T5320 022:520.741 JLINK_IsHalted()
T5320 022:521.398 - 0.656ms returns FALSE
T5320 022:521.422 JLINK_IsHalted()
T5320 022:522.561 - 1.136ms returns FALSE
T5320 022:630.184 JLINK_IsHalted()
T5320 022:630.933 - 0.749ms returns FALSE
T5320 022:630.953 JLINK_IsHalted()
T5320 022:631.633 - 0.679ms returns FALSE
T5320 022:739.540 JLINK_IsHalted()
T5320 022:740.595 - 1.053ms returns FALSE
T5320 022:740.622 JLINK_IsHalted()
T5320 022:741.718 - 1.094ms returns FALSE
T5320 022:848.541 JLINK_IsHalted()
T5320 022:849.214 - 0.672ms returns FALSE
T5320 022:849.232 JLINK_IsHalted()
T5320 022:850.113 - 0.880ms returns FALSE
T5320 022:958.199 JLINK_IsHalted()
T5320 022:958.924 - 0.724ms returns FALSE
T5320 022:958.951 JLINK_IsHalted()
T5320 022:959.634 - 0.682ms returns FALSE
T5320 023:067.259 JLINK_IsHalted()
T5320 023:068.053 - 0.794ms returns FALSE
T5320 023:068.076 JLINK_IsHalted()
T5320 023:068.653 - 0.577ms returns FALSE
T13A0 023:144.920 JLINK_IsHalted()
T13A0 023:146.102 - 1.181ms returns FALSE
T13A0 023:146.126 JLINK_IsHalted()
T13A0 023:147.488 - 1.361ms returns FALSE
T5320 023:177.337 JLINK_IsHalted()
T5320 023:178.317 - 0.978ms returns FALSE
T5320 023:178.339 JLINK_IsHalted()
T5320 023:179.231 - 0.890ms returns FALSE
T5320 023:285.813 JLINK_IsHalted()
T5320 023:286.530 - 0.716ms returns FALSE
T5320 023:286.547 JLINK_IsHalted()
T5320 023:287.277 - 0.729ms returns FALSE
T5320 023:396.069 JLINK_IsHalted()
T5320 023:396.921 - 0.851ms returns FALSE
T5320 023:396.963 JLINK_IsHalted()
T5320 023:397.863 - 0.899ms returns FALSE
T5320 023:505.405 JLINK_IsHalted()
T5320 023:506.209 - 0.803ms returns FALSE
T5320 023:506.239 JLINK_IsHalted()
T5320 023:507.070 - 0.829ms returns FALSE
T5320 023:614.278 JLINK_IsHalted()
T5320 023:615.494 - 1.215ms returns FALSE
T5320 023:615.516 JLINK_IsHalted()
T5320 023:616.342 - 0.825ms returns FALSE
T5320 023:723.384 JLINK_IsHalted()
T5320 023:724.676 - 1.291ms returns FALSE
T5320 023:724.717 JLINK_IsHalted()
T5320 023:725.750 - 1.032ms returns FALSE
T5320 023:833.329 JLINK_IsHalted()
T5320 023:834.081 - 0.751ms returns FALSE
T5320 023:834.099 JLINK_IsHalted()
T5320 023:834.773 - 0.674ms returns FALSE
T5320 023:942.213 JLINK_IsHalted()
T5320 023:942.863 - 0.648ms returns FALSE
T5320 023:942.882 JLINK_IsHalted()
T5320 023:943.805 - 0.922ms returns FALSE
T5320 024:051.752 JLINK_IsHalted()
T5320 024:052.471 - 0.718ms returns FALSE
T5320 024:052.491 JLINK_IsHalted()
T5320 024:053.266 - 0.774ms returns FALSE
T13A0 024:147.730 JLINK_IsHalted()
T13A0 024:148.512 - 0.781ms returns FALSE
T13A0 024:148.535 JLINK_IsHalted()
T13A0 024:149.386 - 0.847ms returns FALSE
T5320 024:161.547 JLINK_IsHalted()
T5320 024:162.490 - 0.941ms returns FALSE
T5320 024:162.513 JLINK_IsHalted()
T5320 024:163.381 - 0.867ms returns FALSE
T5320 024:270.342 JLINK_IsHalted()
T5320 024:271.185 - 0.842ms returns FALSE
T5320 024:271.218 JLINK_IsHalted()
T5320 024:271.989 - 0.769ms returns FALSE
T5320 024:379.870 JLINK_IsHalted()
T5320 024:380.930 - 1.057ms returns FALSE
T5320 024:380.959 JLINK_IsHalted()
T5320 024:381.558 - 0.598ms returns FALSE
T5320 024:489.614 JLINK_IsHalted()
T5320 024:490.599 - 0.985ms returns FALSE
T5320 024:490.625 JLINK_IsHalted()
T5320 024:491.270 - 0.644ms returns FALSE
T5320 024:598.366 JLINK_IsHalted()
T5320 024:599.145 - 0.778ms returns FALSE
T5320 024:599.163 JLINK_IsHalted()
T5320 024:599.885 - 0.722ms returns FALSE
T5320 024:708.489 JLINK_IsHalted()
T5320 024:709.304 - 0.814ms returns FALSE
T5320 024:709.326 JLINK_IsHalted()
T5320 024:710.457 - 1.130ms returns FALSE
T5320 024:817.036 JLINK_IsHalted()
T5320 024:817.709 - 0.672ms returns FALSE
T5320 024:817.718 JLINK_IsHalted()
T5320 024:818.353 - 0.635ms returns FALSE
T5320 024:926.595 JLINK_IsHalted()
T5320 024:927.518 - 0.922ms returns FALSE
T5320 024:927.547 JLINK_IsHalted()
T5320 024:928.519 - 0.970ms returns FALSE
T5320 025:036.508 JLINK_IsHalted()
T5320 025:037.141 - 0.633ms returns FALSE
T5320 025:037.172 JLINK_IsHalted()
T5320 025:037.760 - 0.586ms returns FALSE
T5320 025:145.963 JLINK_IsHalted()
T5320 025:146.859 - 0.896ms returns FALSE
T5320 025:146.895 JLINK_IsHalted()
T5320 025:147.949 - 1.052ms returns FALSE
T13A0 025:150.565 JLINK_IsHalted()
T13A0 025:151.364 - 0.797ms returns FALSE
T13A0 025:151.386 JLINK_IsHalted()
T13A0 025:152.238 - 0.851ms returns FALSE
T5320 025:255.238 JLINK_IsHalted()
T5320 025:255.859 - 0.619ms returns FALSE
T5320 025:255.883 JLINK_IsHalted()
T5320 025:256.561 - 0.677ms returns FALSE
T5320 025:364.392 JLINK_IsHalted()
T5320 025:365.366 - 0.973ms returns FALSE
T5320 025:365.390 JLINK_IsHalted()
T5320 025:366.144 - 0.751ms returns FALSE
T5320 025:473.923 JLINK_IsHalted()
T5320 025:474.574 - 0.651ms returns FALSE
T5320 025:474.584 JLINK_IsHalted()
T5320 025:475.147 - 0.563ms returns FALSE
T5320 025:583.237 JLINK_IsHalted()
T5320 025:584.269 - 1.031ms returns FALSE
T5320 025:584.304 JLINK_IsHalted()
T5320 025:585.160 - 0.855ms returns FALSE
T5320 025:692.880 JLINK_IsHalted()
T5320 025:693.595 - 0.715ms returns FALSE
T5320 025:693.608 JLINK_IsHalted()
T5320 025:694.225 - 0.616ms returns FALSE
T5320 025:801.745 JLINK_IsHalted()
T5320 025:802.693 - 0.946ms returns FALSE
T5320 025:802.710 JLINK_IsHalted()
T5320 025:803.670 - 0.959ms returns FALSE
T5320 025:911.426 JLINK_IsHalted()
T5320 025:912.478 - 1.050ms returns FALSE
T5320 025:912.541 JLINK_IsHalted()
T5320 025:913.432 - 0.890ms returns FALSE
T5320 026:021.038 JLINK_IsHalted()
T5320 026:021.881 - 0.841ms returns FALSE
T5320 026:021.913 JLINK_IsHalted()
T5320 026:022.736 - 0.821ms returns FALSE
T5320 026:129.891 JLINK_IsHalted()
T5320 026:130.965 - 1.073ms returns FALSE
T5320 026:130.984 JLINK_IsHalted()
T5320 026:131.685 - 0.700ms returns FALSE
T13A0 026:152.972 JLINK_IsHalted()
T13A0 026:153.715 - 0.742ms returns FALSE
T13A0 026:153.734 JLINK_IsHalted()
T13A0 026:154.460 - 0.724ms returns FALSE
T5320 026:239.270 JLINK_IsHalted()
T5320 026:240.070 - 0.798ms returns FALSE
T5320 026:240.117 JLINK_IsHalted()
T5320 026:240.935 - 0.815ms returns FALSE
T5320 026:348.986 JLINK_IsHalted()
T5320 026:349.764 - 0.777ms returns FALSE
T5320 026:349.795 JLINK_IsHalted()
T5320 026:350.817 - 1.022ms returns FALSE
T5320 026:458.345 JLINK_IsHalted()
T5320 026:459.264 - 0.919ms returns FALSE
T5320 026:459.282 JLINK_IsHalted()
T5320 026:460.224 - 0.941ms returns FALSE
T5320 026:567.082 JLINK_IsHalted()
T5320 026:567.776 - 0.693ms returns FALSE
T5320 026:567.785 JLINK_IsHalted()
T5320 026:568.337 - 0.551ms returns FALSE
T5320 026:676.920 JLINK_IsHalted()
T5320 026:677.723 - 0.802ms returns FALSE
T5320 026:677.747 JLINK_IsHalted()
T5320 026:678.529 - 0.782ms returns FALSE
T5320 026:786.049 JLINK_IsHalted()
T5320 026:787.072 - 1.022ms returns FALSE
T5320 026:787.092 JLINK_IsHalted()
T5320 026:787.921 - 0.827ms returns FALSE
T5320 026:895.445 JLINK_IsHalted()
T5320 026:896.442 - 0.996ms returns FALSE
T5320 026:896.474 JLINK_IsHalted()
T5320 026:897.310 - 0.835ms returns FALSE
T5320 027:005.007 JLINK_IsHalted()
T5320 027:005.870 - 0.861ms returns FALSE
T5320 027:005.899 JLINK_IsHalted()
T5320 027:006.803 - 0.903ms returns FALSE
T5320 027:114.213 JLINK_IsHalted()
T5320 027:115.083 - 0.869ms returns FALSE
T5320 027:115.105 JLINK_IsHalted()
T5320 027:115.927 - 0.821ms returns FALSE
T13A0 027:155.614 JLINK_IsHalted()
T13A0 027:156.331 - 0.716ms returns FALSE
T13A0 027:156.356 JLINK_IsHalted()
T13A0 027:156.972 - 0.616ms returns FALSE
T5320 027:224.775 JLINK_IsHalted()
T5320 027:225.604 - 0.828ms returns FALSE
T5320 027:225.630 JLINK_IsHalted()
T5320 027:226.396 - 0.764ms returns FALSE
T5320 027:333.334 JLINK_IsHalted()
T5320 027:334.156 - 0.820ms returns FALSE
T5320 027:334.203 JLINK_IsHalted()
T5320 027:335.114 - 0.909ms returns FALSE
T5320 027:442.885 JLINK_IsHalted()
T5320 027:443.608 - 0.723ms returns FALSE
T5320 027:443.627 JLINK_IsHalted()
T5320 027:444.328 - 0.699ms returns FALSE
T5320 027:552.290 JLINK_IsHalted()
T5320 027:553.207 - 0.916ms returns FALSE
T5320 027:553.226 JLINK_IsHalted()
T5320 027:554.218 - 0.991ms returns FALSE
T5320 027:661.004 JLINK_IsHalted()
T5320 027:661.991 - 0.986ms returns FALSE
T5320 027:662.015 JLINK_IsHalted()
T5320 027:662.933 - 0.917ms returns FALSE
T5320 027:770.743 JLINK_IsHalted()
T5320 027:771.598 - 0.853ms returns FALSE
T5320 027:771.629 JLINK_IsHalted()
T5320 027:772.455 - 0.824ms returns FALSE
T5320 027:879.556 JLINK_IsHalted()
T5320 027:880.286 - 0.729ms returns FALSE
T5320 027:880.314 JLINK_IsHalted()
T5320 027:880.938 - 0.623ms returns FALSE
T5320 027:989.216 JLINK_IsHalted()
T5320 027:990.106 - 0.889ms returns FALSE
T5320 027:990.137 JLINK_IsHalted()
T5320 027:990.924 - 0.786ms returns FALSE
T5320 028:098.268 JLINK_IsHalted()
T5320 028:098.989 - 0.720ms returns FALSE
T5320 028:099.002 JLINK_IsHalted()
T5320 028:099.583 - 0.581ms returns FALSE
T13A0 028:157.929 JLINK_IsHalted()
T13A0 028:158.882 - 0.952ms returns FALSE
T13A0 028:158.920 JLINK_IsHalted()
T13A0 028:159.970 - 1.049ms returns FALSE
T5320 028:208.185 JLINK_IsHalted()
T5320 028:209.137 - 0.951ms returns FALSE
T5320 028:209.175 JLINK_IsHalted()
T5320 028:210.157 - 0.981ms returns FALSE
T5320 028:317.571 JLINK_IsHalted()
T5320 028:318.222 - 0.650ms returns FALSE
T5320 028:318.249 JLINK_IsHalted()
T5320 028:318.972 - 0.723ms returns FALSE
T5320 028:426.563 JLINK_IsHalted()
T5320 028:427.548 - 0.984ms returns FALSE
T5320 028:427.571 JLINK_IsHalted()
T5320 028:428.530 - 0.958ms returns FALSE
T5320 028:536.062 JLINK_IsHalted()
T5320 028:537.118 - 1.055ms returns FALSE
T5320 028:537.138 JLINK_IsHalted()
T5320 028:538.232 - 1.093ms returns FALSE
T5320 028:645.836 JLINK_IsHalted()
T5320 028:646.824 - 0.987ms returns FALSE
T5320 028:646.847 JLINK_IsHalted()
T5320 028:647.739 - 0.891ms returns FALSE
T5320 028:755.046 JLINK_IsHalted()
T5320 028:755.810 - 0.762ms returns FALSE
T5320 028:755.832 JLINK_IsHalted()
T5320 028:756.478 - 0.644ms returns FALSE
T5320 028:864.027 JLINK_IsHalted()
T5320 028:864.935 - 0.907ms returns FALSE
T5320 028:864.954 JLINK_IsHalted()
T5320 028:865.985 - 1.030ms returns FALSE
T5320 028:973.930 JLINK_IsHalted()
T5320 028:974.802 - 0.871ms returns FALSE
T5320 028:974.825 JLINK_IsHalted()
T5320 028:975.575 - 0.749ms returns FALSE
T5320 029:083.346 JLINK_IsHalted()
T5320 029:084.032 - 0.686ms returns FALSE
T5320 029:084.042 JLINK_IsHalted()
T5320 029:084.711 - 0.669ms returns FALSE
T13A0 029:160.537 JLINK_IsHalted()
T13A0 029:161.465 - 0.927ms returns FALSE
T13A0 029:161.499 JLINK_IsHalted()
T13A0 029:162.325 - 0.825ms returns FALSE
T5320 029:192.603 JLINK_IsHalted()
T5320 029:193.589 - 0.986ms returns FALSE
T5320 029:193.609 JLINK_IsHalted()
T5320 029:194.653 - 1.042ms returns FALSE
T5320 029:302.318 JLINK_IsHalted()
T5320 029:303.316 - 0.997ms returns FALSE
T5320 029:303.339 JLINK_IsHalted()
T5320 029:304.040 - 0.699ms returns FALSE
T5320 029:411.310 JLINK_IsHalted()
T5320 029:412.085 - 0.776ms returns FALSE
T5320 029:412.095 JLINK_IsHalted()
T5320 029:412.839 - 0.743ms returns FALSE
T5320 029:520.128 JLINK_IsHalted()
T5320 029:520.798 - 0.669ms returns FALSE
T5320 029:520.811 JLINK_IsHalted()
T5320 029:521.473 - 0.661ms returns FALSE
T5320 029:629.474 JLINK_IsHalted()
T5320 029:630.486 - 1.012ms returns FALSE
T5320 029:630.496 JLINK_IsHalted()
T5320 029:631.430 - 0.932ms returns FALSE
T5320 029:739.578 JLINK_IsHalted()
T5320 029:740.552 - 0.973ms returns FALSE
T5320 029:740.572 JLINK_IsHalted()
T5320 029:741.534 - 0.962ms returns FALSE
T5320 029:848.584 JLINK_IsHalted()
T5320 029:849.289 - 0.704ms returns FALSE
T5320 029:849.306 JLINK_IsHalted()
T5320 029:850.115 - 0.807ms returns FALSE
T5320 029:957.956 JLINK_IsHalted()
T5320 029:958.881 - 0.924ms returns FALSE
T5320 029:958.918 JLINK_IsHalted()
T5320 029:959.805 - 0.886ms returns FALSE
T5320 030:067.787 JLINK_IsHalted()
T5320 030:068.492 - 0.703ms returns FALSE
T5320 030:068.533 JLINK_IsHalted()
T5320 030:069.289 - 0.755ms returns FALSE
T13A0 030:163.679 JLINK_IsHalted()
T13A0 030:164.547 - 0.867ms returns FALSE
T13A0 030:164.569 JLINK_IsHalted()
T13A0 030:165.310 - 0.737ms returns FALSE
T5320 030:176.545 JLINK_IsHalted()
T5320 030:177.427 - 0.881ms returns FALSE
T5320 030:177.444 JLINK_IsHalted()
T5320 030:178.398 - 0.953ms returns FALSE
T5320 030:286.478 JLINK_IsHalted()
T5320 030:287.453 - 0.974ms returns FALSE
T5320 030:287.489 JLINK_IsHalted()
T5320 030:288.413 - 0.923ms returns FALSE
T5320 030:395.984 JLINK_IsHalted()
T5320 030:396.907 - 0.922ms returns FALSE
T5320 030:396.926 JLINK_IsHalted()
T5320 030:397.785 - 0.857ms returns FALSE
T5320 030:505.390 JLINK_IsHalted()
T5320 030:506.125 - 0.734ms returns FALSE
T5320 030:506.149 JLINK_IsHalted()
T5320 030:506.882 - 0.732ms returns FALSE
T5320 030:614.721 JLINK_IsHalted()
T5320 030:615.667 - 0.945ms returns FALSE
T5320 030:615.687 JLINK_IsHalted()
T5320 030:616.636 - 0.948ms returns FALSE
T5320 030:724.516 JLINK_IsHalted()
T5320 030:725.412 - 0.894ms returns FALSE
T5320 030:725.444 JLINK_IsHalted()
T5320 030:726.377 - 0.931ms returns FALSE
T5320 030:832.686 JLINK_IsHalted()
T5320 030:833.725 - 1.038ms returns FALSE
T5320 030:833.753 JLINK_IsHalted()
T5320 030:834.714 - 0.960ms returns FALSE
T5320 030:942.433 JLINK_IsHalted()
T5320 030:943.163 - 0.729ms returns FALSE
T5320 030:943.177 JLINK_IsHalted()
T5320 030:943.874 - 0.696ms returns FALSE
T5320 031:052.133 JLINK_IsHalted()
T5320 031:053.289 - 1.155ms returns FALSE
T5320 031:053.309 JLINK_IsHalted()
T5320 031:054.265 - 0.955ms returns FALSE
T5320 031:161.155 JLINK_IsHalted()
T5320 031:162.060 - 0.904ms returns FALSE
T5320 031:162.077 JLINK_IsHalted()
T5320 031:162.897 - 0.818ms returns FALSE
T13A0 031:165.312 JLINK_IsHalted()
T13A0 031:166.077 - 0.765ms returns FALSE
T13A0 031:166.094 JLINK_IsHalted()
T13A0 031:166.870 - 0.775ms returns FALSE
T5320 031:271.068 JLINK_IsHalted()
T5320 031:272.113 - 1.044ms returns FALSE
T5320 031:272.142 JLINK_IsHalted()
T5320 031:272.957 - 0.814ms returns FALSE
T5320 031:379.637 JLINK_IsHalted()
T5320 031:380.514 - 0.876ms returns FALSE
T5320 031:380.540 JLINK_IsHalted()
T5320 031:381.630 - 1.089ms returns FALSE
T5320 031:489.736 JLINK_IsHalted()
T5320 031:490.993 - 1.256ms returns FALSE
T5320 031:491.031 JLINK_IsHalted()
T5320 031:491.750 - 0.717ms returns FALSE
T5320 031:598.553 JLINK_IsHalted()
T5320 031:599.521 - 0.966ms returns FALSE
T5320 031:599.540 JLINK_IsHalted()
T5320 031:600.255 - 0.712ms returns FALSE
T5320 031:708.464 JLINK_IsHalted()
T5320 031:709.337 - 0.871ms returns FALSE
T5320 031:709.366 JLINK_IsHalted()
T5320 031:710.385 - 1.018ms returns FALSE
T5320 031:817.707 JLINK_IsHalted()
T5320 031:818.408 - 0.701ms returns FALSE
T5320 031:818.426 JLINK_IsHalted()
T5320 031:819.019 - 0.592ms returns FALSE
T5320 031:927.336 JLINK_IsHalted()
T5320 031:928.229 - 0.892ms returns FALSE
T5320 031:928.276 JLINK_IsHalted()
T5320 031:929.102 - 0.826ms returns FALSE
T5320 032:036.168 JLINK_IsHalted()
T5320 032:037.142 - 0.973ms returns FALSE
T5320 032:037.173 JLINK_IsHalted()
T5320 032:038.039 - 0.865ms returns FALSE
T5320 032:145.409 JLINK_IsHalted()
T5320 032:146.327 - 0.918ms returns FALSE
T5320 032:146.339 JLINK_IsHalted()
T5320 032:147.113 - 0.774ms returns FALSE
T13A0 032:167.620 JLINK_IsHalted()
T13A0 032:168.314 - 0.694ms returns FALSE
T13A0 032:168.323 JLINK_IsHalted()
T13A0 032:168.962 - 0.638ms returns FALSE
T5320 032:254.743 JLINK_IsHalted()
T5320 032:255.507 - 0.762ms returns FALSE
T5320 032:255.538 JLINK_IsHalted()
T5320 032:256.226 - 0.686ms returns FALSE
T5320 032:364.106 JLINK_IsHalted()
T5320 032:365.005 - 0.898ms returns FALSE
T5320 032:365.015 JLINK_IsHalted()
T5320 032:365.790 - 0.775ms returns FALSE
T5320 032:474.463 JLINK_IsHalted()
T5320 032:475.379 - 0.915ms returns FALSE
T5320 032:475.396 JLINK_IsHalted()
T5320 032:476.469 - 1.071ms returns FALSE
T5320 032:583.399 JLINK_IsHalted()
T5320 032:584.078 - 0.678ms returns FALSE
T5320 032:584.101 JLINK_IsHalted()
T5320 032:585.166 - 1.063ms returns FALSE
T5320 032:692.971 JLINK_IsHalted()
T5320 032:693.722 - 0.749ms returns FALSE
T5320 032:693.739 JLINK_IsHalted()
T5320 032:694.343 - 0.603ms returns FALSE
T5320 032:801.511 JLINK_IsHalted()
T5320 032:802.444 - 0.931ms returns FALSE
T5320 032:802.479 JLINK_IsHalted()
T5320 032:803.217 - 0.737ms returns FALSE
T5320 032:911.674 JLINK_IsHalted()
T5320 032:912.594 - 0.918ms returns FALSE
T5320 032:912.617 JLINK_IsHalted()
T5320 032:913.636 - 1.017ms returns FALSE
T5320 033:021.322 JLINK_IsHalted()
T5320 033:022.123 - 0.799ms returns FALSE
T5320 033:022.167 JLINK_IsHalted()
T5320 033:023.040 - 0.870ms returns FALSE
T5320 033:130.277 JLINK_IsHalted()
T5320 033:131.030 - 0.751ms returns FALSE
T5320 033:131.058 JLINK_IsHalted()
T5320 033:131.852 - 0.793ms returns FALSE
T13A0 033:168.625 JLINK_IsHalted()
T13A0 033:169.271 - 0.644ms returns FALSE
T13A0 033:169.321 JLINK_IsHalted()
T13A0 033:169.970 - 0.649ms returns FALSE
T5320 033:239.626 JLINK_IsHalted()
T5320 033:240.638 - 1.012ms returns FALSE
T5320 033:240.715 JLINK_IsHalted()
T5320 033:241.676 - 0.961ms returns FALSE
T5320 033:348.667 JLINK_IsHalted()
T5320 033:349.520 - 0.852ms returns FALSE
T5320 033:349.559 JLINK_IsHalted()
T5320 033:350.225 - 0.665ms returns FALSE
T5320 033:458.075 JLINK_IsHalted()
T5320 033:458.984 - 0.908ms returns FALSE
T5320 033:459.007 JLINK_IsHalted()
T5320 033:459.986 - 0.978ms returns FALSE
T5320 033:567.805 JLINK_IsHalted()
T5320 033:568.683 - 0.877ms returns FALSE
T5320 033:568.705 JLINK_IsHalted()
T5320 033:569.252 - 0.546ms returns FALSE
T5320 033:676.863 JLINK_IsHalted()
T5320 033:677.896 - 1.031ms returns FALSE
T5320 033:677.923 JLINK_IsHalted()
T5320 033:678.770 - 0.846ms returns FALSE
T5320 033:786.722 JLINK_IsHalted()
T5320 033:787.333 - 0.609ms returns FALSE
T5320 033:787.382 JLINK_IsHalted()
T5320 033:787.945 - 0.563ms returns FALSE
T5320 033:896.010 JLINK_IsHalted()
T5320 033:896.850 - 0.838ms returns FALSE
T5320 033:896.889 JLINK_IsHalted()
T5320 033:897.690 - 0.800ms returns FALSE
T5320 034:004.854 JLINK_IsHalted()
T5320 034:005.632 - 0.777ms returns FALSE
T5320 034:005.654 JLINK_IsHalted()
T5320 034:006.252 - 0.596ms returns FALSE
T5320 034:114.540 JLINK_IsHalted()
T5320 034:115.498 - 0.958ms returns FALSE
T5320 034:115.517 JLINK_IsHalted()
T5320 034:116.489 - 0.971ms returns FALSE
T13A0 034:170.768 JLINK_IsHalted()
T13A0 034:171.895 - 1.124ms returns FALSE
T13A0 034:171.956 JLINK_IsHalted()
T13A0 034:173.129 - 1.171ms returns FALSE
T5320 034:223.361 JLINK_IsHalted()
T5320 034:224.332 - 0.970ms returns FALSE
T5320 034:224.354 JLINK_IsHalted()
T5320 034:225.292 - 0.936ms returns FALSE
T5320 034:333.472 JLINK_IsHalted()
T5320 034:334.388 - 0.914ms returns FALSE
T5320 034:334.407 JLINK_IsHalted()
T5320 034:335.317 - 0.909ms returns FALSE
T5320 034:442.561 JLINK_IsHalted()
T5320 034:443.272 - 0.711ms returns FALSE
T5320 034:443.288 JLINK_IsHalted()
T5320 034:444.057 - 0.768ms returns FALSE
T5320 034:552.398 JLINK_IsHalted()
T5320 034:553.269 - 0.871ms returns FALSE
T5320 034:553.304 JLINK_IsHalted()
T5320 034:554.010 - 0.704ms returns FALSE
T5320 034:661.334 JLINK_IsHalted()
T5320 034:662.267 - 0.932ms returns FALSE
T5320 034:662.298 JLINK_IsHalted()
T5320 034:663.132 - 0.833ms returns FALSE
T5320 034:771.121 JLINK_IsHalted()
T5320 034:771.993 - 0.870ms returns FALSE
T5320 034:772.042 JLINK_IsHalted()
T5320 034:772.891 - 0.846ms returns FALSE
T5320 034:880.116 JLINK_IsHalted()
T5320 034:880.955 - 0.838ms returns FALSE
T5320 034:880.968 JLINK_IsHalted()
T5320 034:881.662 - 0.694ms returns FALSE
T5320 034:988.999 JLINK_IsHalted()
T5320 034:990.131 - 1.131ms returns FALSE
T5320 034:990.171 JLINK_IsHalted()
T5320 034:990.995 - 0.823ms returns FALSE
T5320 035:098.451 JLINK_IsHalted()
T5320 035:099.251 - 0.799ms returns FALSE
T5320 035:099.343 JLINK_IsHalted()
T5320 035:100.266 - 0.921ms returns FALSE
T13A0 035:173.510 JLINK_IsHalted()
T13A0 035:174.251 - 0.741ms returns FALSE
T13A0 035:174.265 JLINK_IsHalted()
T13A0 035:174.959 - 0.693ms returns FALSE
T5320 035:208.034 JLINK_IsHalted()
T5320 035:208.692 - 0.657ms returns FALSE
T5320 035:208.709 JLINK_IsHalted()
T5320 035:209.436 - 0.726ms returns FALSE
T5320 035:317.524 JLINK_IsHalted()
T5320 035:318.411 - 0.886ms returns FALSE
T5320 035:318.422 JLINK_IsHalted()
T5320 035:319.183 - 0.761ms returns FALSE
T5320 035:427.072 JLINK_IsHalted()
T5320 035:428.114 - 1.042ms returns FALSE
T5320 035:428.230 JLINK_IsHalted()
T5320 035:429.454 - 1.223ms returns FALSE
T5320 035:536.475 JLINK_IsHalted()
T5320 035:537.352 - 0.876ms returns FALSE
T5320 035:537.390 JLINK_IsHalted()
T5320 035:538.263 - 0.871ms returns FALSE
T5320 035:645.715 JLINK_IsHalted()
T5320 035:646.652 - 0.936ms returns FALSE
T5320 035:646.668 JLINK_IsHalted()
T5320 035:647.540 - 0.871ms returns FALSE
T5320 035:754.509 JLINK_IsHalted()
T5320 035:755.376 - 0.897ms returns FALSE
T5320 035:755.408 JLINK_IsHalted()
T5320 035:756.212 - 0.800ms returns FALSE
T5320 035:864.637 JLINK_IsHalted()
T5320 035:865.492 - 0.854ms returns FALSE
T5320 035:865.515 JLINK_IsHalted()
T5320 035:866.405 - 0.889ms returns FALSE
T5320 035:973.646 JLINK_IsHalted()
T5320 035:974.474 - 0.827ms returns FALSE
T5320 035:974.495 JLINK_IsHalted()
T5320 035:975.216 - 0.721ms returns FALSE
T5320 036:082.926 JLINK_IsHalted()
T5320 036:083.719 - 0.792ms returns FALSE
T5320 036:083.764 JLINK_IsHalted()
T5320 036:084.378 - 0.613ms returns FALSE
T13A0 036:175.114 JLINK_IsHalted()
T13A0 036:176.027 - 0.912ms returns FALSE
T13A0 036:176.046 JLINK_IsHalted()
T13A0 036:176.886 - 0.839ms returns FALSE
T5320 036:192.132 JLINK_IsHalted()
T5320 036:193.172 - 1.040ms returns FALSE
T5320 036:193.195 JLINK_IsHalted()
T5320 036:193.827 - 0.631ms returns FALSE
T5320 036:301.890 JLINK_IsHalted()
T5320 036:302.771 - 0.879ms returns FALSE
T5320 036:302.794 JLINK_IsHalted()
T5320 036:303.666 - 0.871ms returns FALSE
T5320 036:411.237 JLINK_IsHalted()
T5320 036:412.113 - 0.874ms returns FALSE
T5320 036:412.156 JLINK_IsHalted()
T5320 036:413.063 - 0.906ms returns FALSE
T5320 036:520.934 JLINK_IsHalted()
T5320 036:521.648 - 0.713ms returns FALSE
T5320 036:521.681 JLINK_IsHalted()
T5320 036:522.446 - 0.764ms returns FALSE
T5320 036:629.479 JLINK_IsHalted()
T5320 036:630.222 - 0.741ms returns FALSE
T5320 036:630.272 JLINK_IsHalted()
T5320 036:630.914 - 0.641ms returns FALSE
T5320 036:739.168 JLINK_IsHalted()
T5320 036:740.262 - 1.092ms returns FALSE
T5320 036:740.312 JLINK_IsHalted()
T5320 036:741.036 - 0.723ms returns FALSE
T5320 036:848.742 JLINK_IsHalted()
T5320 036:849.450 - 0.707ms returns FALSE
T5320 036:849.476 JLINK_IsHalted()
T5320 036:850.237 - 0.760ms returns FALSE
T5320 036:957.964 JLINK_IsHalted()
T5320 036:958.766 - 0.801ms returns FALSE
T5320 036:958.786 JLINK_IsHalted()
T5320 036:959.511 - 0.724ms returns FALSE
T5320 037:067.353 JLINK_IsHalted()
T5320 037:068.073 - 0.719ms returns FALSE
T5320 037:068.085 JLINK_IsHalted()
T5320 037:068.775 - 0.689ms returns FALSE
T5320 037:176.920 JLINK_IsHalted()
T5320 037:177.728 - 0.807ms returns FALSE
T5320 037:177.758 JLINK_IsHalted()
T5320 037:178.509 - 0.750ms returns FALSE
T13A0 037:178.660 JLINK_IsHalted()
T13A0 037:179.410 - 0.750ms returns FALSE
T13A0 037:179.431 JLINK_IsHalted()
T13A0 037:180.354 - 0.922ms returns FALSE
T5320 037:286.105 JLINK_IsHalted()
T5320 037:287.035 - 0.929ms returns FALSE
T5320 037:287.068 JLINK_IsHalted()
T5320 037:287.869 - 0.799ms returns FALSE
T5320 037:396.122 JLINK_IsHalted()
T5320 037:396.955 - 0.833ms returns FALSE
T5320 037:396.993 JLINK_IsHalted()
T5320 037:397.644 - 0.649ms returns FALSE
T5320 037:505.088 JLINK_IsHalted()
T5320 037:506.148 - 1.058ms returns FALSE
T5320 037:506.185 JLINK_IsHalted()
T5320 037:506.805 - 0.618ms returns FALSE
T5320 037:614.230 JLINK_IsHalted()
T5320 037:614.997 - 0.766ms returns FALSE
T5320 037:615.018 JLINK_IsHalted()
T5320 037:615.751 - 0.733ms returns FALSE
T5320 037:723.339 JLINK_IsHalted()
T5320 037:724.250 - 0.910ms returns FALSE
T5320 037:724.353 JLINK_IsHalted()
T5320 037:725.512 - 1.157ms returns FALSE
T5320 037:833.491 JLINK_IsHalted()
T5320 037:834.487 - 0.996ms returns FALSE
T5320 037:834.507 JLINK_IsHalted()
T5320 037:835.215 - 0.707ms returns FALSE
T5320 037:942.013 JLINK_IsHalted()
T5320 037:942.852 - 0.839ms returns FALSE
T5320 037:942.868 JLINK_IsHalted()
T5320 037:943.676 - 0.807ms returns FALSE
T5320 038:051.844 JLINK_IsHalted()
T5320 038:053.299 - 1.455ms returns FALSE
T5320 038:053.324 JLINK_IsHalted()
T5320 038:053.990 - 0.664ms returns FALSE
T5320 038:161.147 JLINK_IsHalted()
T5320 038:161.982 - 0.835ms returns FALSE
T5320 038:162.002 JLINK_IsHalted()
T5320 038:162.971 - 0.968ms returns FALSE
T13A0 038:181.952 JLINK_IsHalted()
T13A0 038:182.680 - 0.728ms returns FALSE
T13A0 038:182.696 JLINK_IsHalted()
T13A0 038:183.432 - 0.735ms returns FALSE
T5320 038:270.818 JLINK_IsHalted()
T5320 038:271.748 - 0.929ms returns FALSE
T5320 038:271.775 JLINK_IsHalted()
T5320 038:272.448 - 0.672ms returns FALSE
T5320 038:380.507 JLINK_IsHalted()
T5320 038:381.374 - 0.866ms returns FALSE
T5320 038:381.392 JLINK_IsHalted()
T5320 038:382.213 - 0.820ms returns FALSE
T5320 038:489.102 JLINK_IsHalted()
T5320 038:490.056 - 0.953ms returns FALSE
T5320 038:490.075 JLINK_IsHalted()
T5320 038:491.059 - 0.983ms returns FALSE
T395C 039:098.936 JLINK_Halt()
T395C 039:117.184 - 18.247ms returns 0x00
T395C 039:117.216 JLINK_ReadReg(AARCH32_CPSR)
T395C 039:117.884 - 0.667ms returns 0x20000033
T395C 039:128.188 JLINK_Close()
T395C 039:153.458 - 25.269ms
T395C 039:153.501   
T395C 039:153.509   Closed
